<?xml version="1.0" encoding="UTF-8"?>
<robot generator="Robot 7.0 (Python 3.12.1 on win32)" generated="2024-02-26T13:19:58.516164" rpa="false" schemaversion="5">
<suite id="s1" name="Home-Page" source="c:\Users\v8\Desktop\projeto-teste-twitter\teste-case-tt\testes\home-page.robot">
<test id="s1-t1" name="Verificar se o usuario consegue realizar uma nova postagem" line="15">
<kw name="Dado que eu acesse o site do twitter" owner="setupteardown" type="SETUP">
<kw name="Open Browser" owner="SeleniumLibrary">
<msg time="2024-02-26T13:19:59.536077" level="INFO">Opening browser 'chrome' to base url 'https://twitter.com/'.</msg>
<arg>url=${URL}</arg>
<arg>browser=chrome</arg>
<doc>Opens a new browser instance to the optional ``url``.</doc>
<status status="PASS" start="2024-02-26T13:19:59.536077" elapsed="3.854967"/>
</kw>
<status status="PASS" start="2024-02-26T13:19:59.536077" elapsed="3.854967"/>
</kw>
<kw name="Quando o usuario tentar entrar com as credenciais corretas" owner="login_page">
<kw name="Wait Until Element Is Visible" owner="SeleniumLibrary">
<arg>${BOTAO-ENTRAR}</arg>
<doc>Waits until the element ``locator`` is visible.</doc>
<status status="PASS" start="2024-02-26T13:20:03.392181" elapsed="0.685394"/>
</kw>
<kw name="Scroll Element Into View" owner="SeleniumLibrary">
<arg>${BOTAO-ENTRAR}</arg>
<doc>Scrolls the element identified by ``locator`` into view.</doc>
<status status="PASS" start="2024-02-26T13:20:04.077575" elapsed="0.342997"/>
</kw>
<kw name="Click Element" owner="SeleniumLibrary">
<msg time="2024-02-26T13:20:04.420572" level="INFO">Clicking element '//*[@href="/login"]'.</msg>
<arg>${BOTAO-ENTRAR}</arg>
<doc>Click the element identified by ``locator``.</doc>
<status status="PASS" start="2024-02-26T13:20:04.420572" elapsed="0.134950"/>
</kw>
<kw name="Wait Until Element Is Enabled" owner="SeleniumLibrary">
<arg>${INPUT-USER}</arg>
<doc>Waits until the element ``locator`` is enabled.</doc>
<status status="PASS" start="2024-02-26T13:20:04.560301" elapsed="1.333037"/>
</kw>
<kw name="Input Text" owner="SeleniumLibrary">
<msg time="2024-02-26T13:20:05.893338" level="INFO">Typing text 'usuariomatteste' into text field '//*[@autocomplete="username"]'.</msg>
<arg>${INPUT-USER}</arg>
<arg>usuariomatteste</arg>
<doc>Types the given ``text`` into the text field identified by ``locator``.</doc>
<status status="PASS" start="2024-02-26T13:20:05.893338" elapsed="0.343036"/>
</kw>
<kw name="Click Element" owner="SeleniumLibrary">
<msg time="2024-02-26T13:20:06.236374" level="INFO">Clicking element '//*[text()="Avançar"]'.</msg>
<arg>${BOTAO-AVANCAR}</arg>
<doc>Click the element identified by ``locator``.</doc>
<status status="PASS" start="2024-02-26T13:20:06.236374" elapsed="0.084234"/>
</kw>
<kw name="Wait Until Element Is Visible" owner="SeleniumLibrary">
<arg>${INPUT-SENHA}</arg>
<doc>Waits until the element ``locator`` is visible.</doc>
<status status="PASS" start="2024-02-26T13:20:06.321855" elapsed="0.712092"/>
</kw>
<kw name="Input Text" owner="SeleniumLibrary">
<msg time="2024-02-26T13:20:07.033947" level="INFO">Typing text 'teste@1234' into text field '//*[@autocomplete="current-password"]'.</msg>
<arg>${INPUT-SENHA}</arg>
<arg>teste@1234</arg>
<doc>Types the given ``text`` into the text field identified by ``locator``.</doc>
<status status="PASS" start="2024-02-26T13:20:07.033947" elapsed="0.199205"/>
</kw>
<kw name="Click Element" owner="SeleniumLibrary">
<msg time="2024-02-26T13:20:07.233152" level="INFO">Clicking element '//*[text()="Entrar"]'.</msg>
<arg>${BOTAO-LOGIN}</arg>
<doc>Click the element identified by ``locator``.</doc>
<status status="PASS" start="2024-02-26T13:20:07.233152" elapsed="0.084830"/>
</kw>
<kw name="Wait Until Element Is Visible" owner="SeleniumLibrary">
<arg>${ELEMENTO-NOTIFICACOES}</arg>
<doc>Waits until the element ``locator`` is visible.</doc>
<status status="PASS" start="2024-02-26T13:20:07.317982" elapsed="2.577602"/>
</kw>
<status status="PASS" start="2024-02-26T13:20:03.392181" elapsed="6.503403"/>
</kw>
<kw name="E clicar no botão de nova postagem" owner="home_page">
<kw name="Click Element" owner="SeleniumLibrary">
<msg time="2024-02-26T13:20:09.902615" level="INFO">Clicking element '//*[@href="/compose/post"]'.</msg>
<arg>${BOTAO-NOVA-POSTAGEM}</arg>
<doc>Click the element identified by ``locator``.</doc>
<status status="PASS" start="2024-02-26T13:20:09.902615" elapsed="0.396508"/>
</kw>
<status status="PASS" start="2024-02-26T13:20:09.900591" elapsed="0.398532"/>
</kw>
<kw name="E escrever uma nova postagem" owner="home_page">
<kw name="Wait Until Element Is Visible" owner="SeleniumLibrary">
<arg>${BOTAO-POSTAR}</arg>
<doc>Waits until the element ``locator`` is visible.</doc>
<status status="PASS" start="2024-02-26T13:20:10.299123" elapsed="0.315683"/>
</kw>
<kw name="Execute Javascript" owner="SeleniumLibrary">
<msg time="2024-02-26T13:20:10.614806" level="INFO">Executing JavaScript:
return new Date().toLocaleString()
Without any arguments.</msg>
<msg time="2024-02-26T13:20:10.631768" level="INFO">${DATA-HORA} = 26/02/2024, 13:20:10</msg>
<var>${DATA-HORA}</var>
<arg>return new Date().toLocaleString()</arg>
<doc>Executes the given JavaScript code with possible arguments.</doc>
<status status="PASS" start="2024-02-26T13:20:10.614806" elapsed="0.016962"/>
</kw>
<kw name="Press Keys" owner="SeleniumLibrary">
<msg time="2024-02-26T13:20:10.631768" level="INFO">Sending key(s) ('Data do teste 26/02/2024, 13:20:10',) to page.</msg>
<msg time="2024-02-26T13:20:10.631768" level="INFO">Sending keys Data do teste 26/02/2024, 13:20:10</msg>
<arg>None</arg>
<arg>Data do teste ${DATA-HORA}</arg>
<doc>Simulates the user pressing key(s) to an element or on the active browser.</doc>
<status status="PASS" start="2024-02-26T13:20:10.631768" elapsed="1.271298"/>
</kw>
<status status="PASS" start="2024-02-26T13:20:10.299123" elapsed="1.604953"/>
</kw>
<kw name="E clicar no botao de postar" owner="home_page">
<kw name="Click Element" owner="SeleniumLibrary">
<msg time="2024-02-26T13:20:11.912501" level="INFO">Clicking element '//*[text()="Post"]'.</msg>
<arg>${BOTAO-POSTAR}</arg>
<doc>Click the element identified by ``locator``.</doc>
<status status="PASS" start="2024-02-26T13:20:11.912501" elapsed="0.475673"/>
</kw>
<status status="PASS" start="2024-02-26T13:20:11.912501" elapsed="0.475673"/>
</kw>
<kw name="Então deverá aparecer uma notificação confirmando a postagem" owner="home_page">
<kw name="Wait Until Element Is Visible" owner="SeleniumLibrary">
<arg>${NOTIFICACAO-POST}</arg>
<doc>Waits until the element ``locator`` is visible.</doc>
<status status="PASS" start="2024-02-26T13:20:12.409188" elapsed="0.977391"/>
</kw>
<kw name="Element Should Be Visible" owner="SeleniumLibrary">
<msg time="2024-02-26T13:20:13.429059" level="INFO">Element '//*[text()="Your post was sent."]' is displayed.</msg>
<arg>${NOTIFICACAO-POST}</arg>
<doc>Verifies that the element identified by ``locator`` is visible.</doc>
<status status="PASS" start="2024-02-26T13:20:13.386579" elapsed="0.042480"/>
</kw>
<status status="PASS" start="2024-02-26T13:20:12.409188" elapsed="1.019871"/>
</kw>
<kw name="Fechar navegador" owner="setupteardown" type="TEARDOWN">
<kw name="Close Browser" owner="SeleniumLibrary">
<doc>Closes the current browser.</doc>
<status status="PASS" start="2024-02-26T13:20:13.434414" elapsed="2.512992"/>
</kw>
<status status="PASS" start="2024-02-26T13:20:13.429059" elapsed="2.518347"/>
</kw>
<status status="PASS" start="2024-02-26T13:19:59.536077" elapsed="16.414045"/>
</test>
<status status="PASS" start="2024-02-26T13:19:58.522907" elapsed="17.427215"/>
</suite>
<statistics>
<total>
<stat pass="1" fail="0" skip="0">All Tests</stat>
</total>
<tag>
</tag>
<suite>
<stat pass="1" fail="0" skip="0" id="s1" name="Home-Page">Home-Page</stat>
</suite>
</statistics>
<errors>
</errors>
</robot>
