<?xml version="1.0" encoding="UTF-8"?>
<robot generator="Robot 7.0 (Python 3.12.1 on win32)" generated="2024-03-12T15:01:49.359369" rpa="false" schemaversion="5">
<suite id="s1" name="Home-Page" source="c:\Users\v8\Desktop\projeto-teste-twitter\teste-case-tt\testes\home-page.robot">
<test id="s1-t1" name="Verificar se o usuario consegue curtir uma postagem" line="53">
<kw name="Dado que eu acesse o site do twitter" owner="setupteardown" type="SETUP">
<kw name="Open Browser" owner="SeleniumLibrary">
<msg time="2024-03-12T15:01:50.297633" level="INFO">Opening browser 'chrome' to base url 'https://twitter.com/'.</msg>
<arg>url=${URL}</arg>
<arg>browser=chrome</arg>
<doc>Opens a new browser instance to the optional ``url``.</doc>
<status status="PASS" start="2024-03-12T15:01:50.297633" elapsed="3.568921"/>
</kw>
<status status="PASS" start="2024-03-12T15:01:50.289637" elapsed="3.578235"/>
</kw>
<kw name="Quando o usuario tentar entrar com as credenciais corretas" owner="login_page">
<kw name="Wait Until Element Is Visible" owner="SeleniumLibrary">
<arg>${BOTAO-ENTRAR}</arg>
<doc>Waits until the element ``locator`` is visible.</doc>
<status status="PASS" start="2024-03-12T15:01:53.870184" elapsed="0.611475"/>
</kw>
<kw name="Scroll Element Into View" owner="SeleniumLibrary">
<arg>${BOTAO-ENTRAR}</arg>
<doc>Scrolls the element identified by ``locator`` into view.</doc>
<status status="PASS" start="2024-03-12T15:01:54.483356" elapsed="0.342924"/>
</kw>
<kw name="Click Element" owner="SeleniumLibrary">
<msg time="2024-03-12T15:01:54.826280" level="INFO">Clicking element '//*[@href="/login"]'.</msg>
<arg>${BOTAO-ENTRAR}</arg>
<doc>Click the element identified by ``locator``.</doc>
<status status="PASS" start="2024-03-12T15:01:54.826280" elapsed="0.128980"/>
</kw>
<kw name="Wait Until Element Is Enabled" owner="SeleniumLibrary">
<arg>${INPUT-USER}</arg>
<doc>Waits until the element ``locator`` is enabled.</doc>
<status status="PASS" start="2024-03-12T15:01:54.955372" elapsed="1.414242"/>
</kw>
<kw name="Input Text" owner="SeleniumLibrary">
<msg time="2024-03-12T15:01:56.369614" level="INFO">Typing text 'usuariomatteste' into text field '//*[@autocomplete="username"]'.</msg>
<arg>${INPUT-USER}</arg>
<arg>${USUARIO-CORRETO}</arg>
<doc>Types the given ``text`` into the text field identified by ``locator``.</doc>
<status status="PASS" start="2024-03-12T15:01:56.369614" elapsed="0.235881"/>
</kw>
<kw name="Click Element" owner="SeleniumLibrary">
<msg time="2024-03-12T15:01:56.605495" level="INFO">Clicking element '//*[text()="Avançar"]'.</msg>
<arg>${BOTAO-AVANCAR}</arg>
<doc>Click the element identified by ``locator``.</doc>
<status status="PASS" start="2024-03-12T15:01:56.605495" elapsed="0.085003"/>
</kw>
<kw name="Wait Until Element Is Visible" owner="SeleniumLibrary">
<arg>${INPUT-SENHA}</arg>
<doc>Waits until the element ``locator`` is visible.</doc>
<status status="PASS" start="2024-03-12T15:01:56.690498" elapsed="0.473473"/>
</kw>
<kw name="Input Text" owner="SeleniumLibrary">
<msg time="2024-03-12T15:01:57.166222" level="INFO">Typing text 'teste@1234' into text field '//*[@autocomplete="current-password"]'.</msg>
<arg>${INPUT-SENHA}</arg>
<arg>${SENHA-CORRETA}</arg>
<doc>Types the given ``text`` into the text field identified by ``locator``.</doc>
<status status="PASS" start="2024-03-12T15:01:57.165470" elapsed="0.150201"/>
</kw>
<kw name="Click Element" owner="SeleniumLibrary">
<msg time="2024-03-12T15:01:57.319313" level="INFO">Clicking element '//*[@data-testid="LoginForm_Login_Button"]'.</msg>
<arg>${BOTAO-LOGIN}</arg>
<doc>Click the element identified by ``locator``.</doc>
<status status="PASS" start="2024-03-12T15:01:57.315671" elapsed="0.102449"/>
</kw>
<kw name="Wait Until Element Is Visible" owner="SeleniumLibrary">
<arg>${ELEMENTO-NOTIFICACOES}</arg>
<doc>Waits until the element ``locator`` is visible.</doc>
<status status="PASS" start="2024-03-12T15:01:57.418120" elapsed="2.759426"/>
</kw>
<status status="PASS" start="2024-03-12T15:01:53.869090" elapsed="6.308456"/>
</kw>
<kw name="E clicar no botão de nova postagem" owner="home_page">
<kw name="Wait Until Element Is Visible" owner="SeleniumLibrary">
<arg>${BOTAO-NOVA-POSTAGEM}</arg>
<doc>Waits until the element ``locator`` is visible.</doc>
<status status="PASS" start="2024-03-12T15:02:00.184693" elapsed="0.064452"/>
</kw>
<kw name="Click Element" owner="SeleniumLibrary">
<msg time="2024-03-12T15:02:00.249705" level="INFO">Clicking element '//*[@href="/compose/post"]'.</msg>
<arg>${BOTAO-NOVA-POSTAGEM}</arg>
<doc>Click the element identified by ``locator``.</doc>
<status status="PASS" start="2024-03-12T15:02:00.249705" elapsed="0.158212"/>
</kw>
<status status="PASS" start="2024-03-12T15:02:00.182950" elapsed="0.224967"/>
</kw>
<kw name="E escrever uma nova postagem" owner="home_page">
<kw name="Wait Until Element Is Visible" owner="SeleniumLibrary">
<arg>${BOTAO-POSTAR}</arg>
<doc>Waits until the element ``locator`` is visible.</doc>
<status status="PASS" start="2024-03-12T15:02:00.407917" elapsed="0.307451"/>
</kw>
<kw name="Execute Javascript" owner="SeleniumLibrary">
<msg time="2024-03-12T15:02:00.715368" level="INFO">Executing JavaScript:
return new Date().toLocaleString()
Without any arguments.</msg>
<msg time="2024-03-12T15:02:00.733388" level="INFO">${DATA-HORA} = 12/03/2024, 15:02:00</msg>
<var>${DATA-HORA}</var>
<arg>return new Date().toLocaleString()</arg>
<doc>Executes the given JavaScript code with possible arguments.</doc>
<status status="PASS" start="2024-03-12T15:02:00.715368" elapsed="0.018020"/>
</kw>
<kw name="Set Global Variable" owner="BuiltIn">
<msg time="2024-03-12T15:02:00.733388" level="INFO">${MENSAGEM-POST} = Teste de postagem de foto. Data e hora:12/03/2024, 15:02:00</msg>
<arg>${MENSAGEM-POST}</arg>
<arg>Teste de postagem de foto. Data e hora:${DATA-HORA}</arg>
<doc>Makes a variable available globally in all tests and suites.</doc>
<status status="PASS" start="2024-03-12T15:02:00.733388" elapsed="0.000000"/>
</kw>
<kw name="Set Global Variable" owner="BuiltIn">
<msg time="2024-03-12T15:02:00.733388" level="INFO">${ULTIMA-POSTAGEM} = //*[text()="Teste de postagem de foto. Data e hora:12/03/2024, 15:02:00"]</msg>
<arg>${ULTIMA-POSTAGEM}</arg>
<arg>//*[text()="${MENSAGEM-POST}"]</arg>
<doc>Makes a variable available globally in all tests and suites.</doc>
<status status="PASS" start="2024-03-12T15:02:00.733388" elapsed="0.000000"/>
</kw>
<kw name="Input Text" owner="SeleniumLibrary">
<msg time="2024-03-12T15:02:00.733388" level="INFO">Typing text 'Teste de postagem de foto. Data e hora:12/03/2024, 15:02:00' into text field '//*[@data-testid="tweetTextarea_0"]'.</msg>
<arg>${AREA-POSTAGEM}</arg>
<arg>${MENSAGEM-POST}</arg>
<doc>Types the given ``text`` into the text field identified by ``locator``.</doc>
<status status="PASS" start="2024-03-12T15:02:00.733388" elapsed="1.804600"/>
</kw>
<status status="PASS" start="2024-03-12T15:02:00.407917" elapsed="2.130071"/>
</kw>
<kw name="E clicar no botao de postar" owner="home_page">
<kw name="Wait Until Element Is Visible" owner="SeleniumLibrary">
<arg>${BOTAO-POSTAR}</arg>
<doc>Waits until the element ``locator`` is visible.</doc>
<status status="PASS" start="2024-03-12T15:02:02.537988" elapsed="0.451972"/>
</kw>
<kw name="Click Element" owner="SeleniumLibrary">
<msg time="2024-03-12T15:02:02.989960" level="INFO">Clicking element '//*[@data-testid="tweetButton"]'.</msg>
<arg>${BOTAO-POSTAR}</arg>
<doc>Click the element identified by ``locator``.</doc>
<status status="PASS" start="2024-03-12T15:02:02.989960" elapsed="0.154528"/>
</kw>
<status status="PASS" start="2024-03-12T15:02:02.537988" elapsed="0.606500"/>
</kw>
<kw name="E vai até o seu perfil" owner="home_page">
<kw name="Wait Until Element Is Visible" owner="SeleniumLibrary">
<arg>${PERFIL}</arg>
<doc>Waits until the element ``locator`` is visible.</doc>
<status status="PASS" start="2024-03-12T15:02:03.146682" elapsed="0.068782"/>
</kw>
<kw name="Click Element" owner="SeleniumLibrary">
<msg time="2024-03-12T15:02:03.216200" level="INFO">Clicking element '//*[@href="/usuariomatteste"]'.</msg>
<arg>${PERFIL}</arg>
<doc>Click the element identified by ``locator``.</doc>
<status status="PASS" start="2024-03-12T15:02:03.216200" elapsed="0.774131"/>
</kw>
<status status="PASS" start="2024-03-12T15:02:03.146682" elapsed="0.843649"/>
</kw>
<kw name="E clica na ultima postagem" owner="home_page">
<kw name="Wait Until Element Is Visible" owner="SeleniumLibrary">
<arg>${ULTIMO-POST}</arg>
<doc>Waits until the element ``locator`` is visible.</doc>
<status status="PASS" start="2024-03-12T15:02:04.018602" elapsed="1.470811"/>
</kw>
<kw name="Click Element" owner="SeleniumLibrary">
<msg time="2024-03-12T15:02:05.489413" level="INFO">Clicking element '//*[@data-testid="tweet"]'.</msg>
<arg>${ULTIMO-POST}</arg>
<doc>Click the element identified by ``locator``.</doc>
<status status="PASS" start="2024-03-12T15:02:05.489413" elapsed="0.119033"/>
</kw>
<status status="PASS" start="2024-03-12T15:02:04.017713" elapsed="1.591408"/>
</kw>
<kw name="E curta uma postagem" owner="home_page">
<kw name="Wait Until Element Is Visible" owner="SeleniumLibrary">
<arg>${BOTAO-CURTIR}</arg>
<doc>Waits until the element ``locator`` is visible.</doc>
<status status="PASS" start="2024-03-12T15:02:05.611334" elapsed="0.311152"/>
</kw>
<kw name="Click Element" owner="SeleniumLibrary">
<msg time="2024-03-12T15:02:05.931351" level="INFO">Clicking element '//div[@data-testid="like"]'.</msg>
<arg>${BOTAO-CURTIR}</arg>
<doc>Click the element identified by ``locator``.</doc>
<status status="PASS" start="2024-03-12T15:02:05.922486" elapsed="0.192699"/>
</kw>
<status status="PASS" start="2024-03-12T15:02:05.609121" elapsed="0.506064"/>
</kw>
<kw name="E vai até o seu perfil" owner="home_page">
<kw name="Wait Until Element Is Visible" owner="SeleniumLibrary">
<arg>${PERFIL}</arg>
<doc>Waits until the element ``locator`` is visible.</doc>
<status status="PASS" start="2024-03-12T15:02:06.115185" elapsed="0.057382"/>
</kw>
<kw name="Click Element" owner="SeleniumLibrary">
<msg time="2024-03-12T15:02:06.172567" level="INFO">Clicking element '//*[@href="/usuariomatteste"]'.</msg>
<arg>${PERFIL}</arg>
<doc>Click the element identified by ``locator``.</doc>
<status status="PASS" start="2024-03-12T15:02:06.172567" elapsed="0.341921"/>
</kw>
<status status="PASS" start="2024-03-12T15:02:06.115185" elapsed="0.406758"/>
</kw>
<kw name="E vai ate a aba de likes" owner="home_page">
<kw name="Wait Until Element Is Visible" owner="SeleniumLibrary">
<arg>${ABA-LIKES}</arg>
<doc>Waits until the element ``locator`` is visible.</doc>
<status status="PASS" start="2024-03-12T15:02:06.524791" elapsed="0.223193"/>
</kw>
<kw name="Click Element" owner="SeleniumLibrary">
<msg time="2024-03-12T15:02:06.748430" level="INFO">Clicking element '//*[@href="/usuariomatteste/likes"]'.</msg>
<arg>${ABA-LIKES}</arg>
<doc>Click the element identified by ``locator``.</doc>
<status status="PASS" start="2024-03-12T15:02:06.748430" elapsed="0.178734"/>
</kw>
<status status="PASS" start="2024-03-12T15:02:06.523688" elapsed="0.403476"/>
</kw>
<kw name="Sleep" owner="BuiltIn">
<msg time="2024-03-12T15:02:09.928058" level="INFO">Slept 3 seconds.</msg>
<arg>3s</arg>
<doc>Pauses the test executed for the given time.</doc>
<status status="PASS" start="2024-03-12T15:02:06.927164" elapsed="3.000894"/>
</kw>
<kw name="Fechar navegador" owner="setupteardown" type="TEARDOWN">
<kw name="Close Browser" owner="SeleniumLibrary">
<doc>Closes the current browser.</doc>
<status status="PASS" start="2024-03-12T15:02:09.932641" elapsed="2.637718"/>
</kw>
<status status="PASS" start="2024-03-12T15:02:09.932641" elapsed="2.642401"/>
</kw>
<status status="PASS" start="2024-03-12T15:01:50.281518" elapsed="22.317625"/>
</test>
<status status="PASS" start="2024-03-12T15:01:49.369958" elapsed="23.241277"/>
</suite>
<statistics>
<total>
<stat pass="1" fail="0" skip="0">All Tests</stat>
</total>
<tag>
</tag>
<suite>
<stat pass="1" fail="0" skip="0" id="s1" name="Home-Page">Home-Page</stat>
</suite>
</statistics>
<errors>
</errors>
</robot>
