<?xml version="1.0" encoding="UTF-8"?>
<robot generator="Robot 7.0 (Python 3.12.1 on win32)" generated="2024-05-15T12:21:09.896226" rpa="false" schemaversion="5">
<suite id="s1" name="Login" source="c:\Users\v8\Desktop\projeto-teste-twitter\teste-case-tt\testes\login.robot">
<test id="s1-t1" name="Teste de login com credenciais preenchidas corretamente" line="8">
<kw name="Dado que eu acesse o site do twitter" owner="setupteardown" type="SETUP">
<kw name="Open Browser" owner="SeleniumLibrary">
<msg time="2024-05-15T12:21:10.178539" level="INFO">Opening browser 'chrome' to base url 'https://twitter.com/'.</msg>
<arg>url=${URL}</arg>
<arg>browser=chrome</arg>
<doc>Opens a new browser instance to the optional ``url``.</doc>
<status status="PASS" start="2024-05-15T12:21:10.178539" elapsed="7.898077"/>
</kw>
<kw name="Maximize Browser Window" owner="SeleniumLibrary">
<doc>Maximizes current browser window.</doc>
<status status="PASS" start="2024-05-15T12:21:18.078089" elapsed="0.084349"/>
</kw>
<status status="PASS" start="2024-05-15T12:21:10.178539" elapsed="7.983899"/>
</kw>
<kw name="Quando o usuario tentar entrar com as credenciais corretas" owner="login_page">
<kw name="Wait Until Element Is Visible" owner="SeleniumLibrary">
<arg>${BOTAO-ENTRAR}</arg>
<doc>Waits until the element ``locator`` is visible.</doc>
<status status="PASS" start="2024-05-15T12:21:18.164435" elapsed="0.382739"/>
</kw>
<kw name="Scroll Element Into View" owner="SeleniumLibrary">
<arg>${BOTAO-ENTRAR}</arg>
<doc>Scrolls the element identified by ``locator`` into view.</doc>
<status status="PASS" start="2024-05-15T12:21:18.547174" elapsed="0.340835"/>
</kw>
<kw name="Click Element" owner="SeleniumLibrary">
<msg time="2024-05-15T12:21:18.889005" level="INFO">Clicking element '//*[@href="/login"]'.</msg>
<arg>${BOTAO-ENTRAR}</arg>
<doc>Click the element identified by ``locator``.</doc>
<status status="PASS" start="2024-05-15T12:21:18.889005" elapsed="0.092802"/>
</kw>
<kw name="Wait Until Element Is Enabled" owner="SeleniumLibrary">
<arg>${INPUT-USER}</arg>
<doc>Waits until the element ``locator`` is enabled.</doc>
<status status="PASS" start="2024-05-15T12:21:18.981807" elapsed="1.155770"/>
</kw>
<kw name="Input Text" owner="SeleniumLibrary">
<msg time="2024-05-15T12:21:20.137577" level="INFO">Typing text 'usuariomatteste' into text field '//*[@autocomplete="username"]'.</msg>
<arg>${INPUT-USER}</arg>
<arg>${USUARIO-CORRETO}</arg>
<doc>Types the given ``text`` into the text field identified by ``locator``.</doc>
<status status="PASS" start="2024-05-15T12:21:20.137577" elapsed="0.201839"/>
</kw>
<kw name="Click Element" owner="SeleniumLibrary">
<msg time="2024-05-15T12:21:20.339416" level="INFO">Clicking element '//*[text()="Avançar"]'.</msg>
<arg>${BOTAO-AVANCAR}</arg>
<doc>Click the element identified by ``locator``.</doc>
<status status="PASS" start="2024-05-15T12:21:20.339416" elapsed="0.062173"/>
</kw>
<kw name="Wait Until Element Is Visible" owner="SeleniumLibrary">
<arg>${INPUT-SENHA}</arg>
<doc>Waits until the element ``locator`` is visible.</doc>
<status status="PASS" start="2024-05-15T12:21:20.402594" elapsed="0.456492"/>
</kw>
<kw name="Input Text" owner="SeleniumLibrary">
<msg time="2024-05-15T12:21:20.869565" level="INFO">Typing text 'teste@1234' into text field '//*[@autocomplete="current-password"]'.</msg>
<arg>${INPUT-SENHA}</arg>
<arg>${SENHA-CORRETA}</arg>
<doc>Types the given ``text`` into the text field identified by ``locator``.</doc>
<status status="PASS" start="2024-05-15T12:21:20.859086" elapsed="0.121519"/>
</kw>
<kw name="Click Element" owner="SeleniumLibrary">
<msg time="2024-05-15T12:21:20.980605" level="INFO">Clicking element '//*[@data-testid="LoginForm_Login_Button"]'.</msg>
<arg>${BOTAO-LOGIN}</arg>
<doc>Click the element identified by ``locator``.</doc>
<status status="PASS" start="2024-05-15T12:21:20.980605" elapsed="0.057108"/>
</kw>
<kw name="Wait Until Element Is Visible" owner="SeleniumLibrary">
<arg>${ELEMENTO-NOTIFICACOES}</arg>
<doc>Waits until the element ``locator`` is visible.</doc>
<status status="PASS" start="2024-05-15T12:21:21.038697" elapsed="2.419209"/>
</kw>
<status status="PASS" start="2024-05-15T12:21:18.163436" elapsed="5.294470"/>
</kw>
<kw name="Então devo ser redirecionado para a página inicial do aplicativo" owner="login_page">
<kw name="Element Should Be Visible" owner="SeleniumLibrary">
<msg time="2024-05-15T12:21:23.490235" level="INFO">Element '//*[@href="/notifications"]' is displayed.</msg>
<arg>${ELEMENTO-NOTIFICACOES}</arg>
<doc>Verifies that the element identified by ``locator`` is visible.</doc>
<status status="PASS" start="2024-05-15T12:21:23.457906" elapsed="0.032329"/>
</kw>
<status status="PASS" start="2024-05-15T12:21:23.457906" elapsed="0.032329"/>
</kw>
<kw name="Fechar navegador" owner="setupteardown" type="TEARDOWN">
<kw name="Close Browser" owner="SeleniumLibrary">
<doc>Closes the current browser.</doc>
<status status="PASS" start="2024-05-15T12:21:23.490235" elapsed="2.306987"/>
</kw>
<status status="PASS" start="2024-05-15T12:21:23.490235" elapsed="2.306987"/>
</kw>
<tag>Apresentacao</tag>
<tag>Login</tag>
<status status="PASS" start="2024-05-15T12:21:10.177746" elapsed="15.619476"/>
</test>
<status status="PASS" start="2024-05-15T12:21:09.901758" elapsed="15.916162"/>
</suite>
<statistics>
<total>
<stat pass="1" fail="0" skip="0">All Tests</stat>
</total>
<tag>
<stat pass="1" fail="0" skip="0">Apresentacao</stat>
<stat pass="1" fail="0" skip="0">Login</stat>
</tag>
<suite>
<stat pass="1" fail="0" skip="0" id="s1" name="Login">Login</stat>
</suite>
</statistics>
<errors>
</errors>
</robot>
