<?xml version="1.0" encoding="UTF-8"?>
<robot generator="Robot 7.0 (Python 3.12.1 on win32)" generated="2024-03-15T14:00:01.849218" rpa="false" schemaversion="5">
<suite id="s1" name="Home-Page" source="c:\Users\v8\Desktop\projeto-teste-twitter\teste-case-tt\testes\home-page.robot">
<test id="s1-t1" name="Verificar se o usuario consegue salvar uma postagem" line="103">
<kw name="Dado que eu acesse o site do twitter" owner="setupteardown" type="SETUP">
<kw name="Open Browser" owner="SeleniumLibrary">
<msg time="2024-03-15T14:00:02.824603" level="INFO">Opening browser 'chrome' to base url 'https://twitter.com/'.</msg>
<arg>url=${URL}</arg>
<arg>browser=chrome</arg>
<doc>Opens a new browser instance to the optional ``url``.</doc>
<status status="PASS" start="2024-03-15T14:00:02.824603" elapsed="3.436374"/>
</kw>
<kw name="Maximize Browser Window" owner="SeleniumLibrary">
<doc>Maximizes current browser window.</doc>
<status status="PASS" start="2024-03-15T14:00:06.261517" elapsed="0.410974"/>
</kw>
<status status="PASS" start="2024-03-15T14:00:02.824603" elapsed="3.847888"/>
</kw>
<kw name="Quando o usuario tentar entrar com as credenciais corretas" owner="login_page">
<kw name="Wait Until Element Is Visible" owner="SeleniumLibrary">
<arg>${BOTAO-ENTRAR}</arg>
<doc>Waits until the element ``locator`` is visible.</doc>
<status status="PASS" start="2024-03-15T14:00:06.672491" elapsed="0.200389"/>
</kw>
<kw name="Scroll Element Into View" owner="SeleniumLibrary">
<arg>${BOTAO-ENTRAR}</arg>
<doc>Scrolls the element identified by ``locator`` into view.</doc>
<status status="PASS" start="2024-03-15T14:00:06.872880" elapsed="0.338516"/>
</kw>
<kw name="Click Element" owner="SeleniumLibrary">
<msg time="2024-03-15T14:00:07.211396" level="INFO">Clicking element '//*[@href="/login"]'.</msg>
<arg>${BOTAO-ENTRAR}</arg>
<doc>Click the element identified by ``locator``.</doc>
<status status="PASS" start="2024-03-15T14:00:07.211396" elapsed="0.119103"/>
</kw>
<kw name="Wait Until Element Is Enabled" owner="SeleniumLibrary">
<arg>${INPUT-USER}</arg>
<doc>Waits until the element ``locator`` is enabled.</doc>
<status status="PASS" start="2024-03-15T14:00:07.330499" elapsed="0.970064"/>
</kw>
<kw name="Input Text" owner="SeleniumLibrary">
<msg time="2024-03-15T14:00:08.300563" level="INFO">Typing text 'usuariomatteste' into text field '//*[@autocomplete="username"]'.</msg>
<arg>${INPUT-USER}</arg>
<arg>${USUARIO-CORRETO}</arg>
<doc>Types the given ``text`` into the text field identified by ``locator``.</doc>
<status status="PASS" start="2024-03-15T14:00:08.300563" elapsed="0.273669"/>
</kw>
<kw name="Click Element" owner="SeleniumLibrary">
<msg time="2024-03-15T14:00:08.582904" level="INFO">Clicking element '//*[text()="Avançar"]'.</msg>
<arg>${BOTAO-AVANCAR}</arg>
<doc>Click the element identified by ``locator``.</doc>
<status status="PASS" start="2024-03-15T14:00:08.582311" elapsed="0.078526"/>
</kw>
<kw name="Wait Until Element Is Visible" owner="SeleniumLibrary">
<arg>${INPUT-SENHA}</arg>
<doc>Waits until the element ``locator`` is visible.</doc>
<status status="PASS" start="2024-03-15T14:00:08.664040" elapsed="0.486954"/>
</kw>
<kw name="Input Text" owner="SeleniumLibrary">
<msg time="2024-03-15T14:00:09.150994" level="INFO">Typing text 'teste@1234' into text field '//*[@autocomplete="current-password"]'.</msg>
<arg>${INPUT-SENHA}</arg>
<arg>${SENHA-CORRETA}</arg>
<doc>Types the given ``text`` into the text field identified by ``locator``.</doc>
<status status="PASS" start="2024-03-15T14:00:09.150994" elapsed="0.186119"/>
</kw>
<kw name="Click Element" owner="SeleniumLibrary">
<msg time="2024-03-15T14:00:09.337113" level="INFO">Clicking element '//*[@data-testid="LoginForm_Login_Button"]'.</msg>
<arg>${BOTAO-LOGIN}</arg>
<doc>Click the element identified by ``locator``.</doc>
<status status="PASS" start="2024-03-15T14:00:09.337113" elapsed="0.066671"/>
</kw>
<kw name="Wait Until Element Is Visible" owner="SeleniumLibrary">
<arg>${ELEMENTO-NOTIFICACOES}</arg>
<doc>Waits until the element ``locator`` is visible.</doc>
<status status="PASS" start="2024-03-15T14:00:09.403784" elapsed="2.525141"/>
</kw>
<status status="PASS" start="2024-03-15T14:00:06.672491" elapsed="5.256434"/>
</kw>
<kw name="E clicar no botão de nova postagem" owner="home_page">
<kw name="Wait Until Element Is Visible" owner="SeleniumLibrary">
<arg>${BOTAO-NOVA-POSTAGEM}</arg>
<doc>Waits until the element ``locator`` is visible.</doc>
<status status="PASS" start="2024-03-15T14:00:11.937227" elapsed="0.327665"/>
</kw>
<kw name="Click Element" owner="SeleniumLibrary">
<msg time="2024-03-15T14:00:12.264892" level="INFO">Clicking element '//*[@href="/compose/post"]'.</msg>
<arg>${BOTAO-NOVA-POSTAGEM}</arg>
<doc>Click the element identified by ``locator``.</doc>
<status status="PASS" start="2024-03-15T14:00:12.264892" elapsed="0.284649"/>
</kw>
<status status="PASS" start="2024-03-15T14:00:11.937227" elapsed="0.613397"/>
</kw>
<kw name="E escrever uma nova postagem" owner="home_page">
<kw name="Wait Until Element Is Visible" owner="SeleniumLibrary">
<arg>${BOTAO-POSTAR}</arg>
<doc>Waits until the element ``locator`` is visible.</doc>
<status status="PASS" start="2024-03-15T14:00:12.552339" elapsed="0.145961"/>
</kw>
<kw name="Execute Javascript" owner="SeleniumLibrary">
<msg time="2024-03-15T14:00:12.698300" level="INFO">Executing JavaScript:
return new Date().toLocaleString()
Without any arguments.</msg>
<msg time="2024-03-15T14:00:12.716970" level="INFO">${DATA-HORA} = 15/03/2024, 14:00:12</msg>
<var>${DATA-HORA}</var>
<arg>return new Date().toLocaleString()</arg>
<doc>Executes the given JavaScript code with possible arguments.</doc>
<status status="PASS" start="2024-03-15T14:00:12.698300" elapsed="0.018670"/>
</kw>
<kw name="Set Global Variable" owner="BuiltIn">
<msg time="2024-03-15T14:00:12.723498" level="INFO">${MENSAGEM-POST} = Teste de nova postagem. Data e hora:15/03/2024, 14:00:12</msg>
<arg>${MENSAGEM-POST}</arg>
<arg>Teste de nova postagem. Data e hora:${DATA-HORA}</arg>
<doc>Makes a variable available globally in all tests and suites.</doc>
<status status="PASS" start="2024-03-15T14:00:12.723498" elapsed="0.000000"/>
</kw>
<kw name="Set Global Variable" owner="BuiltIn">
<msg time="2024-03-15T14:00:12.723498" level="INFO">${ULTIMA-POSTAGEM} = //*[text()="Teste de nova postagem. Data e hora:15/03/2024, 14:00:12"]</msg>
<arg>${ULTIMA-POSTAGEM}</arg>
<arg>//*[text()="${MENSAGEM-POST}"]</arg>
<doc>Makes a variable available globally in all tests and suites.</doc>
<status status="PASS" start="2024-03-15T14:00:12.723498" elapsed="0.000000"/>
</kw>
<kw name="Input Text" owner="SeleniumLibrary">
<msg time="2024-03-15T14:00:12.723498" level="INFO">Typing text 'Teste de nova postagem. Data e hora:15/03/2024, 14:00:12' into text field '//*[@data-testid="tweetTextarea_0"]'.</msg>
<arg>${AREA-POSTAGEM}</arg>
<arg>${MENSAGEM-POST}</arg>
<doc>Types the given ``text`` into the text field identified by ``locator``.</doc>
<status status="PASS" start="2024-03-15T14:00:12.723498" elapsed="1.664657"/>
</kw>
<status status="PASS" start="2024-03-15T14:00:12.550624" elapsed="1.837531"/>
</kw>
<kw name="E clicar no botao de postar" owner="home_page">
<kw name="Wait Until Element Is Visible" owner="SeleniumLibrary">
<arg>${BOTAO-POSTAR}</arg>
<doc>Waits until the element ``locator`` is visible.</doc>
<status status="PASS" start="2024-03-15T14:00:14.392512" elapsed="0.870158"/>
</kw>
<kw name="Click Element" owner="SeleniumLibrary">
<msg time="2024-03-15T14:00:15.263594" level="INFO">Clicking element '//*[@data-testid="tweetButton"]'.</msg>
<arg>${BOTAO-POSTAR}</arg>
<doc>Click the element identified by ``locator``.</doc>
<status status="PASS" start="2024-03-15T14:00:15.262670" elapsed="0.195171"/>
</kw>
<status status="PASS" start="2024-03-15T14:00:14.391479" elapsed="1.066362"/>
</kw>
<kw name="E vai até o seu perfil" owner="home_page">
<kw name="Wait Until Element Is Visible" owner="SeleniumLibrary">
<arg>${PERFIL}</arg>
<doc>Waits until the element ``locator`` is visible.</doc>
<status status="PASS" start="2024-03-15T14:00:15.462226" elapsed="0.038334"/>
</kw>
<kw name="Click Element" owner="SeleniumLibrary">
<msg time="2024-03-15T14:00:15.500560" level="INFO">Clicking element '//*[@href="/usuariomatteste"]'.</msg>
<arg>${PERFIL}</arg>
<doc>Click the element identified by ``locator``.</doc>
<status status="PASS" start="2024-03-15T14:00:15.500560" elapsed="0.970622"/>
</kw>
<status status="PASS" start="2024-03-15T14:00:15.457841" elapsed="1.013341"/>
</kw>
<kw name="E clica na ultima postagem" owner="home_page">
<kw name="Wait Until Element Is Visible" owner="SeleniumLibrary">
<arg>${ULTIMO-POST}</arg>
<doc>Waits until the element ``locator`` is visible.</doc>
<status status="PASS" start="2024-03-15T14:00:16.474203" elapsed="1.140248"/>
</kw>
<kw name="Click Element" owner="SeleniumLibrary">
<msg time="2024-03-15T14:00:17.615580" level="INFO">Clicking element '//*[@data-testid="tweet"]'.</msg>
<arg>${ULTIMO-POST}</arg>
<doc>Click the element identified by ``locator``.</doc>
<status status="PASS" start="2024-03-15T14:00:17.615252" elapsed="0.218155"/>
</kw>
<status status="PASS" start="2024-03-15T14:00:16.473123" elapsed="1.360284"/>
</kw>
<kw name="E salva a postagem" owner="home_page">
<kw name="Wait Until Element Is Visible" owner="SeleniumLibrary">
<arg>${BOTAO-SALVAR}</arg>
<doc>Waits until the element ``locator`` is visible.</doc>
<status status="PASS" start="2024-03-15T14:00:17.837564" elapsed="0.314274"/>
</kw>
<kw name="Click Element" owner="SeleniumLibrary">
<msg time="2024-03-15T14:00:18.151838" level="INFO">Clicking element '//*[@data-testid="bookmark"]'.</msg>
<arg>${BOTAO-SALVAR}</arg>
<doc>Click the element identified by ``locator``.</doc>
<status status="PASS" start="2024-03-15T14:00:18.151838" elapsed="0.215831"/>
</kw>
<status status="PASS" start="2024-03-15T14:00:17.833407" elapsed="0.534262"/>
</kw>
<kw name="E vai até a pagina de posts salvos" owner="home_page">
<kw name="Click Element" owner="SeleniumLibrary">
<msg time="2024-03-15T14:00:18.371707" level="INFO">Clicking element '//*[@data-testid="AppTabBar_More_Menu"]'.</msg>
<arg>${BOTAO-MAIS-MENU}</arg>
<doc>Click the element identified by ``locator``.</doc>
<status status="PASS" start="2024-03-15T14:00:18.371707" elapsed="0.089691"/>
</kw>
<kw name="Wait Until Element Is Visible" owner="SeleniumLibrary">
<arg>${BOTAO-BOOKMARKS}</arg>
<doc>Waits until the element ``locator`` is visible.</doc>
<status status="PASS" start="2024-03-15T14:00:18.464932" elapsed="0.270070"/>
</kw>
<kw name="Click Element" owner="SeleniumLibrary">
<msg time="2024-03-15T14:00:18.735002" level="INFO">Clicking element '//*[@href="/i/bookmarks"]'.</msg>
<arg>${BOTAO-BOOKMARKS}</arg>
<doc>Click the element identified by ``locator``.</doc>
<status status="PASS" start="2024-03-15T14:00:18.735002" elapsed="0.118355"/>
</kw>
<kw name="Wait Until Element Is Visible" owner="SeleniumLibrary">
<arg>${ULTIMO-POST}</arg>
<doc>Waits until the element ``locator`` is visible.</doc>
<status status="PASS" start="2024-03-15T14:00:18.853758" elapsed="0.793832"/>
</kw>
<kw name="Click Element" owner="SeleniumLibrary">
<msg time="2024-03-15T14:00:19.649330" level="INFO">Clicking element '//*[@data-testid="tweetText"]'.</msg>
<arg>${TEXTO-POSTAGEM}</arg>
<doc>Click the element identified by ``locator``.</doc>
<status status="PASS" start="2024-03-15T14:00:19.648295" elapsed="0.225669"/>
</kw>
<kw name="Element Should Contain" owner="SeleniumLibrary">
<msg time="2024-03-15T14:00:20.162256" level="INFO">Element '//*[@data-testid="tweet"]' contains text 'Teste de nova postagem. Data e hora:15/03/2024, 14:00:12'.</msg>
<arg>${ULTIMO-POST}</arg>
<arg>${MENSAGEM-POST}</arg>
<doc>Verifies that element ``locator`` contains text ``expected``.</doc>
<status status="PASS" start="2024-03-15T14:00:19.875783" elapsed="0.286473"/>
</kw>
<status status="PASS" start="2024-03-15T14:00:18.371707" elapsed="1.790549"/>
</kw>
<kw name="Sleep" owner="BuiltIn">
<msg time="2024-03-15T14:00:24.162609" level="INFO">Slept 4 seconds.</msg>
<arg>4s</arg>
<doc>Pauses the test executed for the given time.</doc>
<status status="PASS" start="2024-03-15T14:00:20.162256" elapsed="4.000353"/>
</kw>
<kw name="Fechar navegador" owner="setupteardown" type="TEARDOWN">
<kw name="Close Browser" owner="SeleniumLibrary">
<doc>Closes the current browser.</doc>
<status status="PASS" start="2024-03-15T14:00:24.167086" elapsed="2.813745"/>
</kw>
<status status="PASS" start="2024-03-15T14:00:24.167086" elapsed="2.813745"/>
</kw>
<status status="PASS" start="2024-03-15T14:00:02.824603" elapsed="24.156228"/>
</test>
<status status="PASS" start="2024-03-15T14:00:01.856236" elapsed="25.124595"/>
</suite>
<statistics>
<total>
<stat pass="1" fail="0" skip="0">All Tests</stat>
</total>
<tag>
</tag>
<suite>
<stat pass="1" fail="0" skip="0" id="s1" name="Home-Page">Home-Page</stat>
</suite>
</statistics>
<errors>
</errors>
</robot>
