<?xml version="1.0" encoding="UTF-8"?>
<robot generator="Robot 7.0 (Python 3.12.1 on win32)" generated="2024-03-13T14:52:29.525834" rpa="false" schemaversion="5">
<suite id="s1" name="Home-Page" source="c:\Users\v8\Desktop\projeto-teste-twitter\teste-case-tt\testes\home-page.robot">
<test id="s1-t1" name="Verificar se o usuario consegue buscar uma hashtag" line="78">
<kw name="Dado que eu acesse o site do twitter" owner="setupteardown" type="SETUP">
<kw name="Open Browser" owner="SeleniumLibrary">
<msg time="2024-03-13T14:52:30.529521" level="INFO">Opening browser 'chrome' to base url 'https://twitter.com/'.</msg>
<arg>url=${URL}</arg>
<arg>browser=chrome</arg>
<doc>Opens a new browser instance to the optional ``url``.</doc>
<status status="PASS" start="2024-03-13T14:52:30.529521" elapsed="3.533445"/>
</kw>
<kw name="Maximize Browser Window" owner="SeleniumLibrary">
<doc>Maximizes current browser window.</doc>
<status status="PASS" start="2024-03-13T14:52:34.064004" elapsed="0.124294"/>
</kw>
<status status="PASS" start="2024-03-13T14:52:30.527074" elapsed="3.662194"/>
</kw>
<kw name="Quando o usuario tentar entrar com as credenciais corretas" owner="login_page">
<kw name="Wait Until Element Is Visible" owner="SeleniumLibrary">
<arg>${BOTAO-ENTRAR}</arg>
<doc>Waits until the element ``locator`` is visible.</doc>
<status status="PASS" start="2024-03-13T14:52:34.189268" elapsed="0.394435"/>
</kw>
<kw name="Scroll Element Into View" owner="SeleniumLibrary">
<arg>${BOTAO-ENTRAR}</arg>
<doc>Scrolls the element identified by ``locator`` into view.</doc>
<status status="PASS" start="2024-03-13T14:52:34.589543" elapsed="0.317672"/>
</kw>
<kw name="Click Element" owner="SeleniumLibrary">
<msg time="2024-03-13T14:52:34.914270" level="INFO">Clicking element '//*[@href="/login"]'.</msg>
<arg>${BOTAO-ENTRAR}</arg>
<doc>Click the element identified by ``locator``.</doc>
<status status="PASS" start="2024-03-13T14:52:34.914270" elapsed="0.131686"/>
</kw>
<kw name="Wait Until Element Is Enabled" owner="SeleniumLibrary">
<arg>${INPUT-USER}</arg>
<doc>Waits until the element ``locator`` is enabled.</doc>
<status status="PASS" start="2024-03-13T14:52:35.045956" elapsed="1.214307"/>
</kw>
<kw name="Input Text" owner="SeleniumLibrary">
<msg time="2024-03-13T14:52:36.260263" level="INFO">Typing text 'usuariomatteste' into text field '//*[@autocomplete="username"]'.</msg>
<arg>${INPUT-USER}</arg>
<arg>${USUARIO-CORRETO}</arg>
<doc>Types the given ``text`` into the text field identified by ``locator``.</doc>
<status status="PASS" start="2024-03-13T14:52:36.260263" elapsed="0.247134"/>
</kw>
<kw name="Click Element" owner="SeleniumLibrary">
<msg time="2024-03-13T14:52:36.507397" level="INFO">Clicking element '//*[text()="Avançar"]'.</msg>
<arg>${BOTAO-AVANCAR}</arg>
<doc>Click the element identified by ``locator``.</doc>
<status status="PASS" start="2024-03-13T14:52:36.507397" elapsed="0.090580"/>
</kw>
<kw name="Wait Until Element Is Visible" owner="SeleniumLibrary">
<arg>${INPUT-SENHA}</arg>
<doc>Waits until the element ``locator`` is visible.</doc>
<status status="PASS" start="2024-03-13T14:52:36.597977" elapsed="0.479150"/>
</kw>
<kw name="Input Text" owner="SeleniumLibrary">
<msg time="2024-03-13T14:52:37.079154" level="INFO">Typing text 'teste@1234' into text field '//*[@autocomplete="current-password"]'.</msg>
<arg>${INPUT-SENHA}</arg>
<arg>${SENHA-CORRETA}</arg>
<doc>Types the given ``text`` into the text field identified by ``locator``.</doc>
<status status="PASS" start="2024-03-13T14:52:37.077127" elapsed="0.147554"/>
</kw>
<kw name="Click Element" owner="SeleniumLibrary">
<msg time="2024-03-13T14:52:37.224681" level="INFO">Clicking element '//*[@data-testid="LoginForm_Login_Button"]'.</msg>
<arg>${BOTAO-LOGIN}</arg>
<doc>Click the element identified by ``locator``.</doc>
<status status="PASS" start="2024-03-13T14:52:37.224681" elapsed="0.092871"/>
</kw>
<kw name="Wait Until Element Is Visible" owner="SeleniumLibrary">
<arg>${ELEMENTO-NOTIFICACOES}</arg>
<doc>Waits until the element ``locator`` is visible.</doc>
<status status="PASS" start="2024-03-13T14:52:37.317552" elapsed="2.752243"/>
</kw>
<status status="PASS" start="2024-03-13T14:52:34.189268" elapsed="5.880527"/>
</kw>
<kw name="E pesquisar uma hashtag na barra de pesquisa" owner="home_page">
<kw name="Wait Until Element Is Visible" owner="SeleniumLibrary">
<arg>${INPUT-BUSCA}</arg>
<doc>Waits until the element ``locator`` is visible.</doc>
<status status="PASS" start="2024-03-13T14:52:40.074381" elapsed="0.044172"/>
</kw>
<kw name="Click Element" owner="SeleniumLibrary">
<msg time="2024-03-13T14:52:40.118553" level="INFO">Clicking element '//*[@placeholder="Search"]'.</msg>
<arg>${INPUT-BUSCA}</arg>
<doc>Click the element identified by ``locator``.</doc>
<status status="PASS" start="2024-03-13T14:52:40.118553" elapsed="0.228186"/>
</kw>
<kw name="Press Keys" owner="SeleniumLibrary">
<msg time="2024-03-13T14:52:40.346739" level="INFO">Sending key(s) ('.#v8',) to page.</msg>
<msg time="2024-03-13T14:52:40.346739" level="INFO">Sending keys .#v8</msg>
<arg>none</arg>
<arg>${TESTE}</arg>
<doc>Simulates the user pressing key(s) to an element or on the active browser.</doc>
<status status="PASS" start="2024-03-13T14:52:40.346739" elapsed="0.139641"/>
</kw>
<kw name="Press Keys" owner="SeleniumLibrary">
<msg time="2024-03-13T14:52:40.498971" level="INFO">Sending key(s) ('ENTER',) to page.</msg>
<msg time="2024-03-13T14:52:40.498971" level="INFO">Pressing special key ENTER to browser.</msg>
<msg time="2024-03-13T14:52:40.498971" level="INFO">Releasing special key ENTER.</msg>
<arg>none</arg>
<arg>ENTER</arg>
<doc>Simulates the user pressing key(s) to an element or on the active browser.</doc>
<status status="PASS" start="2024-03-13T14:52:40.486380" elapsed="0.063743"/>
</kw>
<status status="PASS" start="2024-03-13T14:52:40.073491" elapsed="0.476632"/>
</kw>
<kw name="Então a primeira postagem deve conter a hashtag procurada" owner="home_page">
<kw name="Wait Until Element Is Visible" owner="SeleniumLibrary">
<arg>${BOTAO-ULTIMAS-PESQUISA}</arg>
<doc>Waits until the element ``locator`` is visible.</doc>
<status status="PASS" start="2024-03-13T14:52:40.550123" elapsed="0.250383"/>
</kw>
<kw name="Sleep" owner="BuiltIn">
<msg time="2024-03-13T14:52:42.800828" level="INFO">Slept 2 seconds.</msg>
<arg>2s</arg>
<doc>Pauses the test executed for the given time.</doc>
<status status="PASS" start="2024-03-13T14:52:40.800506" elapsed="2.000322"/>
</kw>
<kw name="Scroll Element Into View" owner="SeleniumLibrary">
<arg>${TEXTO-POSTAGEM}</arg>
<doc>Scrolls the element identified by ``locator`` into view.</doc>
<status status="PASS" start="2024-03-13T14:52:42.801896" elapsed="0.327606"/>
</kw>
<kw name="Get Text" owner="SeleniumLibrary">
<msg time="2024-03-13T14:52:43.201668" level="INFO">${GET-TEXTO} = #bmwm5f90 #m5 #bmwm5 #bmwinsta #bmwgram #bmwclub #fireworks #bmwperformance #bmwmpower #f80 #bmwnation #bmw #bmwpower #v8 #wow #lights #beautiful #perspective #iconic #gorgeous #vibes #love #cars #car...</msg>
<var>${GET-TEXTO}</var>
<arg>${TEXTO-POSTAGEM}</arg>
<doc>Returns the text value of the element identified by ``locator``.</doc>
<status status="PASS" start="2024-03-13T14:52:43.129502" elapsed="0.072166"/>
</kw>
<kw name="Log To Console" owner="BuiltIn">
<arg>${GET-TEXTO}</arg>
<doc>Logs the given message to the console.</doc>
<status status="PASS" start="2024-03-13T14:52:43.201668" elapsed="0.000000"/>
</kw>
<kw name="Element Should Contain" owner="SeleniumLibrary">
<msg time="2024-03-13T14:52:43.291597" level="INFO">Element '//*[@data-testid="tweetText"]' contains text 'v8'.</msg>
<arg>${TEXTO-POSTAGEM}</arg>
<arg>v8</arg>
<doc>Verifies that element ``locator`` contains text ``expected``.</doc>
<status status="PASS" start="2024-03-13T14:52:43.201668" elapsed="0.089929"/>
</kw>
<status status="PASS" start="2024-03-13T14:52:40.550123" elapsed="2.741474"/>
</kw>
<kw name="Sleep" owner="BuiltIn">
<msg time="2024-03-13T14:52:45.307966" level="INFO">Slept 2 seconds.</msg>
<arg>2s</arg>
<doc>Pauses the test executed for the given time.</doc>
<status status="PASS" start="2024-03-13T14:52:43.307585" elapsed="2.000381"/>
</kw>
<kw name="Fechar navegador" owner="setupteardown" type="TEARDOWN">
<kw name="Close Browser" owner="SeleniumLibrary">
<doc>Closes the current browser.</doc>
<status status="PASS" start="2024-03-13T14:52:45.311758" elapsed="2.647301"/>
</kw>
<status status="PASS" start="2024-03-13T14:52:45.311758" elapsed="2.647301"/>
</kw>
<status status="PASS" start="2024-03-13T14:52:30.527074" elapsed="17.431985"/>
</test>
<status status="PASS" start="2024-03-13T14:52:29.537042" elapsed="18.429698"/>
</suite>
<statistics>
<total>
<stat pass="1" fail="0" skip="0">All Tests</stat>
</total>
<tag>
</tag>
<suite>
<stat pass="1" fail="0" skip="0" id="s1" name="Home-Page">Home-Page</stat>
</suite>
</statistics>
<errors>
</errors>
</robot>
