<?xml version="1.0" encoding="UTF-8"?>
<robot generator="Robot 7.0 (Python 3.12.1 on win32)" generated="2024-03-22T11:42:04.110504" rpa="false" schemaversion="5">
<suite id="s1" name="Login" source="C:\Users\v8\Desktop\projeto-teste-twitter\teste-case-tt\testes\login.robot">
<test id="s1-t1" name="Teste de login com credenciais preenchidas corretamente" line="8">
<kw name="Dado que eu acesse o site do twitter" owner="setupteardown" type="SETUP">
<kw name="Open Browser" owner="SeleniumLibrary">
<msg time="2024-03-22T11:42:04.355153" level="INFO">Opening browser 'chrome' to base url 'https://twitter.com/'.</msg>
<arg>url=${URL}</arg>
<arg>browser=chrome</arg>
<doc>Opens a new browser instance to the optional ``url``.</doc>
<status status="PASS" start="2024-03-22T11:42:04.354152" elapsed="3.336464"/>
</kw>
<kw name="Maximize Browser Window" owner="SeleniumLibrary">
<doc>Maximizes current browser window.</doc>
<status status="PASS" start="2024-03-22T11:42:07.691703" elapsed="0.228080"/>
</kw>
<status status="PASS" start="2024-03-22T11:42:04.354152" elapsed="3.566619"/>
</kw>
<kw name="Quando o usuario tentar entrar com as credenciais corretas" owner="login_page">
<kw name="Wait Until Element Is Visible" owner="SeleniumLibrary">
<arg>${BOTAO-ENTRAR}</arg>
<doc>Waits until the element ``locator`` is visible.</doc>
<status status="PASS" start="2024-03-22T11:42:07.923750" elapsed="0.536475"/>
</kw>
<kw name="Scroll Element Into View" owner="SeleniumLibrary">
<arg>${BOTAO-ENTRAR}</arg>
<doc>Scrolls the element identified by ``locator`` into view.</doc>
<status status="PASS" start="2024-03-22T11:42:08.460225" elapsed="0.295280"/>
</kw>
<kw name="Click Element" owner="SeleniumLibrary">
<msg time="2024-03-22T11:42:08.755505" level="INFO">Clicking element '//*[@href="/login"]'.</msg>
<arg>${BOTAO-ENTRAR}</arg>
<doc>Click the element identified by ``locator``.</doc>
<status status="PASS" start="2024-03-22T11:42:08.755505" elapsed="0.109235"/>
</kw>
<kw name="Wait Until Element Is Enabled" owner="SeleniumLibrary">
<msg time="2024-03-22T11:42:14.096739" level="INFO" html="true">&lt;/td&gt;&lt;/tr&gt;&lt;tr&gt;&lt;td colspan="3"&gt;&lt;a href="selenium-screenshot-13.png"&gt;&lt;img src="selenium-screenshot-13.png" width="800px"&gt;&lt;/a&gt;</msg>
<msg time="2024-03-22T11:42:14.096739" level="FAIL">Element with locator '//*[@autocomplete="username"]' not found.</msg>
<arg>${INPUT-USER}</arg>
<doc>Waits until the element ``locator`` is enabled.</doc>
<status status="FAIL" start="2024-03-22T11:42:08.865759" elapsed="5.273206">Element with locator '//*[@autocomplete="username"]' not found.</status>
</kw>
<kw name="Input Text" owner="SeleniumLibrary">
<arg>${INPUT-USER}</arg>
<arg>${USUARIO-CORRETO}</arg>
<doc>Types the given ``text`` into the text field identified by ``locator``.</doc>
<status status="NOT RUN" start="2024-03-22T11:42:14.139925" elapsed="0.000000"/>
</kw>
<kw name="Click Element" owner="SeleniumLibrary">
<arg>${BOTAO-AVANCAR}</arg>
<doc>Click the element identified by ``locator``.</doc>
<status status="NOT RUN" start="2024-03-22T11:42:14.139925" elapsed="0.000000"/>
</kw>
<kw name="Wait Until Element Is Visible" owner="SeleniumLibrary">
<arg>${INPUT-SENHA}</arg>
<doc>Waits until the element ``locator`` is visible.</doc>
<status status="NOT RUN" start="2024-03-22T11:42:14.139925" elapsed="0.000000"/>
</kw>
<kw name="Input Text" owner="SeleniumLibrary">
<arg>${INPUT-SENHA}</arg>
<arg>${SENHA-CORRETA}</arg>
<doc>Types the given ``text`` into the text field identified by ``locator``.</doc>
<status status="NOT RUN" start="2024-03-22T11:42:14.139925" elapsed="0.000000"/>
</kw>
<kw name="Click Element" owner="SeleniumLibrary">
<arg>${BOTAO-LOGIN}</arg>
<doc>Click the element identified by ``locator``.</doc>
<status status="NOT RUN" start="2024-03-22T11:42:14.139925" elapsed="0.000000"/>
</kw>
<kw name="Wait Until Element Is Visible" owner="SeleniumLibrary">
<arg>${ELEMENTO-NOTIFICACOES}</arg>
<doc>Waits until the element ``locator`` is visible.</doc>
<status status="NOT RUN" start="2024-03-22T11:42:14.139925" elapsed="0.000000"/>
</kw>
<status status="FAIL" start="2024-03-22T11:42:07.922749" elapsed="6.218170">Element with locator '//*[@autocomplete="username"]' not found.</status>
</kw>
<kw name="Então devo ser redirecionado para a página inicial do aplicativo" owner="login_page">
<status status="NOT RUN" start="2024-03-22T11:42:14.140919" elapsed="0.001061"/>
</kw>
<kw name="Fechar navegador" owner="setupteardown" type="TEARDOWN">
<kw name="Close Browser" owner="SeleniumLibrary">
<doc>Closes the current browser.</doc>
<status status="PASS" start="2024-03-22T11:42:14.142986" elapsed="2.331447"/>
</kw>
<status status="PASS" start="2024-03-22T11:42:14.142986" elapsed="2.331447"/>
</kw>
<tag>Apresentacao</tag>
<tag>Login</tag>
<status status="FAIL" start="2024-03-22T11:42:04.353151" elapsed="12.122285">Element with locator '//*[@autocomplete="username"]' not found.</status>
</test>
<test id="s1-t2" name="Teste de login com usuario errado" line="13">
<kw name="Dado que eu acesse o site do twitter" owner="setupteardown" type="SETUP">
<kw name="Open Browser" owner="SeleniumLibrary">
<msg time="2024-03-22T11:42:16.479508" level="INFO">Opening browser 'chrome' to base url 'https://twitter.com/'.</msg>
<arg>url=${URL}</arg>
<arg>browser=chrome</arg>
<doc>Opens a new browser instance to the optional ``url``.</doc>
<status status="PASS" start="2024-03-22T11:42:16.478507" elapsed="3.033686"/>
</kw>
<kw name="Maximize Browser Window" owner="SeleniumLibrary">
<doc>Maximizes current browser window.</doc>
<status status="PASS" start="2024-03-22T11:42:19.513192" elapsed="0.208041"/>
</kw>
<status status="PASS" start="2024-03-22T11:42:16.478507" elapsed="3.242726"/>
</kw>
<kw name="Quando o usuario tentar entrar com o usuario errado" owner="login_page">
<kw name="Wait Until Element Is Visible" owner="SeleniumLibrary">
<arg>${BOTAO-ENTRAR}</arg>
<doc>Waits until the element ``locator`` is visible.</doc>
<status status="PASS" start="2024-03-22T11:42:19.723572" elapsed="0.351434"/>
</kw>
<kw name="Scroll Element Into View" owner="SeleniumLibrary">
<arg>${BOTAO-ENTRAR}</arg>
<doc>Scrolls the element identified by ``locator`` into view.</doc>
<status status="PASS" start="2024-03-22T11:42:20.075006" elapsed="0.333419"/>
</kw>
<kw name="Click Element" owner="SeleniumLibrary">
<msg time="2024-03-22T11:42:20.409478" level="INFO">Clicking element '//*[@href="/login"]'.</msg>
<arg>${BOTAO-ENTRAR}</arg>
<doc>Click the element identified by ``locator``.</doc>
<status status="PASS" start="2024-03-22T11:42:20.408425" elapsed="0.086624"/>
</kw>
<kw name="Wait Until Element Is Enabled" owner="SeleniumLibrary">
<msg time="2024-03-22T11:42:25.727512" level="INFO" html="true">&lt;/td&gt;&lt;/tr&gt;&lt;tr&gt;&lt;td colspan="3"&gt;&lt;a href="selenium-screenshot-14.png"&gt;&lt;img src="selenium-screenshot-14.png" width="800px"&gt;&lt;/a&gt;</msg>
<msg time="2024-03-22T11:42:25.728521" level="FAIL">Element with locator '//*[@autocomplete="username"]' not found.</msg>
<arg>${INPUT-USER}</arg>
<doc>Waits until the element ``locator`` is enabled.</doc>
<status status="FAIL" start="2024-03-22T11:42:20.495049" elapsed="5.233472">Element with locator '//*[@autocomplete="username"]' not found.</status>
</kw>
<kw name="Input Text" owner="SeleniumLibrary">
<arg>${INPUT-USER}</arg>
<arg>${USUARIO-ERRADO}</arg>
<doc>Types the given ``text`` into the text field identified by ``locator``.</doc>
<status status="NOT RUN" start="2024-03-22T11:42:25.728521" elapsed="0.000000"/>
</kw>
<kw name="Click Element" owner="SeleniumLibrary">
<arg>${BOTAO-AVANCAR}</arg>
<doc>Click the element identified by ``locator``.</doc>
<status status="NOT RUN" start="2024-03-22T11:42:25.728521" elapsed="0.000000"/>
</kw>
<status status="FAIL" start="2024-03-22T11:42:19.723572" elapsed="6.004949">Element with locator '//*[@autocomplete="username"]' not found.</status>
</kw>
<kw name="Então o usuário deverá ser impedido de entrar no aplicativo" owner="login_page">
<status status="NOT RUN" start="2024-03-22T11:42:25.729531" elapsed="0.000000"/>
</kw>
<kw name="Fechar navegador" owner="setupteardown" type="TEARDOWN">
<kw name="Close Browser" owner="SeleniumLibrary">
<doc>Closes the current browser.</doc>
<status status="PASS" start="2024-03-22T11:42:25.730530" elapsed="2.277027"/>
</kw>
<status status="PASS" start="2024-03-22T11:42:25.730530" elapsed="2.277027"/>
</kw>
<tag>Apresentacao</tag>
<tag>Login</tag>
<status status="FAIL" start="2024-03-22T11:42:16.477507" elapsed="11.531256">Element with locator '//*[@autocomplete="username"]' not found.</status>
</test>
<status status="FAIL" start="2024-03-22T11:42:04.112502" elapsed="23.898271"/>
</suite>
<statistics>
<total>
<stat pass="0" fail="2" skip="0">All Tests</stat>
</total>
<tag>
<stat pass="0" fail="2" skip="0">Apresentacao</stat>
<stat pass="0" fail="2" skip="0">Login</stat>
</tag>
<suite>
<stat pass="0" fail="2" skip="0" id="s1" name="Login">Login</stat>
</suite>
</statistics>
<errors>
</errors>
</robot>
