<?xml version="1.0" encoding="UTF-8"?>
<robot generator="Robot 7.0 (Python 3.12.1 on win32)" generated="2024-03-15T10:45:32.471478" rpa="false" schemaversion="5">
<suite id="s1" name="Home-Page" source="C:\Users\v8\Desktop\projeto-teste-twitter\teste-case-tt\testes\home-page.robot">
<test id="s1-t1" name="Verificar se o usuario consegue postar uma foto" line="18">
<kw name="Dado que eu acesse o site do twitter" owner="setupteardown" type="SETUP">
<kw name="Open Browser" owner="SeleniumLibrary">
<msg time="2024-03-15T10:45:33.053083" level="INFO">Opening browser 'chrome' to base url 'https://twitter.com/'.</msg>
<arg>url=${URL}</arg>
<arg>browser=chrome</arg>
<doc>Opens a new browser instance to the optional ``url``.</doc>
<status status="PASS" start="2024-03-15T10:45:33.053083" elapsed="2.670061"/>
</kw>
<kw name="Maximize Browser Window" owner="SeleniumLibrary">
<doc>Maximizes current browser window.</doc>
<status status="PASS" start="2024-03-15T10:45:35.723144" elapsed="0.258771"/>
</kw>
<status status="PASS" start="2024-03-15T10:45:33.053083" elapsed="2.928832"/>
</kw>
<kw name="Quando o usuario tentar entrar com as credenciais corretas" owner="login_page">
<kw name="Wait Until Element Is Visible" owner="SeleniumLibrary">
<arg>${BOTAO-ENTRAR}</arg>
<doc>Waits until the element ``locator`` is visible.</doc>
<status status="PASS" start="2024-03-15T10:45:35.981915" elapsed="0.076358"/>
</kw>
<kw name="Scroll Element Into View" owner="SeleniumLibrary">
<arg>${BOTAO-ENTRAR}</arg>
<doc>Scrolls the element identified by ``locator`` into view.</doc>
<status status="PASS" start="2024-03-15T10:45:36.058273" elapsed="0.356281"/>
</kw>
<kw name="Click Element" owner="SeleniumLibrary">
<msg time="2024-03-15T10:45:36.414554" level="INFO">Clicking element '//*[@href="/login"]'.</msg>
<arg>${BOTAO-ENTRAR}</arg>
<doc>Click the element identified by ``locator``.</doc>
<status status="PASS" start="2024-03-15T10:45:36.414554" elapsed="0.063429"/>
</kw>
<kw name="Wait Until Element Is Enabled" owner="SeleniumLibrary">
<arg>${INPUT-USER}</arg>
<doc>Waits until the element ``locator`` is enabled.</doc>
<status status="PASS" start="2024-03-15T10:45:36.478687" elapsed="0.969775"/>
</kw>
<kw name="Input Text" owner="SeleniumLibrary">
<msg time="2024-03-15T10:45:37.448462" level="INFO">Typing text 'usuariomatteste' into text field '//*[@autocomplete="username"]'.</msg>
<arg>${INPUT-USER}</arg>
<arg>${USUARIO-CORRETO}</arg>
<doc>Types the given ``text`` into the text field identified by ``locator``.</doc>
<status status="PASS" start="2024-03-15T10:45:37.448462" elapsed="0.165258"/>
</kw>
<kw name="Click Element" owner="SeleniumLibrary">
<msg time="2024-03-15T10:45:37.614716" level="INFO">Clicking element '//*[text()="Avançar"]'.</msg>
<arg>${BOTAO-AVANCAR}</arg>
<doc>Click the element identified by ``locator``.</doc>
<status status="PASS" start="2024-03-15T10:45:37.614716" elapsed="0.052843"/>
</kw>
<kw name="Wait Until Element Is Visible" owner="SeleniumLibrary">
<arg>${INPUT-SENHA}</arg>
<doc>Waits until the element ``locator`` is visible.</doc>
<status status="PASS" start="2024-03-15T10:45:37.669516" elapsed="0.456058"/>
</kw>
<kw name="Input Text" owner="SeleniumLibrary">
<msg time="2024-03-15T10:45:38.125574" level="INFO">Typing text 'teste@1234' into text field '//*[@autocomplete="current-password"]'.</msg>
<arg>${INPUT-SENHA}</arg>
<arg>${SENHA-CORRETA}</arg>
<doc>Types the given ``text`` into the text field identified by ``locator``.</doc>
<status status="PASS" start="2024-03-15T10:45:38.125574" elapsed="0.116702"/>
</kw>
<kw name="Click Element" owner="SeleniumLibrary">
<msg time="2024-03-15T10:45:38.244217" level="INFO">Clicking element '//*[@data-testid="LoginForm_Login_Button"]'.</msg>
<arg>${BOTAO-LOGIN}</arg>
<doc>Click the element identified by ``locator``.</doc>
<status status="PASS" start="2024-03-15T10:45:38.244217" elapsed="0.046077"/>
</kw>
<kw name="Wait Until Element Is Visible" owner="SeleniumLibrary">
<arg>${ELEMENTO-NOTIFICACOES}</arg>
<doc>Waits until the element ``locator`` is visible.</doc>
<status status="PASS" start="2024-03-15T10:45:38.290294" elapsed="2.036758"/>
</kw>
<status status="PASS" start="2024-03-15T10:45:35.981915" elapsed="4.345137"/>
</kw>
<kw name="E clicar no botão de nova postagem" owner="home_page">
<kw name="Wait Until Element Is Visible" owner="SeleniumLibrary">
<arg>${BOTAO-NOVA-POSTAGEM}</arg>
<doc>Waits until the element ``locator`` is visible.</doc>
<status status="PASS" start="2024-03-15T10:45:40.327052" elapsed="0.032893"/>
</kw>
<kw name="Click Element" owner="SeleniumLibrary">
<msg time="2024-03-15T10:45:40.359945" level="INFO">Clicking element '//*[@href="/compose/post"]'.</msg>
<arg>${BOTAO-NOVA-POSTAGEM}</arg>
<doc>Click the element identified by ``locator``.</doc>
<status status="PASS" start="2024-03-15T10:45:40.359945" elapsed="0.115733"/>
</kw>
<status status="PASS" start="2024-03-15T10:45:40.327052" elapsed="0.148626"/>
</kw>
<kw name="E adicionar uma foto a ser postada" owner="home_page">
<kw name="Wait Until Element Is Visible" owner="SeleniumLibrary">
<arg>${BOTAO-POSTAR}</arg>
<doc>Waits until the element ``locator`` is visible.</doc>
<status status="PASS" start="2024-03-15T10:45:40.475678" elapsed="0.321646"/>
</kw>
<kw name="Choose File" owner="SeleniumLibrary">
<msg time="2024-03-15T10:45:40.797324" level="INFO">Sending C:\Users\v8\Desktop\projeto-teste-twitter\teste-case-tt\resources\Imagens\2150829065.jpg to browser.</msg>
<arg>${BOTAO-MIDIA}</arg>
<arg>C:\\Users\\v8\\Desktop\\projeto-teste-twitter\\teste-case-tt\\resources\\Imagens\\2150829065.jpg</arg>
<doc>Inputs the ``file_path`` into the file input field ``locator``.</doc>
<status status="PASS" start="2024-03-15T10:45:40.797324" elapsed="0.057784"/>
</kw>
<kw name="Sleep" owner="BuiltIn">
<msg time="2024-03-15T10:45:42.855634" level="INFO">Slept 2 seconds.</msg>
<arg>2s</arg>
<doc>Pauses the test executed for the given time.</doc>
<status status="PASS" start="2024-03-15T10:45:40.855108" elapsed="2.000526"/>
</kw>
<status status="PASS" start="2024-03-15T10:45:40.475678" elapsed="2.380386"/>
</kw>
<kw name="E escrever uma nova postagem" owner="home_page">
<kw name="Wait Until Element Is Visible" owner="SeleniumLibrary">
<arg>${BOTAO-POSTAR}</arg>
<doc>Waits until the element ``locator`` is visible.</doc>
<status status="PASS" start="2024-03-15T10:45:42.858139" elapsed="0.180123"/>
</kw>
<kw name="Execute Javascript" owner="SeleniumLibrary">
<msg time="2024-03-15T10:45:43.039383" level="INFO">Executing JavaScript:
return new Date().toLocaleString()
Without any arguments.</msg>
<msg time="2024-03-15T10:45:43.048585" level="INFO">${DATA-HORA} = 15/03/2024, 10:45:43</msg>
<var>${DATA-HORA}</var>
<arg>return new Date().toLocaleString()</arg>
<doc>Executes the given JavaScript code with possible arguments.</doc>
<status status="PASS" start="2024-03-15T10:45:43.038262" elapsed="0.010323"/>
</kw>
<kw name="Set Global Variable" owner="BuiltIn">
<msg time="2024-03-15T10:45:43.049633" level="INFO">${MENSAGEM-POST} = Teste de nova postagem. Data e hora:15/03/2024, 10:45:43</msg>
<arg>${MENSAGEM-POST}</arg>
<arg>Teste de nova postagem. Data e hora:${DATA-HORA}</arg>
<doc>Makes a variable available globally in all tests and suites.</doc>
<status status="PASS" start="2024-03-15T10:45:43.048585" elapsed="0.001048"/>
</kw>
<kw name="Set Global Variable" owner="BuiltIn">
<msg time="2024-03-15T10:45:43.049633" level="INFO">${ULTIMA-POSTAGEM} = //*[text()="Teste de nova postagem. Data e hora:15/03/2024, 10:45:43"]</msg>
<arg>${ULTIMA-POSTAGEM}</arg>
<arg>//*[text()="${MENSAGEM-POST}"]</arg>
<doc>Makes a variable available globally in all tests and suites.</doc>
<status status="PASS" start="2024-03-15T10:45:43.049633" elapsed="0.000000"/>
</kw>
<kw name="Input Text" owner="SeleniumLibrary">
<msg time="2024-03-15T10:45:43.049633" level="INFO">Typing text 'Teste de nova postagem. Data e hora:15/03/2024, 10:45:43' into text field '//*[@data-testid="tweetTextarea_0"]'.</msg>
<arg>${AREA-POSTAGEM}</arg>
<arg>${MENSAGEM-POST}</arg>
<doc>Types the given ``text`` into the text field identified by ``locator``.</doc>
<status status="PASS" start="2024-03-15T10:45:43.049633" elapsed="1.026659"/>
</kw>
<status status="PASS" start="2024-03-15T10:45:42.857127" elapsed="1.219165"/>
</kw>
<kw name="E clicar no botao de postar" owner="home_page">
<kw name="Wait Until Element Is Visible" owner="SeleniumLibrary">
<arg>${BOTAO-POSTAR}</arg>
<doc>Waits until the element ``locator`` is visible.</doc>
<status status="PASS" start="2024-03-15T10:45:44.077299" elapsed="0.021322"/>
</kw>
<kw name="Click Element" owner="SeleniumLibrary">
<msg time="2024-03-15T10:45:44.098621" level="INFO">Clicking element '//*[@data-testid="tweetButton"]'.</msg>
<arg>${BOTAO-POSTAR}</arg>
<doc>Click the element identified by ``locator``.</doc>
<status status="PASS" start="2024-03-15T10:45:44.098621" elapsed="0.112800"/>
</kw>
<status status="PASS" start="2024-03-15T10:45:44.077299" elapsed="0.134122"/>
</kw>
<kw name="Então a postagem deve constar no perfil do usuario" owner="home_page">
<kw name="Wait Until Element Is Enabled" owner="SeleniumLibrary">
<arg>${PERFIL}</arg>
<doc>Waits until the element ``locator`` is enabled.</doc>
<status status="PASS" start="2024-03-15T10:45:44.211421" elapsed="0.056924"/>
</kw>
<kw name="Click Element" owner="SeleniumLibrary">
<msg time="2024-03-15T10:45:44.268345" level="INFO">Clicking element '//*[@href="/usuariomatteste"]'.</msg>
<arg>${PERFIL}</arg>
<doc>Click the element identified by ``locator``.</doc>
<status status="PASS" start="2024-03-15T10:45:44.268345" elapsed="0.887806"/>
</kw>
<kw name="Wait Until Element Is Visible" owner="SeleniumLibrary">
<arg>${BOTAO-EDITAR-PERFIL}</arg>
<doc>Waits until the element ``locator`` is visible.</doc>
<status status="PASS" start="2024-03-15T10:45:45.157683" elapsed="0.263483"/>
</kw>
<kw name="Log To Console" owner="BuiltIn">
<arg>${ULTIMA-POSTAGEM}</arg>
<doc>Logs the given message to the console.</doc>
<status status="PASS" start="2024-03-15T10:45:45.421166" elapsed="0.000998"/>
</kw>
<kw name="Sleep" owner="BuiltIn">
<msg time="2024-03-15T10:45:46.423305" level="INFO">Slept 1 second.</msg>
<arg>1s</arg>
<doc>Pauses the test executed for the given time.</doc>
<status status="PASS" start="2024-03-15T10:45:45.422731" elapsed="1.000574"/>
</kw>
<kw name="Scroll Element Into View" owner="SeleniumLibrary">
<arg>${USER-NAME-PERFIL}</arg>
<doc>Scrolls the element identified by ``locator`` into view.</doc>
<status status="PASS" start="2024-03-15T10:45:46.423305" elapsed="0.374003"/>
</kw>
<kw name="Element Should Be Visible" owner="SeleniumLibrary">
<msg time="2024-03-15T10:45:46.836953" level="INFO">Element '//*[text()="Teste de nova postagem. Data e hora:15/03/2024, 10:45:43"]' is displayed.</msg>
<arg>${ULTIMA-POSTAGEM}</arg>
<doc>Verifies that the element identified by ``locator`` is visible.</doc>
<status status="PASS" start="2024-03-15T10:45:46.798329" elapsed="0.038624"/>
</kw>
<status status="PASS" start="2024-03-15T10:45:44.211421" elapsed="2.625532"/>
</kw>
<kw name="Fechar navegador" owner="setupteardown" type="TEARDOWN">
<kw name="Close Browser" owner="SeleniumLibrary">
<doc>Closes the current browser.</doc>
<status status="PASS" start="2024-03-15T10:45:46.838409" elapsed="2.593471"/>
</kw>
<status status="PASS" start="2024-03-15T10:45:46.836953" elapsed="2.594927"/>
</kw>
<tag>Postagem</tag>
<status status="PASS" start="2024-03-15T10:45:33.053083" elapsed="16.378797"/>
</test>
<test id="s1-t2" name="Verificar se o usuario consegue realizar uma nova postagem" line="27">
<kw name="Dado que eu acesse o site do twitter" owner="setupteardown" type="SETUP">
<kw name="Open Browser" owner="SeleniumLibrary">
<msg time="2024-03-15T10:45:49.431880" level="INFO">Opening browser 'chrome' to base url 'https://twitter.com/'.</msg>
<arg>url=${URL}</arg>
<arg>browser=chrome</arg>
<doc>Opens a new browser instance to the optional ``url``.</doc>
<status status="PASS" start="2024-03-15T10:45:49.431880" elapsed="2.658454"/>
</kw>
<kw name="Maximize Browser Window" owner="SeleniumLibrary">
<doc>Maximizes current browser window.</doc>
<status status="PASS" start="2024-03-15T10:45:52.090334" elapsed="0.181202"/>
</kw>
<status status="PASS" start="2024-03-15T10:45:49.431880" elapsed="2.839656"/>
</kw>
<kw name="Quando o usuario tentar entrar com as credenciais corretas" owner="login_page">
<kw name="Wait Until Element Is Visible" owner="SeleniumLibrary">
<arg>${BOTAO-ENTRAR}</arg>
<doc>Waits until the element ``locator`` is visible.</doc>
<status status="PASS" start="2024-03-15T10:45:52.273236" elapsed="0.136760"/>
</kw>
<kw name="Scroll Element Into View" owner="SeleniumLibrary">
<arg>${BOTAO-ENTRAR}</arg>
<doc>Scrolls the element identified by ``locator`` into view.</doc>
<status status="PASS" start="2024-03-15T10:45:52.409996" elapsed="0.345410"/>
</kw>
<kw name="Click Element" owner="SeleniumLibrary">
<msg time="2024-03-15T10:45:52.755406" level="INFO">Clicking element '//*[@href="/login"]'.</msg>
<arg>${BOTAO-ENTRAR}</arg>
<doc>Click the element identified by ``locator``.</doc>
<status status="PASS" start="2024-03-15T10:45:52.755406" elapsed="0.063038"/>
</kw>
<kw name="Wait Until Element Is Enabled" owner="SeleniumLibrary">
<arg>${INPUT-USER}</arg>
<doc>Waits until the element ``locator`` is enabled.</doc>
<status status="PASS" start="2024-03-15T10:45:52.819442" elapsed="0.921479"/>
</kw>
<kw name="Input Text" owner="SeleniumLibrary">
<msg time="2024-03-15T10:45:53.740921" level="INFO">Typing text 'usuariomatteste' into text field '//*[@autocomplete="username"]'.</msg>
<arg>${INPUT-USER}</arg>
<arg>${USUARIO-CORRETO}</arg>
<doc>Types the given ``text`` into the text field identified by ``locator``.</doc>
<status status="PASS" start="2024-03-15T10:45:53.740921" elapsed="0.149775"/>
</kw>
<kw name="Click Element" owner="SeleniumLibrary">
<msg time="2024-03-15T10:45:53.890696" level="INFO">Clicking element '//*[text()="Avançar"]'.</msg>
<arg>${BOTAO-AVANCAR}</arg>
<doc>Click the element identified by ``locator``.</doc>
<status status="PASS" start="2024-03-15T10:45:53.890696" elapsed="0.051470"/>
</kw>
<kw name="Wait Until Element Is Visible" owner="SeleniumLibrary">
<arg>${INPUT-SENHA}</arg>
<doc>Waits until the element ``locator`` is visible.</doc>
<status status="PASS" start="2024-03-15T10:45:53.942166" elapsed="0.451439"/>
</kw>
<kw name="Input Text" owner="SeleniumLibrary">
<msg time="2024-03-15T10:45:54.404540" level="INFO">Typing text 'teste@1234' into text field '//*[@autocomplete="current-password"]'.</msg>
<arg>${INPUT-SENHA}</arg>
<arg>${SENHA-CORRETA}</arg>
<doc>Types the given ``text`` into the text field identified by ``locator``.</doc>
<status status="PASS" start="2024-03-15T10:45:54.404540" elapsed="0.090111"/>
</kw>
<kw name="Click Element" owner="SeleniumLibrary">
<msg time="2024-03-15T10:45:54.494651" level="INFO">Clicking element '//*[@data-testid="LoginForm_Login_Button"]'.</msg>
<arg>${BOTAO-LOGIN}</arg>
<doc>Click the element identified by ``locator``.</doc>
<status status="PASS" start="2024-03-15T10:45:54.494651" elapsed="0.042897"/>
</kw>
<kw name="Wait Until Element Is Visible" owner="SeleniumLibrary">
<arg>${ELEMENTO-NOTIFICACOES}</arg>
<doc>Waits until the element ``locator`` is visible.</doc>
<status status="PASS" start="2024-03-15T10:45:54.537548" elapsed="2.079204"/>
</kw>
<status status="PASS" start="2024-03-15T10:45:52.272723" elapsed="4.344029"/>
</kw>
<kw name="E clicar no botão de nova postagem" owner="home_page">
<kw name="Wait Until Element Is Visible" owner="SeleniumLibrary">
<arg>${BOTAO-NOVA-POSTAGEM}</arg>
<doc>Waits until the element ``locator`` is visible.</doc>
<status status="PASS" start="2024-03-15T10:45:56.616752" elapsed="0.010054"/>
</kw>
<kw name="Click Element" owner="SeleniumLibrary">
<msg time="2024-03-15T10:45:56.626806" level="INFO">Clicking element '//*[@href="/compose/post"]'.</msg>
<arg>${BOTAO-NOVA-POSTAGEM}</arg>
<doc>Click the element identified by ``locator``.</doc>
<status status="PASS" start="2024-03-15T10:45:56.626806" elapsed="0.102531"/>
</kw>
<status status="PASS" start="2024-03-15T10:45:56.616752" elapsed="0.112585"/>
</kw>
<kw name="E escrever uma nova postagem" owner="home_page">
<kw name="Wait Until Element Is Visible" owner="SeleniumLibrary">
<arg>${BOTAO-POSTAR}</arg>
<doc>Waits until the element ``locator`` is visible.</doc>
<status status="PASS" start="2024-03-15T10:45:56.729337" elapsed="0.086071"/>
</kw>
<kw name="Execute Javascript" owner="SeleniumLibrary">
<msg time="2024-03-15T10:45:56.816914" level="INFO">Executing JavaScript:
return new Date().toLocaleString()
Without any arguments.</msg>
<msg time="2024-03-15T10:45:56.823921" level="INFO">${DATA-HORA} = 15/03/2024, 10:45:56</msg>
<var>${DATA-HORA}</var>
<arg>return new Date().toLocaleString()</arg>
<doc>Executes the given JavaScript code with possible arguments.</doc>
<status status="PASS" start="2024-03-15T10:45:56.815408" elapsed="0.008513"/>
</kw>
<kw name="Set Global Variable" owner="BuiltIn">
<msg time="2024-03-15T10:45:56.824922" level="INFO">${MENSAGEM-POST} = Teste de nova postagem. Data e hora:15/03/2024, 10:45:56</msg>
<arg>${MENSAGEM-POST}</arg>
<arg>Teste de nova postagem. Data e hora:${DATA-HORA}</arg>
<doc>Makes a variable available globally in all tests and suites.</doc>
<status status="PASS" start="2024-03-15T10:45:56.824922" elapsed="0.000000"/>
</kw>
<kw name="Set Global Variable" owner="BuiltIn">
<msg time="2024-03-15T10:45:56.824922" level="INFO">${ULTIMA-POSTAGEM} = //*[text()="Teste de nova postagem. Data e hora:15/03/2024, 10:45:56"]</msg>
<arg>${ULTIMA-POSTAGEM}</arg>
<arg>//*[text()="${MENSAGEM-POST}"]</arg>
<doc>Makes a variable available globally in all tests and suites.</doc>
<status status="PASS" start="2024-03-15T10:45:56.824922" elapsed="0.000000"/>
</kw>
<kw name="Input Text" owner="SeleniumLibrary">
<msg time="2024-03-15T10:45:56.825921" level="INFO">Typing text 'Teste de nova postagem. Data e hora:15/03/2024, 10:45:56' into text field '//*[@data-testid="tweetTextarea_0"]'.</msg>
<arg>${AREA-POSTAGEM}</arg>
<arg>${MENSAGEM-POST}</arg>
<doc>Types the given ``text`` into the text field identified by ``locator``.</doc>
<status status="PASS" start="2024-03-15T10:45:56.825921" elapsed="1.170261"/>
</kw>
<status status="PASS" start="2024-03-15T10:45:56.729337" elapsed="1.266845"/>
</kw>
<kw name="E clicar no botao de postar" owner="home_page">
<kw name="Wait Until Element Is Visible" owner="SeleniumLibrary">
<arg>${BOTAO-POSTAR}</arg>
<doc>Waits until the element ``locator`` is visible.</doc>
<status status="PASS" start="2024-03-15T10:45:57.996182" elapsed="0.366186"/>
</kw>
<kw name="Click Element" owner="SeleniumLibrary">
<msg time="2024-03-15T10:45:58.363367" level="INFO">Clicking element '//*[@data-testid="tweetButton"]'.</msg>
<arg>${BOTAO-POSTAR}</arg>
<doc>Click the element identified by ``locator``.</doc>
<status status="PASS" start="2024-03-15T10:45:58.362368" elapsed="0.135093"/>
</kw>
<status status="PASS" start="2024-03-15T10:45:57.996182" elapsed="0.501279"/>
</kw>
<kw name="Então deverá aparecer uma notificação confirmando a postagem" owner="home_page">
<kw name="Wait Until Element Is Visible" owner="SeleniumLibrary">
<arg>${NOTIFICACAO-POST}</arg>
<doc>Waits until the element ``locator`` is visible.</doc>
<status status="PASS" start="2024-03-15T10:45:58.497461" elapsed="0.641688"/>
</kw>
<kw name="Element Should Be Visible" owner="SeleniumLibrary">
<msg time="2024-03-15T10:45:59.156488" level="INFO">Element '//*[text()="Your post was sent."]' is displayed.</msg>
<arg>${NOTIFICACAO-POST}</arg>
<doc>Verifies that the element identified by ``locator`` is visible.</doc>
<status status="PASS" start="2024-03-15T10:45:59.139149" elapsed="0.017339"/>
</kw>
<status status="PASS" start="2024-03-15T10:45:58.497461" elapsed="0.659027"/>
</kw>
<kw name="Fechar navegador" owner="setupteardown" type="TEARDOWN">
<kw name="Close Browser" owner="SeleniumLibrary">
<doc>Closes the current browser.</doc>
<status status="PASS" start="2024-03-15T10:45:59.156488" elapsed="2.328850"/>
</kw>
<status status="PASS" start="2024-03-15T10:45:59.156488" elapsed="2.328850"/>
</kw>
<tag>Postagem</tag>
<status status="PASS" start="2024-03-15T10:45:49.431880" elapsed="12.053458"/>
</test>
<test id="s1-t3" name="Verificar se o usuario fazer uma postagem com 280 caracteres" line="35">
<kw name="Dado que eu acesse o site do twitter" owner="setupteardown" type="SETUP">
<kw name="Open Browser" owner="SeleniumLibrary">
<msg time="2024-03-15T10:46:01.485338" level="INFO">Opening browser 'chrome' to base url 'https://twitter.com/'.</msg>
<arg>url=${URL}</arg>
<arg>browser=chrome</arg>
<doc>Opens a new browser instance to the optional ``url``.</doc>
<status status="PASS" start="2024-03-15T10:46:01.485338" elapsed="2.701500"/>
</kw>
<kw name="Maximize Browser Window" owner="SeleniumLibrary">
<doc>Maximizes current browser window.</doc>
<status status="PASS" start="2024-03-15T10:46:04.186838" elapsed="0.131682"/>
</kw>
<status status="PASS" start="2024-03-15T10:46:01.485338" elapsed="2.833182"/>
</kw>
<kw name="Quando o usuario tentar entrar com as credenciais corretas" owner="login_page">
<kw name="Wait Until Element Is Visible" owner="SeleniumLibrary">
<arg>${BOTAO-ENTRAR}</arg>
<doc>Waits until the element ``locator`` is visible.</doc>
<status status="PASS" start="2024-03-15T10:46:04.318520" elapsed="0.173367"/>
</kw>
<kw name="Scroll Element Into View" owner="SeleniumLibrary">
<arg>${BOTAO-ENTRAR}</arg>
<doc>Scrolls the element identified by ``locator`` into view.</doc>
<status status="PASS" start="2024-03-15T10:46:04.491887" elapsed="0.324312"/>
</kw>
<kw name="Click Element" owner="SeleniumLibrary">
<msg time="2024-03-15T10:46:04.816199" level="INFO">Clicking element '//*[@href="/login"]'.</msg>
<arg>${BOTAO-ENTRAR}</arg>
<doc>Click the element identified by ``locator``.</doc>
<status status="PASS" start="2024-03-15T10:46:04.816199" elapsed="0.075297"/>
</kw>
<kw name="Wait Until Element Is Enabled" owner="SeleniumLibrary">
<arg>${INPUT-USER}</arg>
<doc>Waits until the element ``locator`` is enabled.</doc>
<status status="PASS" start="2024-03-15T10:46:04.891496" elapsed="0.895750"/>
</kw>
<kw name="Input Text" owner="SeleniumLibrary">
<msg time="2024-03-15T10:46:05.787246" level="INFO">Typing text 'usuariomatteste' into text field '//*[@autocomplete="username"]'.</msg>
<arg>${INPUT-USER}</arg>
<arg>${USUARIO-CORRETO}</arg>
<doc>Types the given ``text`` into the text field identified by ``locator``.</doc>
<status status="PASS" start="2024-03-15T10:46:05.787246" elapsed="0.170990"/>
</kw>
<kw name="Click Element" owner="SeleniumLibrary">
<msg time="2024-03-15T10:46:05.958236" level="INFO">Clicking element '//*[text()="Avançar"]'.</msg>
<arg>${BOTAO-AVANCAR}</arg>
<doc>Click the element identified by ``locator``.</doc>
<status status="PASS" start="2024-03-15T10:46:05.958236" elapsed="0.053071"/>
</kw>
<kw name="Wait Until Element Is Visible" owner="SeleniumLibrary">
<arg>${INPUT-SENHA}</arg>
<doc>Waits until the element ``locator`` is visible.</doc>
<status status="PASS" start="2024-03-15T10:46:06.011307" elapsed="0.460214"/>
</kw>
<kw name="Input Text" owner="SeleniumLibrary">
<msg time="2024-03-15T10:46:06.471521" level="INFO">Typing text 'teste@1234' into text field '//*[@autocomplete="current-password"]'.</msg>
<arg>${INPUT-SENHA}</arg>
<arg>${SENHA-CORRETA}</arg>
<doc>Types the given ``text`` into the text field identified by ``locator``.</doc>
<status status="PASS" start="2024-03-15T10:46:06.471521" elapsed="0.076440"/>
</kw>
<kw name="Click Element" owner="SeleniumLibrary">
<msg time="2024-03-15T10:46:06.547961" level="INFO">Clicking element '//*[@data-testid="LoginForm_Login_Button"]'.</msg>
<arg>${BOTAO-LOGIN}</arg>
<doc>Click the element identified by ``locator``.</doc>
<status status="PASS" start="2024-03-15T10:46:06.547961" elapsed="0.045394"/>
</kw>
<kw name="Wait Until Element Is Visible" owner="SeleniumLibrary">
<arg>${ELEMENTO-NOTIFICACOES}</arg>
<doc>Waits until the element ``locator`` is visible.</doc>
<status status="PASS" start="2024-03-15T10:46:06.593355" elapsed="2.067735"/>
</kw>
<status status="PASS" start="2024-03-15T10:46:04.318520" elapsed="4.342570"/>
</kw>
<kw name="E clicar no botão de nova postagem" owner="home_page">
<kw name="Wait Until Element Is Visible" owner="SeleniumLibrary">
<arg>${BOTAO-NOVA-POSTAGEM}</arg>
<doc>Waits until the element ``locator`` is visible.</doc>
<status status="PASS" start="2024-03-15T10:46:08.661090" elapsed="0.015348"/>
</kw>
<kw name="Click Element" owner="SeleniumLibrary">
<msg time="2024-03-15T10:46:08.676438" level="INFO">Clicking element '//*[@href="/compose/post"]'.</msg>
<arg>${BOTAO-NOVA-POSTAGEM}</arg>
<doc>Click the element identified by ``locator``.</doc>
<status status="PASS" start="2024-03-15T10:46:08.676438" elapsed="0.098607"/>
</kw>
<status status="PASS" start="2024-03-15T10:46:08.661090" elapsed="0.113955"/>
</kw>
<kw name="E digita 280 caracteres" owner="home_page">
<kw name="Sleep" owner="BuiltIn">
<msg time="2024-03-15T10:46:09.777435" level="INFO">Slept 1 second.</msg>
<arg>1s</arg>
<doc>Pauses the test executed for the given time.</doc>
<status status="PASS" start="2024-03-15T10:46:08.776057" elapsed="1.001378"/>
</kw>
<kw name="Press Keys" owner="SeleniumLibrary">
<msg time="2024-03-15T10:46:09.778446" level="INFO">Sending key(s) ('Teste de limite de caracteres (280)',) to page.</msg>
<msg time="2024-03-15T10:46:09.778446" level="INFO">Sending keys Teste de limite de caracteres (280)</msg>
<arg>none</arg>
<arg>Teste de limite de caracteres (280)</arg>
<doc>Simulates the user pressing key(s) to an element or on the active browser.</doc>
<status status="PASS" start="2024-03-15T10:46:09.777435" elapsed="0.848624"/>
</kw>
<for flavor="IN RANGE">
<iter>
<kw name="Press Keys" owner="SeleniumLibrary">
<msg time="2024-03-15T10:46:10.626059" level="INFO">Sending key(s) ('l',) to page.</msg>
<msg time="2024-03-15T10:46:10.626059" level="INFO">Sending key l</msg>
<arg>none</arg>
<arg>l</arg>
<doc>Simulates the user pressing key(s) to an element or on the active browser.</doc>
<status status="PASS" start="2024-03-15T10:46:10.626059" elapsed="0.023122"/>
</kw>
<var name="${counter}">0</var>
<status status="PASS" start="2024-03-15T10:46:10.626059" elapsed="0.023122"/>
</iter>
<iter>
<kw name="Press Keys" owner="SeleniumLibrary">
<msg time="2024-03-15T10:46:10.649181" level="INFO">Sending key(s) ('l',) to page.</msg>
<msg time="2024-03-15T10:46:10.649181" level="INFO">Sending key l</msg>
<arg>none</arg>
<arg>l</arg>
<doc>Simulates the user pressing key(s) to an element or on the active browser.</doc>
<status status="PASS" start="2024-03-15T10:46:10.649181" elapsed="0.029387"/>
</kw>
<var name="${counter}">1</var>
<status status="PASS" start="2024-03-15T10:46:10.649181" elapsed="0.029387"/>
</iter>
<iter>
<kw name="Press Keys" owner="SeleniumLibrary">
<msg time="2024-03-15T10:46:10.678568" level="INFO">Sending key(s) ('l',) to page.</msg>
<msg time="2024-03-15T10:46:10.682451" level="INFO">Sending key l</msg>
<arg>none</arg>
<arg>l</arg>
<doc>Simulates the user pressing key(s) to an element or on the active browser.</doc>
<status status="PASS" start="2024-03-15T10:46:10.678568" elapsed="0.023496"/>
</kw>
<var name="${counter}">2</var>
<status status="PASS" start="2024-03-15T10:46:10.678568" elapsed="0.023496"/>
</iter>
<iter>
<kw name="Press Keys" owner="SeleniumLibrary">
<msg time="2024-03-15T10:46:10.703074" level="INFO">Sending key(s) ('l',) to page.</msg>
<msg time="2024-03-15T10:46:10.703074" level="INFO">Sending key l</msg>
<arg>none</arg>
<arg>l</arg>
<doc>Simulates the user pressing key(s) to an element or on the active browser.</doc>
<status status="PASS" start="2024-03-15T10:46:10.703074" elapsed="0.019053"/>
</kw>
<var name="${counter}">3</var>
<status status="PASS" start="2024-03-15T10:46:10.702064" elapsed="0.020063"/>
</iter>
<iter>
<kw name="Press Keys" owner="SeleniumLibrary">
<msg time="2024-03-15T10:46:10.723138" level="INFO">Sending key(s) ('l',) to page.</msg>
<msg time="2024-03-15T10:46:10.723138" level="INFO">Sending key l</msg>
<arg>none</arg>
<arg>l</arg>
<doc>Simulates the user pressing key(s) to an element or on the active browser.</doc>
<status status="PASS" start="2024-03-15T10:46:10.723138" elapsed="0.025865"/>
</kw>
<var name="${counter}">4</var>
<status status="PASS" start="2024-03-15T10:46:10.723138" elapsed="0.025865"/>
</iter>
<iter>
<kw name="Press Keys" owner="SeleniumLibrary">
<msg time="2024-03-15T10:46:10.749003" level="INFO">Sending key(s) ('l',) to page.</msg>
<msg time="2024-03-15T10:46:10.749003" level="INFO">Sending key l</msg>
<arg>none</arg>
<arg>l</arg>
<doc>Simulates the user pressing key(s) to an element or on the active browser.</doc>
<status status="PASS" start="2024-03-15T10:46:10.749003" elapsed="0.029024"/>
</kw>
<var name="${counter}">5</var>
<status status="PASS" start="2024-03-15T10:46:10.749003" elapsed="0.029024"/>
</iter>
<iter>
<kw name="Press Keys" owner="SeleniumLibrary">
<msg time="2024-03-15T10:46:10.778027" level="INFO">Sending key(s) ('l',) to page.</msg>
<msg time="2024-03-15T10:46:10.778027" level="INFO">Sending key l</msg>
<arg>none</arg>
<arg>l</arg>
<doc>Simulates the user pressing key(s) to an element or on the active browser.</doc>
<status status="PASS" start="2024-03-15T10:46:10.778027" elapsed="0.021550"/>
</kw>
<var name="${counter}">6</var>
<status status="PASS" start="2024-03-15T10:46:10.778027" elapsed="0.021550"/>
</iter>
<iter>
<kw name="Press Keys" owner="SeleniumLibrary">
<msg time="2024-03-15T10:46:10.799577" level="INFO">Sending key(s) ('l',) to page.</msg>
<msg time="2024-03-15T10:46:10.799577" level="INFO">Sending key l</msg>
<arg>none</arg>
<arg>l</arg>
<doc>Simulates the user pressing key(s) to an element or on the active browser.</doc>
<status status="PASS" start="2024-03-15T10:46:10.799577" elapsed="0.021752"/>
</kw>
<var name="${counter}">7</var>
<status status="PASS" start="2024-03-15T10:46:10.799577" elapsed="0.021752"/>
</iter>
<iter>
<kw name="Press Keys" owner="SeleniumLibrary">
<msg time="2024-03-15T10:46:10.821329" level="INFO">Sending key(s) ('l',) to page.</msg>
<msg time="2024-03-15T10:46:10.821329" level="INFO">Sending key l</msg>
<arg>none</arg>
<arg>l</arg>
<doc>Simulates the user pressing key(s) to an element or on the active browser.</doc>
<status status="PASS" start="2024-03-15T10:46:10.821329" elapsed="0.026312"/>
</kw>
<var name="${counter}">8</var>
<status status="PASS" start="2024-03-15T10:46:10.821329" elapsed="0.026312"/>
</iter>
<iter>
<kw name="Press Keys" owner="SeleniumLibrary">
<msg time="2024-03-15T10:46:10.847641" level="INFO">Sending key(s) ('l',) to page.</msg>
<msg time="2024-03-15T10:46:10.847641" level="INFO">Sending key l</msg>
<arg>none</arg>
<arg>l</arg>
<doc>Simulates the user pressing key(s) to an element or on the active browser.</doc>
<status status="PASS" start="2024-03-15T10:46:10.847641" elapsed="0.019666"/>
</kw>
<var name="${counter}">9</var>
<status status="PASS" start="2024-03-15T10:46:10.847641" elapsed="0.019666"/>
</iter>
<iter>
<kw name="Press Keys" owner="SeleniumLibrary">
<msg time="2024-03-15T10:46:10.867307" level="INFO">Sending key(s) ('l',) to page.</msg>
<msg time="2024-03-15T10:46:10.867307" level="INFO">Sending key l</msg>
<arg>none</arg>
<arg>l</arg>
<doc>Simulates the user pressing key(s) to an element or on the active browser.</doc>
<status status="PASS" start="2024-03-15T10:46:10.867307" elapsed="0.026414"/>
</kw>
<var name="${counter}">10</var>
<status status="PASS" start="2024-03-15T10:46:10.867307" elapsed="0.026414"/>
</iter>
<iter>
<kw name="Press Keys" owner="SeleniumLibrary">
<msg time="2024-03-15T10:46:10.893721" level="INFO">Sending key(s) ('l',) to page.</msg>
<msg time="2024-03-15T10:46:10.893721" level="INFO">Sending key l</msg>
<arg>none</arg>
<arg>l</arg>
<doc>Simulates the user pressing key(s) to an element or on the active browser.</doc>
<status status="PASS" start="2024-03-15T10:46:10.893721" elapsed="0.026750"/>
</kw>
<var name="${counter}">11</var>
<status status="PASS" start="2024-03-15T10:46:10.893721" elapsed="0.028654"/>
</iter>
<iter>
<kw name="Press Keys" owner="SeleniumLibrary">
<msg time="2024-03-15T10:46:10.923577" level="INFO">Sending key(s) ('l',) to page.</msg>
<msg time="2024-03-15T10:46:10.923577" level="INFO">Sending key l</msg>
<arg>none</arg>
<arg>l</arg>
<doc>Simulates the user pressing key(s) to an element or on the active browser.</doc>
<status status="PASS" start="2024-03-15T10:46:10.922375" elapsed="0.022465"/>
</kw>
<var name="${counter}">12</var>
<status status="PASS" start="2024-03-15T10:46:10.922375" elapsed="0.022465"/>
</iter>
<iter>
<kw name="Press Keys" owner="SeleniumLibrary">
<msg time="2024-03-15T10:46:10.944840" level="INFO">Sending key(s) ('l',) to page.</msg>
<msg time="2024-03-15T10:46:10.944840" level="INFO">Sending key l</msg>
<arg>none</arg>
<arg>l</arg>
<doc>Simulates the user pressing key(s) to an element or on the active browser.</doc>
<status status="PASS" start="2024-03-15T10:46:10.944840" elapsed="0.019129"/>
</kw>
<var name="${counter}">13</var>
<status status="PASS" start="2024-03-15T10:46:10.944840" elapsed="0.019129"/>
</iter>
<iter>
<kw name="Press Keys" owner="SeleniumLibrary">
<msg time="2024-03-15T10:46:10.963969" level="INFO">Sending key(s) ('l',) to page.</msg>
<msg time="2024-03-15T10:46:10.963969" level="INFO">Sending key l</msg>
<arg>none</arg>
<arg>l</arg>
<doc>Simulates the user pressing key(s) to an element or on the active browser.</doc>
<status status="PASS" start="2024-03-15T10:46:10.963969" elapsed="0.018733"/>
</kw>
<var name="${counter}">14</var>
<status status="PASS" start="2024-03-15T10:46:10.963969" elapsed="0.018733"/>
</iter>
<iter>
<kw name="Press Keys" owner="SeleniumLibrary">
<msg time="2024-03-15T10:46:10.982702" level="INFO">Sending key(s) ('l',) to page.</msg>
<msg time="2024-03-15T10:46:10.982702" level="INFO">Sending key l</msg>
<arg>none</arg>
<arg>l</arg>
<doc>Simulates the user pressing key(s) to an element or on the active browser.</doc>
<status status="PASS" start="2024-03-15T10:46:10.982702" elapsed="0.018514"/>
</kw>
<var name="${counter}">15</var>
<status status="PASS" start="2024-03-15T10:46:10.982702" elapsed="0.018514"/>
</iter>
<iter>
<kw name="Press Keys" owner="SeleniumLibrary">
<msg time="2024-03-15T10:46:11.002241" level="INFO">Sending key(s) ('l',) to page.</msg>
<msg time="2024-03-15T10:46:11.002241" level="INFO">Sending key l</msg>
<arg>none</arg>
<arg>l</arg>
<doc>Simulates the user pressing key(s) to an element or on the active browser.</doc>
<status status="PASS" start="2024-03-15T10:46:11.001216" elapsed="0.010228"/>
</kw>
<var name="${counter}">16</var>
<status status="PASS" start="2024-03-15T10:46:11.001216" elapsed="0.010228"/>
</iter>
<iter>
<kw name="Press Keys" owner="SeleniumLibrary">
<msg time="2024-03-15T10:46:11.011444" level="INFO">Sending key(s) ('l',) to page.</msg>
<msg time="2024-03-15T10:46:11.011444" level="INFO">Sending key l</msg>
<arg>none</arg>
<arg>l</arg>
<doc>Simulates the user pressing key(s) to an element or on the active browser.</doc>
<status status="PASS" start="2024-03-15T10:46:11.011444" elapsed="0.030601"/>
</kw>
<var name="${counter}">17</var>
<status status="PASS" start="2024-03-15T10:46:11.011444" elapsed="0.030601"/>
</iter>
<iter>
<kw name="Press Keys" owner="SeleniumLibrary">
<msg time="2024-03-15T10:46:11.042045" level="INFO">Sending key(s) ('l',) to page.</msg>
<msg time="2024-03-15T10:46:11.042045" level="INFO">Sending key l</msg>
<arg>none</arg>
<arg>l</arg>
<doc>Simulates the user pressing key(s) to an element or on the active browser.</doc>
<status status="PASS" start="2024-03-15T10:46:11.042045" elapsed="0.020795"/>
</kw>
<var name="${counter}">18</var>
<status status="PASS" start="2024-03-15T10:46:11.042045" elapsed="0.022928"/>
</iter>
<iter>
<kw name="Press Keys" owner="SeleniumLibrary">
<msg time="2024-03-15T10:46:11.064973" level="INFO">Sending key(s) ('l',) to page.</msg>
<msg time="2024-03-15T10:46:11.064973" level="INFO">Sending key l</msg>
<arg>none</arg>
<arg>l</arg>
<doc>Simulates the user pressing key(s) to an element or on the active browser.</doc>
<status status="PASS" start="2024-03-15T10:46:11.064973" elapsed="0.016849"/>
</kw>
<var name="${counter}">19</var>
<status status="PASS" start="2024-03-15T10:46:11.064973" elapsed="0.016849"/>
</iter>
<iter>
<kw name="Press Keys" owner="SeleniumLibrary">
<msg time="2024-03-15T10:46:11.081822" level="INFO">Sending key(s) ('l',) to page.</msg>
<msg time="2024-03-15T10:46:11.081822" level="INFO">Sending key l</msg>
<arg>none</arg>
<arg>l</arg>
<doc>Simulates the user pressing key(s) to an element or on the active browser.</doc>
<status status="PASS" start="2024-03-15T10:46:11.081822" elapsed="0.018313"/>
</kw>
<var name="${counter}">20</var>
<status status="PASS" start="2024-03-15T10:46:11.081822" elapsed="0.018313"/>
</iter>
<iter>
<kw name="Press Keys" owner="SeleniumLibrary">
<msg time="2024-03-15T10:46:11.101135" level="INFO">Sending key(s) ('l',) to page.</msg>
<msg time="2024-03-15T10:46:11.101135" level="INFO">Sending key l</msg>
<arg>none</arg>
<arg>l</arg>
<doc>Simulates the user pressing key(s) to an element or on the active browser.</doc>
<status status="PASS" start="2024-03-15T10:46:11.101135" elapsed="0.027378"/>
</kw>
<var name="${counter}">21</var>
<status status="PASS" start="2024-03-15T10:46:11.100135" elapsed="0.028378"/>
</iter>
<iter>
<kw name="Press Keys" owner="SeleniumLibrary">
<msg time="2024-03-15T10:46:11.128513" level="INFO">Sending key(s) ('l',) to page.</msg>
<msg time="2024-03-15T10:46:11.128513" level="INFO">Sending key l</msg>
<arg>none</arg>
<arg>l</arg>
<doc>Simulates the user pressing key(s) to an element or on the active browser.</doc>
<status status="PASS" start="2024-03-15T10:46:11.128513" elapsed="0.020029"/>
</kw>
<var name="${counter}">22</var>
<status status="PASS" start="2024-03-15T10:46:11.128513" elapsed="0.020029"/>
</iter>
<iter>
<kw name="Press Keys" owner="SeleniumLibrary">
<msg time="2024-03-15T10:46:11.148542" level="INFO">Sending key(s) ('l',) to page.</msg>
<msg time="2024-03-15T10:46:11.148542" level="INFO">Sending key l</msg>
<arg>none</arg>
<arg>l</arg>
<doc>Simulates the user pressing key(s) to an element or on the active browser.</doc>
<status status="PASS" start="2024-03-15T10:46:11.148542" elapsed="0.018131"/>
</kw>
<var name="${counter}">23</var>
<status status="PASS" start="2024-03-15T10:46:11.148542" elapsed="0.018131"/>
</iter>
<iter>
<kw name="Press Keys" owner="SeleniumLibrary">
<msg time="2024-03-15T10:46:11.166673" level="INFO">Sending key(s) ('l',) to page.</msg>
<msg time="2024-03-15T10:46:11.167736" level="INFO">Sending key l</msg>
<arg>none</arg>
<arg>l</arg>
<doc>Simulates the user pressing key(s) to an element or on the active browser.</doc>
<status status="PASS" start="2024-03-15T10:46:11.166673" elapsed="0.015122"/>
</kw>
<var name="${counter}">24</var>
<status status="PASS" start="2024-03-15T10:46:11.166673" elapsed="0.015122"/>
</iter>
<iter>
<kw name="Press Keys" owner="SeleniumLibrary">
<msg time="2024-03-15T10:46:11.181795" level="INFO">Sending key(s) ('l',) to page.</msg>
<msg time="2024-03-15T10:46:11.181795" level="INFO">Sending key l</msg>
<arg>none</arg>
<arg>l</arg>
<doc>Simulates the user pressing key(s) to an element or on the active browser.</doc>
<status status="PASS" start="2024-03-15T10:46:11.181795" elapsed="0.019959"/>
</kw>
<var name="${counter}">25</var>
<status status="PASS" start="2024-03-15T10:46:11.181795" elapsed="0.019959"/>
</iter>
<iter>
<kw name="Press Keys" owner="SeleniumLibrary">
<msg time="2024-03-15T10:46:11.202773" level="INFO">Sending key(s) ('l',) to page.</msg>
<msg time="2024-03-15T10:46:11.202773" level="INFO">Sending key l</msg>
<arg>none</arg>
<arg>l</arg>
<doc>Simulates the user pressing key(s) to an element or on the active browser.</doc>
<status status="PASS" start="2024-03-15T10:46:11.201754" elapsed="0.007063"/>
</kw>
<var name="${counter}">26</var>
<status status="PASS" start="2024-03-15T10:46:11.201754" elapsed="0.007063"/>
</iter>
<iter>
<kw name="Press Keys" owner="SeleniumLibrary">
<msg time="2024-03-15T10:46:11.222176" level="INFO">Sending key(s) ('l',) to page.</msg>
<msg time="2024-03-15T10:46:11.222176" level="INFO">Sending key l</msg>
<arg>none</arg>
<arg>l</arg>
<doc>Simulates the user pressing key(s) to an element or on the active browser.</doc>
<status status="PASS" start="2024-03-15T10:46:11.222176" elapsed="0.021586"/>
</kw>
<var name="${counter}">27</var>
<status status="PASS" start="2024-03-15T10:46:11.222176" elapsed="0.021586"/>
</iter>
<iter>
<kw name="Press Keys" owner="SeleniumLibrary">
<msg time="2024-03-15T10:46:11.243762" level="INFO">Sending key(s) ('l',) to page.</msg>
<msg time="2024-03-15T10:46:11.243762" level="INFO">Sending key l</msg>
<arg>none</arg>
<arg>l</arg>
<doc>Simulates the user pressing key(s) to an element or on the active browser.</doc>
<status status="PASS" start="2024-03-15T10:46:11.243762" elapsed="0.018090"/>
</kw>
<var name="${counter}">28</var>
<status status="PASS" start="2024-03-15T10:46:11.243762" elapsed="0.018090"/>
</iter>
<iter>
<kw name="Press Keys" owner="SeleniumLibrary">
<msg time="2024-03-15T10:46:11.261852" level="INFO">Sending key(s) ('l',) to page.</msg>
<msg time="2024-03-15T10:46:11.261852" level="INFO">Sending key l</msg>
<arg>none</arg>
<arg>l</arg>
<doc>Simulates the user pressing key(s) to an element or on the active browser.</doc>
<status status="PASS" start="2024-03-15T10:46:11.261852" elapsed="0.022476"/>
</kw>
<var name="${counter}">29</var>
<status status="PASS" start="2024-03-15T10:46:11.261852" elapsed="0.022476"/>
</iter>
<iter>
<kw name="Press Keys" owner="SeleniumLibrary">
<msg time="2024-03-15T10:46:11.285338" level="INFO">Sending key(s) ('l',) to page.</msg>
<msg time="2024-03-15T10:46:11.285338" level="INFO">Sending key l</msg>
<arg>none</arg>
<arg>l</arg>
<doc>Simulates the user pressing key(s) to an element or on the active browser.</doc>
<status status="PASS" start="2024-03-15T10:46:11.285338" elapsed="0.016768"/>
</kw>
<var name="${counter}">30</var>
<status status="PASS" start="2024-03-15T10:46:11.285338" elapsed="0.016768"/>
</iter>
<iter>
<kw name="Press Keys" owner="SeleniumLibrary">
<msg time="2024-03-15T10:46:11.303120" level="INFO">Sending key(s) ('l',) to page.</msg>
<msg time="2024-03-15T10:46:11.303120" level="INFO">Sending key l</msg>
<arg>none</arg>
<arg>l</arg>
<doc>Simulates the user pressing key(s) to an element or on the active browser.</doc>
<status status="PASS" start="2024-03-15T10:46:11.303120" elapsed="0.012705"/>
</kw>
<var name="${counter}">31</var>
<status status="PASS" start="2024-03-15T10:46:11.303120" elapsed="0.012705"/>
</iter>
<iter>
<kw name="Press Keys" owner="SeleniumLibrary">
<msg time="2024-03-15T10:46:11.322140" level="INFO">Sending key(s) ('l',) to page.</msg>
<msg time="2024-03-15T10:46:11.322140" level="INFO">Sending key l</msg>
<arg>none</arg>
<arg>l</arg>
<doc>Simulates the user pressing key(s) to an element or on the active browser.</doc>
<status status="PASS" start="2024-03-15T10:46:11.315825" elapsed="0.020090"/>
</kw>
<var name="${counter}">32</var>
<status status="PASS" start="2024-03-15T10:46:11.315825" elapsed="0.020090"/>
</iter>
<iter>
<kw name="Press Keys" owner="SeleniumLibrary">
<msg time="2024-03-15T10:46:11.338870" level="INFO">Sending key(s) ('l',) to page.</msg>
<msg time="2024-03-15T10:46:11.338870" level="INFO">Sending key l</msg>
<arg>none</arg>
<arg>l</arg>
<doc>Simulates the user pressing key(s) to an element or on the active browser.</doc>
<status status="PASS" start="2024-03-15T10:46:11.338870" elapsed="0.020179"/>
</kw>
<var name="${counter}">33</var>
<status status="PASS" start="2024-03-15T10:46:11.335915" elapsed="0.023134"/>
</iter>
<iter>
<kw name="Press Keys" owner="SeleniumLibrary">
<msg time="2024-03-15T10:46:11.359049" level="INFO">Sending key(s) ('l',) to page.</msg>
<msg time="2024-03-15T10:46:11.359049" level="INFO">Sending key l</msg>
<arg>none</arg>
<arg>l</arg>
<doc>Simulates the user pressing key(s) to an element or on the active browser.</doc>
<status status="PASS" start="2024-03-15T10:46:11.359049" elapsed="0.023690"/>
</kw>
<var name="${counter}">34</var>
<status status="PASS" start="2024-03-15T10:46:11.359049" elapsed="0.023690"/>
</iter>
<iter>
<kw name="Press Keys" owner="SeleniumLibrary">
<msg time="2024-03-15T10:46:11.382739" level="INFO">Sending key(s) ('l',) to page.</msg>
<msg time="2024-03-15T10:46:11.382739" level="INFO">Sending key l</msg>
<arg>none</arg>
<arg>l</arg>
<doc>Simulates the user pressing key(s) to an element or on the active browser.</doc>
<status status="PASS" start="2024-03-15T10:46:11.382739" elapsed="0.020162"/>
</kw>
<var name="${counter}">35</var>
<status status="PASS" start="2024-03-15T10:46:11.382739" elapsed="0.020162"/>
</iter>
<iter>
<kw name="Press Keys" owner="SeleniumLibrary">
<msg time="2024-03-15T10:46:11.403898" level="INFO">Sending key(s) ('l',) to page.</msg>
<msg time="2024-03-15T10:46:11.403898" level="INFO">Sending key l</msg>
<arg>none</arg>
<arg>l</arg>
<doc>Simulates the user pressing key(s) to an element or on the active browser.</doc>
<status status="PASS" start="2024-03-15T10:46:11.402901" elapsed="0.013716"/>
</kw>
<var name="${counter}">36</var>
<status status="PASS" start="2024-03-15T10:46:11.402901" elapsed="0.019316"/>
</iter>
<iter>
<kw name="Press Keys" owner="SeleniumLibrary">
<msg time="2024-03-15T10:46:11.423229" level="INFO">Sending key(s) ('l',) to page.</msg>
<msg time="2024-03-15T10:46:11.423229" level="INFO">Sending key l</msg>
<arg>none</arg>
<arg>l</arg>
<doc>Simulates the user pressing key(s) to an element or on the active browser.</doc>
<status status="PASS" start="2024-03-15T10:46:11.422217" elapsed="0.016599"/>
</kw>
<var name="${counter}">37</var>
<status status="PASS" start="2024-03-15T10:46:11.422217" elapsed="0.016599"/>
</iter>
<iter>
<kw name="Press Keys" owner="SeleniumLibrary">
<msg time="2024-03-15T10:46:11.439829" level="INFO">Sending key(s) ('l',) to page.</msg>
<msg time="2024-03-15T10:46:11.439829" level="INFO">Sending key l</msg>
<arg>none</arg>
<arg>l</arg>
<doc>Simulates the user pressing key(s) to an element or on the active browser.</doc>
<status status="PASS" start="2024-03-15T10:46:11.439829" elapsed="0.015719"/>
</kw>
<var name="${counter}">38</var>
<status status="PASS" start="2024-03-15T10:46:11.438816" elapsed="0.016732"/>
</iter>
<iter>
<kw name="Press Keys" owner="SeleniumLibrary">
<msg time="2024-03-15T10:46:11.455548" level="INFO">Sending key(s) ('l',) to page.</msg>
<msg time="2024-03-15T10:46:11.455548" level="INFO">Sending key l</msg>
<arg>none</arg>
<arg>l</arg>
<doc>Simulates the user pressing key(s) to an element or on the active browser.</doc>
<status status="PASS" start="2024-03-15T10:46:11.455548" elapsed="0.019578"/>
</kw>
<var name="${counter}">39</var>
<status status="PASS" start="2024-03-15T10:46:11.455548" elapsed="0.019578"/>
</iter>
<iter>
<kw name="Press Keys" owner="SeleniumLibrary">
<msg time="2024-03-15T10:46:11.475126" level="INFO">Sending key(s) ('l',) to page.</msg>
<msg time="2024-03-15T10:46:11.475126" level="INFO">Sending key l</msg>
<arg>none</arg>
<arg>l</arg>
<doc>Simulates the user pressing key(s) to an element or on the active browser.</doc>
<status status="PASS" start="2024-03-15T10:46:11.475126" elapsed="0.019199"/>
</kw>
<var name="${counter}">40</var>
<status status="PASS" start="2024-03-15T10:46:11.475126" elapsed="0.019199"/>
</iter>
<iter>
<kw name="Press Keys" owner="SeleniumLibrary">
<msg time="2024-03-15T10:46:11.496378" level="INFO">Sending key(s) ('l',) to page.</msg>
<msg time="2024-03-15T10:46:11.496378" level="INFO">Sending key l</msg>
<arg>none</arg>
<arg>l</arg>
<doc>Simulates the user pressing key(s) to an element or on the active browser.</doc>
<status status="PASS" start="2024-03-15T10:46:11.496378" elapsed="0.019906"/>
</kw>
<var name="${counter}">41</var>
<status status="PASS" start="2024-03-15T10:46:11.494325" elapsed="0.021959"/>
</iter>
<iter>
<kw name="Press Keys" owner="SeleniumLibrary">
<msg time="2024-03-15T10:46:11.516284" level="INFO">Sending key(s) ('l',) to page.</msg>
<msg time="2024-03-15T10:46:11.516284" level="INFO">Sending key l</msg>
<arg>none</arg>
<arg>l</arg>
<doc>Simulates the user pressing key(s) to an element or on the active browser.</doc>
<status status="PASS" start="2024-03-15T10:46:11.516284" elapsed="0.021108"/>
</kw>
<var name="${counter}">42</var>
<status status="PASS" start="2024-03-15T10:46:11.516284" elapsed="0.021108"/>
</iter>
<iter>
<kw name="Press Keys" owner="SeleniumLibrary">
<msg time="2024-03-15T10:46:11.538774" level="INFO">Sending key(s) ('l',) to page.</msg>
<msg time="2024-03-15T10:46:11.538774" level="INFO">Sending key l</msg>
<arg>none</arg>
<arg>l</arg>
<doc>Simulates the user pressing key(s) to an element or on the active browser.</doc>
<status status="PASS" start="2024-03-15T10:46:11.538400" elapsed="0.020286"/>
</kw>
<var name="${counter}">43</var>
<status status="PASS" start="2024-03-15T10:46:11.537392" elapsed="0.021294"/>
</iter>
<iter>
<kw name="Press Keys" owner="SeleniumLibrary">
<msg time="2024-03-15T10:46:11.558686" level="INFO">Sending key(s) ('l',) to page.</msg>
<msg time="2024-03-15T10:46:11.558686" level="INFO">Sending key l</msg>
<arg>none</arg>
<arg>l</arg>
<doc>Simulates the user pressing key(s) to an element or on the active browser.</doc>
<status status="PASS" start="2024-03-15T10:46:11.558686" elapsed="0.020458"/>
</kw>
<var name="${counter}">44</var>
<status status="PASS" start="2024-03-15T10:46:11.558686" elapsed="0.020458"/>
</iter>
<iter>
<kw name="Press Keys" owner="SeleniumLibrary">
<msg time="2024-03-15T10:46:11.579144" level="INFO">Sending key(s) ('l',) to page.</msg>
<msg time="2024-03-15T10:46:11.579144" level="INFO">Sending key l</msg>
<arg>none</arg>
<arg>l</arg>
<doc>Simulates the user pressing key(s) to an element or on the active browser.</doc>
<status status="PASS" start="2024-03-15T10:46:11.579144" elapsed="0.020805"/>
</kw>
<var name="${counter}">45</var>
<status status="PASS" start="2024-03-15T10:46:11.579144" elapsed="0.020805"/>
</iter>
<iter>
<kw name="Press Keys" owner="SeleniumLibrary">
<msg time="2024-03-15T10:46:11.599949" level="INFO">Sending key(s) ('l',) to page.</msg>
<msg time="2024-03-15T10:46:11.599949" level="INFO">Sending key l</msg>
<arg>none</arg>
<arg>l</arg>
<doc>Simulates the user pressing key(s) to an element or on the active browser.</doc>
<status status="PASS" start="2024-03-15T10:46:11.599949" elapsed="0.013928"/>
</kw>
<var name="${counter}">46</var>
<status status="PASS" start="2024-03-15T10:46:11.599949" elapsed="0.013928"/>
</iter>
<iter>
<kw name="Press Keys" owner="SeleniumLibrary">
<msg time="2024-03-15T10:46:11.616622" level="INFO">Sending key(s) ('l',) to page.</msg>
<msg time="2024-03-15T10:46:11.616622" level="INFO">Sending key l</msg>
<arg>none</arg>
<arg>l</arg>
<doc>Simulates the user pressing key(s) to an element or on the active browser.</doc>
<status status="PASS" start="2024-03-15T10:46:11.613877" elapsed="0.018234"/>
</kw>
<var name="${counter}">47</var>
<status status="PASS" start="2024-03-15T10:46:11.613877" elapsed="0.019586"/>
</iter>
<iter>
<kw name="Press Keys" owner="SeleniumLibrary">
<msg time="2024-03-15T10:46:11.633463" level="INFO">Sending key(s) ('l',) to page.</msg>
<msg time="2024-03-15T10:46:11.633463" level="INFO">Sending key l</msg>
<arg>none</arg>
<arg>l</arg>
<doc>Simulates the user pressing key(s) to an element or on the active browser.</doc>
<status status="PASS" start="2024-03-15T10:46:11.633463" elapsed="0.018966"/>
</kw>
<var name="${counter}">48</var>
<status status="PASS" start="2024-03-15T10:46:11.633463" elapsed="0.018966"/>
</iter>
<iter>
<kw name="Press Keys" owner="SeleniumLibrary">
<msg time="2024-03-15T10:46:11.652429" level="INFO">Sending key(s) ('l',) to page.</msg>
<msg time="2024-03-15T10:46:11.652429" level="INFO">Sending key l</msg>
<arg>none</arg>
<arg>l</arg>
<doc>Simulates the user pressing key(s) to an element or on the active browser.</doc>
<status status="PASS" start="2024-03-15T10:46:11.652429" elapsed="0.023688"/>
</kw>
<var name="${counter}">49</var>
<status status="PASS" start="2024-03-15T10:46:11.652429" elapsed="0.025210"/>
</iter>
<iter>
<kw name="Press Keys" owner="SeleniumLibrary">
<msg time="2024-03-15T10:46:11.677639" level="INFO">Sending key(s) ('l',) to page.</msg>
<msg time="2024-03-15T10:46:11.677639" level="INFO">Sending key l</msg>
<arg>none</arg>
<arg>l</arg>
<doc>Simulates the user pressing key(s) to an element or on the active browser.</doc>
<status status="PASS" start="2024-03-15T10:46:11.677639" elapsed="0.018829"/>
</kw>
<var name="${counter}">50</var>
<status status="PASS" start="2024-03-15T10:46:11.677639" elapsed="0.018829"/>
</iter>
<iter>
<kw name="Press Keys" owner="SeleniumLibrary">
<msg time="2024-03-15T10:46:11.698088" level="INFO">Sending key(s) ('l',) to page.</msg>
<msg time="2024-03-15T10:46:11.698088" level="INFO">Sending key l</msg>
<arg>none</arg>
<arg>l</arg>
<doc>Simulates the user pressing key(s) to an element or on the active browser.</doc>
<status status="PASS" start="2024-03-15T10:46:11.696468" elapsed="0.019633"/>
</kw>
<var name="${counter}">51</var>
<status status="PASS" start="2024-03-15T10:46:11.696468" elapsed="0.019633"/>
</iter>
<iter>
<kw name="Press Keys" owner="SeleniumLibrary">
<msg time="2024-03-15T10:46:11.716101" level="INFO">Sending key(s) ('l',) to page.</msg>
<msg time="2024-03-15T10:46:11.716101" level="INFO">Sending key l</msg>
<arg>none</arg>
<arg>l</arg>
<doc>Simulates the user pressing key(s) to an element or on the active browser.</doc>
<status status="PASS" start="2024-03-15T10:46:11.716101" elapsed="0.019250"/>
</kw>
<var name="${counter}">52</var>
<status status="PASS" start="2024-03-15T10:46:11.716101" elapsed="0.019811"/>
</iter>
<iter>
<kw name="Press Keys" owner="SeleniumLibrary">
<msg time="2024-03-15T10:46:11.736012" level="INFO">Sending key(s) ('l',) to page.</msg>
<msg time="2024-03-15T10:46:11.736012" level="INFO">Sending key l</msg>
<arg>none</arg>
<arg>l</arg>
<doc>Simulates the user pressing key(s) to an element or on the active browser.</doc>
<status status="PASS" start="2024-03-15T10:46:11.736012" elapsed="0.010178"/>
</kw>
<var name="${counter}">53</var>
<status status="PASS" start="2024-03-15T10:46:11.736012" elapsed="0.010178"/>
</iter>
<iter>
<kw name="Press Keys" owner="SeleniumLibrary">
<msg time="2024-03-15T10:46:11.746190" level="INFO">Sending key(s) ('l',) to page.</msg>
<msg time="2024-03-15T10:46:11.746190" level="INFO">Sending key l</msg>
<arg>none</arg>
<arg>l</arg>
<doc>Simulates the user pressing key(s) to an element or on the active browser.</doc>
<status status="PASS" start="2024-03-15T10:46:11.746190" elapsed="0.029891"/>
</kw>
<var name="${counter}">54</var>
<status status="PASS" start="2024-03-15T10:46:11.746190" elapsed="0.029891"/>
</iter>
<iter>
<kw name="Press Keys" owner="SeleniumLibrary">
<msg time="2024-03-15T10:46:11.776081" level="INFO">Sending key(s) ('l',) to page.</msg>
<msg time="2024-03-15T10:46:11.776081" level="INFO">Sending key l</msg>
<arg>none</arg>
<arg>l</arg>
<doc>Simulates the user pressing key(s) to an element or on the active browser.</doc>
<status status="PASS" start="2024-03-15T10:46:11.776081" elapsed="0.020030"/>
</kw>
<var name="${counter}">55</var>
<status status="PASS" start="2024-03-15T10:46:11.776081" elapsed="0.020030"/>
</iter>
<iter>
<kw name="Press Keys" owner="SeleniumLibrary">
<msg time="2024-03-15T10:46:11.796111" level="INFO">Sending key(s) ('l',) to page.</msg>
<msg time="2024-03-15T10:46:11.796111" level="INFO">Sending key l</msg>
<arg>none</arg>
<arg>l</arg>
<doc>Simulates the user pressing key(s) to an element or on the active browser.</doc>
<status status="PASS" start="2024-03-15T10:46:11.796111" elapsed="0.030664"/>
</kw>
<var name="${counter}">56</var>
<status status="PASS" start="2024-03-15T10:46:11.796111" elapsed="0.030664"/>
</iter>
<iter>
<kw name="Press Keys" owner="SeleniumLibrary">
<msg time="2024-03-15T10:46:11.826775" level="INFO">Sending key(s) ('l',) to page.</msg>
<msg time="2024-03-15T10:46:11.826775" level="INFO">Sending key l</msg>
<arg>none</arg>
<arg>l</arg>
<doc>Simulates the user pressing key(s) to an element or on the active browser.</doc>
<status status="PASS" start="2024-03-15T10:46:11.826775" elapsed="0.028714"/>
</kw>
<var name="${counter}">57</var>
<status status="PASS" start="2024-03-15T10:46:11.826775" elapsed="0.028796"/>
</iter>
<iter>
<kw name="Press Keys" owner="SeleniumLibrary">
<msg time="2024-03-15T10:46:11.856084" level="INFO">Sending key(s) ('l',) to page.</msg>
<msg time="2024-03-15T10:46:11.856084" level="INFO">Sending key l</msg>
<arg>none</arg>
<arg>l</arg>
<doc>Simulates the user pressing key(s) to an element or on the active browser.</doc>
<status status="PASS" start="2024-03-15T10:46:11.855571" elapsed="0.010415"/>
</kw>
<var name="${counter}">58</var>
<status status="PASS" start="2024-03-15T10:46:11.855571" elapsed="0.010415"/>
</iter>
<iter>
<kw name="Press Keys" owner="SeleniumLibrary">
<msg time="2024-03-15T10:46:11.872230" level="INFO">Sending key(s) ('l',) to page.</msg>
<msg time="2024-03-15T10:46:11.872230" level="INFO">Sending key l</msg>
<arg>none</arg>
<arg>l</arg>
<doc>Simulates the user pressing key(s) to an element or on the active browser.</doc>
<status status="PASS" start="2024-03-15T10:46:11.865986" elapsed="0.022828"/>
</kw>
<var name="${counter}">59</var>
<status status="PASS" start="2024-03-15T10:46:11.865986" elapsed="0.022828"/>
</iter>
<iter>
<kw name="Press Keys" owner="SeleniumLibrary">
<msg time="2024-03-15T10:46:11.889828" level="INFO">Sending key(s) ('l',) to page.</msg>
<msg time="2024-03-15T10:46:11.889828" level="INFO">Sending key l</msg>
<arg>none</arg>
<arg>l</arg>
<doc>Simulates the user pressing key(s) to an element or on the active browser.</doc>
<status status="PASS" start="2024-03-15T10:46:11.889828" elapsed="0.018867"/>
</kw>
<var name="${counter}">60</var>
<status status="PASS" start="2024-03-15T10:46:11.888814" elapsed="0.019881"/>
</iter>
<iter>
<kw name="Press Keys" owner="SeleniumLibrary">
<msg time="2024-03-15T10:46:11.908695" level="INFO">Sending key(s) ('l',) to page.</msg>
<msg time="2024-03-15T10:46:11.908695" level="INFO">Sending key l</msg>
<arg>none</arg>
<arg>l</arg>
<doc>Simulates the user pressing key(s) to an element or on the active browser.</doc>
<status status="PASS" start="2024-03-15T10:46:11.908695" elapsed="0.018986"/>
</kw>
<var name="${counter}">61</var>
<status status="PASS" start="2024-03-15T10:46:11.908695" elapsed="0.018986"/>
</iter>
<iter>
<kw name="Press Keys" owner="SeleniumLibrary">
<msg time="2024-03-15T10:46:11.927681" level="INFO">Sending key(s) ('l',) to page.</msg>
<msg time="2024-03-15T10:46:11.927681" level="INFO">Sending key l</msg>
<arg>none</arg>
<arg>l</arg>
<doc>Simulates the user pressing key(s) to an element or on the active browser.</doc>
<status status="PASS" start="2024-03-15T10:46:11.927681" elapsed="0.019250"/>
</kw>
<var name="${counter}">62</var>
<status status="PASS" start="2024-03-15T10:46:11.927681" elapsed="0.019250"/>
</iter>
<iter>
<kw name="Press Keys" owner="SeleniumLibrary">
<msg time="2024-03-15T10:46:11.946931" level="INFO">Sending key(s) ('l',) to page.</msg>
<msg time="2024-03-15T10:46:11.946931" level="INFO">Sending key l</msg>
<arg>none</arg>
<arg>l</arg>
<doc>Simulates the user pressing key(s) to an element or on the active browser.</doc>
<status status="PASS" start="2024-03-15T10:46:11.946931" elapsed="0.019232"/>
</kw>
<var name="${counter}">63</var>
<status status="PASS" start="2024-03-15T10:46:11.946931" elapsed="0.019232"/>
</iter>
<iter>
<kw name="Press Keys" owner="SeleniumLibrary">
<msg time="2024-03-15T10:46:11.966776" level="INFO">Sending key(s) ('l',) to page.</msg>
<msg time="2024-03-15T10:46:11.966776" level="INFO">Sending key l</msg>
<arg>none</arg>
<arg>l</arg>
<doc>Simulates the user pressing key(s) to an element or on the active browser.</doc>
<status status="PASS" start="2024-03-15T10:46:11.966776" elapsed="0.017097"/>
</kw>
<var name="${counter}">64</var>
<status status="PASS" start="2024-03-15T10:46:11.966776" elapsed="0.017097"/>
</iter>
<iter>
<kw name="Press Keys" owner="SeleniumLibrary">
<msg time="2024-03-15T10:46:11.983873" level="INFO">Sending key(s) ('l',) to page.</msg>
<msg time="2024-03-15T10:46:11.983873" level="INFO">Sending key l</msg>
<arg>none</arg>
<arg>l</arg>
<doc>Simulates the user pressing key(s) to an element or on the active browser.</doc>
<status status="PASS" start="2024-03-15T10:46:11.983873" elapsed="0.013323"/>
</kw>
<var name="${counter}">65</var>
<status status="PASS" start="2024-03-15T10:46:11.983873" elapsed="0.013323"/>
</iter>
<iter>
<kw name="Press Keys" owner="SeleniumLibrary">
<msg time="2024-03-15T10:46:11.997196" level="INFO">Sending key(s) ('l',) to page.</msg>
<msg time="2024-03-15T10:46:11.997196" level="INFO">Sending key l</msg>
<arg>none</arg>
<arg>l</arg>
<doc>Simulates the user pressing key(s) to an element or on the active browser.</doc>
<status status="PASS" start="2024-03-15T10:46:11.997196" elapsed="0.018804"/>
</kw>
<var name="${counter}">66</var>
<status status="PASS" start="2024-03-15T10:46:11.997196" elapsed="0.018804"/>
</iter>
<iter>
<kw name="Press Keys" owner="SeleniumLibrary">
<msg time="2024-03-15T10:46:12.016542" level="INFO">Sending key(s) ('l',) to page.</msg>
<msg time="2024-03-15T10:46:12.016542" level="INFO">Sending key l</msg>
<arg>none</arg>
<arg>l</arg>
<doc>Simulates the user pressing key(s) to an element or on the active browser.</doc>
<status status="PASS" start="2024-03-15T10:46:12.016542" elapsed="0.015578"/>
</kw>
<var name="${counter}">67</var>
<status status="PASS" start="2024-03-15T10:46:12.016542" elapsed="0.016620"/>
</iter>
<iter>
<kw name="Press Keys" owner="SeleniumLibrary">
<msg time="2024-03-15T10:46:12.033162" level="INFO">Sending key(s) ('l',) to page.</msg>
<msg time="2024-03-15T10:46:12.033162" level="INFO">Sending key l</msg>
<arg>none</arg>
<arg>l</arg>
<doc>Simulates the user pressing key(s) to an element or on the active browser.</doc>
<status status="PASS" start="2024-03-15T10:46:12.033162" elapsed="0.013944"/>
</kw>
<var name="${counter}">68</var>
<status status="PASS" start="2024-03-15T10:46:12.033162" elapsed="0.013944"/>
</iter>
<iter>
<kw name="Press Keys" owner="SeleniumLibrary">
<msg time="2024-03-15T10:46:12.047106" level="INFO">Sending key(s) ('l',) to page.</msg>
<msg time="2024-03-15T10:46:12.047106" level="INFO">Sending key l</msg>
<arg>none</arg>
<arg>l</arg>
<doc>Simulates the user pressing key(s) to an element or on the active browser.</doc>
<status status="PASS" start="2024-03-15T10:46:12.047106" elapsed="0.017337"/>
</kw>
<var name="${counter}">69</var>
<status status="PASS" start="2024-03-15T10:46:12.047106" elapsed="0.018853"/>
</iter>
<iter>
<kw name="Press Keys" owner="SeleniumLibrary">
<msg time="2024-03-15T10:46:12.065959" level="INFO">Sending key(s) ('l',) to page.</msg>
<msg time="2024-03-15T10:46:12.065959" level="INFO">Sending key l</msg>
<arg>none</arg>
<arg>l</arg>
<doc>Simulates the user pressing key(s) to an element or on the active browser.</doc>
<status status="PASS" start="2024-03-15T10:46:12.065959" elapsed="0.016599"/>
</kw>
<var name="${counter}">70</var>
<status status="PASS" start="2024-03-15T10:46:12.065959" elapsed="0.016599"/>
</iter>
<iter>
<kw name="Press Keys" owner="SeleniumLibrary">
<msg time="2024-03-15T10:46:12.082558" level="INFO">Sending key(s) ('l',) to page.</msg>
<msg time="2024-03-15T10:46:12.082558" level="INFO">Sending key l</msg>
<arg>none</arg>
<arg>l</arg>
<doc>Simulates the user pressing key(s) to an element or on the active browser.</doc>
<status status="PASS" start="2024-03-15T10:46:12.082558" elapsed="0.019496"/>
</kw>
<var name="${counter}">71</var>
<status status="PASS" start="2024-03-15T10:46:12.082558" elapsed="0.019496"/>
</iter>
<iter>
<kw name="Press Keys" owner="SeleniumLibrary">
<msg time="2024-03-15T10:46:12.103055" level="INFO">Sending key(s) ('l',) to page.</msg>
<msg time="2024-03-15T10:46:12.103055" level="INFO">Sending key l</msg>
<arg>none</arg>
<arg>l</arg>
<doc>Simulates the user pressing key(s) to an element or on the active browser.</doc>
<status status="PASS" start="2024-03-15T10:46:12.103055" elapsed="0.012915"/>
</kw>
<var name="${counter}">72</var>
<status status="PASS" start="2024-03-15T10:46:12.103055" elapsed="0.012915"/>
</iter>
<iter>
<kw name="Press Keys" owner="SeleniumLibrary">
<msg time="2024-03-15T10:46:12.115970" level="INFO">Sending key(s) ('l',) to page.</msg>
<msg time="2024-03-15T10:46:12.115970" level="INFO">Sending key l</msg>
<arg>none</arg>
<arg>l</arg>
<doc>Simulates the user pressing key(s) to an element or on the active browser.</doc>
<status status="PASS" start="2024-03-15T10:46:12.115970" elapsed="0.022803"/>
</kw>
<var name="${counter}">73</var>
<status status="PASS" start="2024-03-15T10:46:12.115970" elapsed="0.022803"/>
</iter>
<iter>
<kw name="Press Keys" owner="SeleniumLibrary">
<msg time="2024-03-15T10:46:12.138773" level="INFO">Sending key(s) ('l',) to page.</msg>
<msg time="2024-03-15T10:46:12.138773" level="INFO">Sending key l</msg>
<arg>none</arg>
<arg>l</arg>
<doc>Simulates the user pressing key(s) to an element or on the active browser.</doc>
<status status="PASS" start="2024-03-15T10:46:12.138773" elapsed="0.007402"/>
</kw>
<var name="${counter}">74</var>
<status status="PASS" start="2024-03-15T10:46:12.138773" elapsed="0.007402"/>
</iter>
<iter>
<kw name="Press Keys" owner="SeleniumLibrary">
<msg time="2024-03-15T10:46:12.156029" level="INFO">Sending key(s) ('l',) to page.</msg>
<msg time="2024-03-15T10:46:12.156029" level="INFO">Sending key l</msg>
<arg>none</arg>
<arg>l</arg>
<doc>Simulates the user pressing key(s) to an element or on the active browser.</doc>
<status status="PASS" start="2024-03-15T10:46:12.155518" elapsed="0.016569"/>
</kw>
<var name="${counter}">75</var>
<status status="PASS" start="2024-03-15T10:46:12.146175" elapsed="0.026923"/>
</iter>
<iter>
<kw name="Press Keys" owner="SeleniumLibrary">
<msg time="2024-03-15T10:46:12.173098" level="INFO">Sending key(s) ('l',) to page.</msg>
<msg time="2024-03-15T10:46:12.173098" level="INFO">Sending key l</msg>
<arg>none</arg>
<arg>l</arg>
<doc>Simulates the user pressing key(s) to an element or on the active browser.</doc>
<status status="PASS" start="2024-03-15T10:46:12.173098" elapsed="0.019890"/>
</kw>
<var name="${counter}">76</var>
<status status="PASS" start="2024-03-15T10:46:12.173098" elapsed="0.019890"/>
</iter>
<iter>
<kw name="Press Keys" owner="SeleniumLibrary">
<msg time="2024-03-15T10:46:12.192988" level="INFO">Sending key(s) ('l',) to page.</msg>
<msg time="2024-03-15T10:46:12.192988" level="INFO">Sending key l</msg>
<arg>none</arg>
<arg>l</arg>
<doc>Simulates the user pressing key(s) to an element or on the active browser.</doc>
<status status="PASS" start="2024-03-15T10:46:12.192988" elapsed="0.017666"/>
</kw>
<var name="${counter}">77</var>
<status status="PASS" start="2024-03-15T10:46:12.192988" elapsed="0.017666"/>
</iter>
<iter>
<kw name="Press Keys" owner="SeleniumLibrary">
<msg time="2024-03-15T10:46:12.210654" level="INFO">Sending key(s) ('l',) to page.</msg>
<msg time="2024-03-15T10:46:12.210654" level="INFO">Sending key l</msg>
<arg>none</arg>
<arg>l</arg>
<doc>Simulates the user pressing key(s) to an element or on the active browser.</doc>
<status status="PASS" start="2024-03-15T10:46:12.210654" elapsed="0.017541"/>
</kw>
<var name="${counter}">78</var>
<status status="PASS" start="2024-03-15T10:46:12.210654" elapsed="0.017541"/>
</iter>
<iter>
<kw name="Press Keys" owner="SeleniumLibrary">
<msg time="2024-03-15T10:46:12.228195" level="INFO">Sending key(s) ('l',) to page.</msg>
<msg time="2024-03-15T10:46:12.228195" level="INFO">Sending key l</msg>
<arg>none</arg>
<arg>l</arg>
<doc>Simulates the user pressing key(s) to an element or on the active browser.</doc>
<status status="PASS" start="2024-03-15T10:46:12.228195" elapsed="0.018251"/>
</kw>
<var name="${counter}">79</var>
<status status="PASS" start="2024-03-15T10:46:12.228195" elapsed="0.018251"/>
</iter>
<iter>
<kw name="Press Keys" owner="SeleniumLibrary">
<msg time="2024-03-15T10:46:12.246446" level="INFO">Sending key(s) ('l',) to page.</msg>
<msg time="2024-03-15T10:46:12.246446" level="INFO">Sending key l</msg>
<arg>none</arg>
<arg>l</arg>
<doc>Simulates the user pressing key(s) to an element or on the active browser.</doc>
<status status="PASS" start="2024-03-15T10:46:12.246446" elapsed="0.019175"/>
</kw>
<var name="${counter}">80</var>
<status status="PASS" start="2024-03-15T10:46:12.246446" elapsed="0.020225"/>
</iter>
<iter>
<kw name="Press Keys" owner="SeleniumLibrary">
<msg time="2024-03-15T10:46:12.267531" level="INFO">Sending key(s) ('l',) to page.</msg>
<msg time="2024-03-15T10:46:12.267531" level="INFO">Sending key l</msg>
<arg>none</arg>
<arg>l</arg>
<doc>Simulates the user pressing key(s) to an element or on the active browser.</doc>
<status status="PASS" start="2024-03-15T10:46:12.266671" elapsed="0.019410"/>
</kw>
<var name="${counter}">81</var>
<status status="PASS" start="2024-03-15T10:46:12.266671" elapsed="0.019410"/>
</iter>
<iter>
<kw name="Press Keys" owner="SeleniumLibrary">
<msg time="2024-03-15T10:46:12.286595" level="INFO">Sending key(s) ('l',) to page.</msg>
<msg time="2024-03-15T10:46:12.286595" level="INFO">Sending key l</msg>
<arg>none</arg>
<arg>l</arg>
<doc>Simulates the user pressing key(s) to an element or on the active browser.</doc>
<status status="PASS" start="2024-03-15T10:46:12.286595" elapsed="0.012501"/>
</kw>
<var name="${counter}">82</var>
<status status="PASS" start="2024-03-15T10:46:12.286081" elapsed="0.013015"/>
</iter>
<iter>
<kw name="Press Keys" owner="SeleniumLibrary">
<msg time="2024-03-15T10:46:12.305964" level="INFO">Sending key(s) ('l',) to page.</msg>
<msg time="2024-03-15T10:46:12.305964" level="INFO">Sending key l</msg>
<arg>none</arg>
<arg>l</arg>
<doc>Simulates the user pressing key(s) to an element or on the active browser.</doc>
<status status="PASS" start="2024-03-15T10:46:12.305455" elapsed="0.010318"/>
</kw>
<var name="${counter}">83</var>
<status status="PASS" start="2024-03-15T10:46:12.299096" elapsed="0.016677"/>
</iter>
<iter>
<kw name="Press Keys" owner="SeleniumLibrary">
<msg time="2024-03-15T10:46:12.315773" level="INFO">Sending key(s) ('l',) to page.</msg>
<msg time="2024-03-15T10:46:12.322187" level="INFO">Sending key l</msg>
<arg>none</arg>
<arg>l</arg>
<doc>Simulates the user pressing key(s) to an element or on the active browser.</doc>
<status status="PASS" start="2024-03-15T10:46:12.315773" elapsed="0.023106"/>
</kw>
<var name="${counter}">84</var>
<status status="PASS" start="2024-03-15T10:46:12.315773" elapsed="0.023106"/>
</iter>
<iter>
<kw name="Press Keys" owner="SeleniumLibrary">
<msg time="2024-03-15T10:46:12.338879" level="INFO">Sending key(s) ('l',) to page.</msg>
<msg time="2024-03-15T10:46:12.338879" level="INFO">Sending key l</msg>
<arg>none</arg>
<arg>l</arg>
<doc>Simulates the user pressing key(s) to an element or on the active browser.</doc>
<status status="PASS" start="2024-03-15T10:46:12.338879" elapsed="0.019886"/>
</kw>
<var name="${counter}">85</var>
<status status="PASS" start="2024-03-15T10:46:12.338879" elapsed="0.019886"/>
</iter>
<iter>
<kw name="Press Keys" owner="SeleniumLibrary">
<msg time="2024-03-15T10:46:12.359274" level="INFO">Sending key(s) ('l',) to page.</msg>
<msg time="2024-03-15T10:46:12.359274" level="INFO">Sending key l</msg>
<arg>none</arg>
<arg>l</arg>
<doc>Simulates the user pressing key(s) to an element or on the active browser.</doc>
<status status="PASS" start="2024-03-15T10:46:12.359274" elapsed="0.019543"/>
</kw>
<var name="${counter}">86</var>
<status status="PASS" start="2024-03-15T10:46:12.359274" elapsed="0.019543"/>
</iter>
<iter>
<kw name="Press Keys" owner="SeleniumLibrary">
<msg time="2024-03-15T10:46:12.378817" level="INFO">Sending key(s) ('l',) to page.</msg>
<msg time="2024-03-15T10:46:12.378817" level="INFO">Sending key l</msg>
<arg>none</arg>
<arg>l</arg>
<doc>Simulates the user pressing key(s) to an element or on the active browser.</doc>
<status status="PASS" start="2024-03-15T10:46:12.378817" elapsed="0.018844"/>
</kw>
<var name="${counter}">87</var>
<status status="PASS" start="2024-03-15T10:46:12.378817" elapsed="0.018844"/>
</iter>
<iter>
<kw name="Press Keys" owner="SeleniumLibrary">
<msg time="2024-03-15T10:46:12.397661" level="INFO">Sending key(s) ('l',) to page.</msg>
<msg time="2024-03-15T10:46:12.397661" level="INFO">Sending key l</msg>
<arg>none</arg>
<arg>l</arg>
<doc>Simulates the user pressing key(s) to an element or on the active browser.</doc>
<status status="PASS" start="2024-03-15T10:46:12.397661" elapsed="0.018396"/>
</kw>
<var name="${counter}">88</var>
<status status="PASS" start="2024-03-15T10:46:12.397661" elapsed="0.018396"/>
</iter>
<iter>
<kw name="Press Keys" owner="SeleniumLibrary">
<msg time="2024-03-15T10:46:12.416057" level="INFO">Sending key(s) ('l',) to page.</msg>
<msg time="2024-03-15T10:46:12.416057" level="INFO">Sending key l</msg>
<arg>none</arg>
<arg>l</arg>
<doc>Simulates the user pressing key(s) to an element or on the active browser.</doc>
<status status="PASS" start="2024-03-15T10:46:12.416057" elapsed="0.016059"/>
</kw>
<var name="${counter}">89</var>
<status status="PASS" start="2024-03-15T10:46:12.416057" elapsed="0.016059"/>
</iter>
<iter>
<kw name="Press Keys" owner="SeleniumLibrary">
<msg time="2024-03-15T10:46:12.433115" level="INFO">Sending key(s) ('l',) to page.</msg>
<msg time="2024-03-15T10:46:12.433115" level="INFO">Sending key l</msg>
<arg>none</arg>
<arg>l</arg>
<doc>Simulates the user pressing key(s) to an element or on the active browser.</doc>
<status status="PASS" start="2024-03-15T10:46:12.433115" elapsed="0.015897"/>
</kw>
<var name="${counter}">90</var>
<status status="PASS" start="2024-03-15T10:46:12.432116" elapsed="0.018804"/>
</iter>
<iter>
<kw name="Press Keys" owner="SeleniumLibrary">
<msg time="2024-03-15T10:46:12.450920" level="INFO">Sending key(s) ('l',) to page.</msg>
<msg time="2024-03-15T10:46:12.450920" level="INFO">Sending key l</msg>
<arg>none</arg>
<arg>l</arg>
<doc>Simulates the user pressing key(s) to an element or on the active browser.</doc>
<status status="PASS" start="2024-03-15T10:46:12.450920" elapsed="0.014864"/>
</kw>
<var name="${counter}">91</var>
<status status="PASS" start="2024-03-15T10:46:12.450920" elapsed="0.014864"/>
</iter>
<iter>
<kw name="Press Keys" owner="SeleniumLibrary">
<msg time="2024-03-15T10:46:12.466813" level="INFO">Sending key(s) ('l',) to page.</msg>
<msg time="2024-03-15T10:46:12.466813" level="INFO">Sending key l</msg>
<arg>none</arg>
<arg>l</arg>
<doc>Simulates the user pressing key(s) to an element or on the active browser.</doc>
<status status="PASS" start="2024-03-15T10:46:12.465784" elapsed="0.015673"/>
</kw>
<var name="${counter}">92</var>
<status status="PASS" start="2024-03-15T10:46:12.465784" elapsed="0.015673"/>
</iter>
<iter>
<kw name="Press Keys" owner="SeleniumLibrary">
<msg time="2024-03-15T10:46:12.481457" level="INFO">Sending key(s) ('l',) to page.</msg>
<msg time="2024-03-15T10:46:12.481457" level="INFO">Sending key l</msg>
<arg>none</arg>
<arg>l</arg>
<doc>Simulates the user pressing key(s) to an element or on the active browser.</doc>
<status status="PASS" start="2024-03-15T10:46:12.481457" elapsed="0.016442"/>
</kw>
<var name="${counter}">93</var>
<status status="PASS" start="2024-03-15T10:46:12.481457" elapsed="0.016442"/>
</iter>
<iter>
<kw name="Press Keys" owner="SeleniumLibrary">
<msg time="2024-03-15T10:46:12.498895" level="INFO">Sending key(s) ('l',) to page.</msg>
<msg time="2024-03-15T10:46:12.498895" level="INFO">Sending key l</msg>
<arg>none</arg>
<arg>l</arg>
<doc>Simulates the user pressing key(s) to an element or on the active browser.</doc>
<status status="PASS" start="2024-03-15T10:46:12.497899" elapsed="0.017726"/>
</kw>
<var name="${counter}">94</var>
<status status="PASS" start="2024-03-15T10:46:12.497899" elapsed="0.017726"/>
</iter>
<iter>
<kw name="Press Keys" owner="SeleniumLibrary">
<msg time="2024-03-15T10:46:12.515625" level="INFO">Sending key(s) ('l',) to page.</msg>
<msg time="2024-03-15T10:46:12.515625" level="INFO">Sending key l</msg>
<arg>none</arg>
<arg>l</arg>
<doc>Simulates the user pressing key(s) to an element or on the active browser.</doc>
<status status="PASS" start="2024-03-15T10:46:12.515625" elapsed="0.017121"/>
</kw>
<var name="${counter}">95</var>
<status status="PASS" start="2024-03-15T10:46:12.515625" elapsed="0.017121"/>
</iter>
<iter>
<kw name="Press Keys" owner="SeleniumLibrary">
<msg time="2024-03-15T10:46:12.533749" level="INFO">Sending key(s) ('l',) to page.</msg>
<msg time="2024-03-15T10:46:12.533749" level="INFO">Sending key l</msg>
<arg>none</arg>
<arg>l</arg>
<doc>Simulates the user pressing key(s) to an element or on the active browser.</doc>
<status status="PASS" start="2024-03-15T10:46:12.532746" elapsed="0.017820"/>
</kw>
<var name="${counter}">96</var>
<status status="PASS" start="2024-03-15T10:46:12.532746" elapsed="0.017820"/>
</iter>
<iter>
<kw name="Press Keys" owner="SeleniumLibrary">
<msg time="2024-03-15T10:46:12.550566" level="INFO">Sending key(s) ('l',) to page.</msg>
<msg time="2024-03-15T10:46:12.550566" level="INFO">Sending key l</msg>
<arg>none</arg>
<arg>l</arg>
<doc>Simulates the user pressing key(s) to an element or on the active browser.</doc>
<status status="PASS" start="2024-03-15T10:46:12.550566" elapsed="0.018327"/>
</kw>
<var name="${counter}">97</var>
<status status="PASS" start="2024-03-15T10:46:12.550566" elapsed="0.018327"/>
</iter>
<iter>
<kw name="Press Keys" owner="SeleniumLibrary">
<msg time="2024-03-15T10:46:12.569897" level="INFO">Sending key(s) ('l',) to page.</msg>
<msg time="2024-03-15T10:46:12.569897" level="INFO">Sending key l</msg>
<arg>none</arg>
<arg>l</arg>
<doc>Simulates the user pressing key(s) to an element or on the active browser.</doc>
<status status="PASS" start="2024-03-15T10:46:12.569897" elapsed="0.018880"/>
</kw>
<var name="${counter}">98</var>
<status status="PASS" start="2024-03-15T10:46:12.568893" elapsed="0.019884"/>
</iter>
<iter>
<kw name="Press Keys" owner="SeleniumLibrary">
<msg time="2024-03-15T10:46:12.589791" level="INFO">Sending key(s) ('l',) to page.</msg>
<msg time="2024-03-15T10:46:12.589791" level="INFO">Sending key l</msg>
<arg>none</arg>
<arg>l</arg>
<doc>Simulates the user pressing key(s) to an element or on the active browser.</doc>
<status status="PASS" start="2024-03-15T10:46:12.589791" elapsed="0.016180"/>
</kw>
<var name="${counter}">99</var>
<status status="PASS" start="2024-03-15T10:46:12.589791" elapsed="0.016180"/>
</iter>
<iter>
<kw name="Press Keys" owner="SeleniumLibrary">
<msg time="2024-03-15T10:46:12.606984" level="INFO">Sending key(s) ('l',) to page.</msg>
<msg time="2024-03-15T10:46:12.606984" level="INFO">Sending key l</msg>
<arg>none</arg>
<arg>l</arg>
<doc>Simulates the user pressing key(s) to an element or on the active browser.</doc>
<status status="PASS" start="2024-03-15T10:46:12.605971" elapsed="0.017119"/>
</kw>
<var name="${counter}">100</var>
<status status="PASS" start="2024-03-15T10:46:12.605971" elapsed="0.017119"/>
</iter>
<iter>
<kw name="Press Keys" owner="SeleniumLibrary">
<msg time="2024-03-15T10:46:12.623090" level="INFO">Sending key(s) ('l',) to page.</msg>
<msg time="2024-03-15T10:46:12.624090" level="INFO">Sending key l</msg>
<arg>none</arg>
<arg>l</arg>
<doc>Simulates the user pressing key(s) to an element or on the active browser.</doc>
<status status="PASS" start="2024-03-15T10:46:12.623090" elapsed="0.015748"/>
</kw>
[...]
<status status="PASS" start="2024-03-15T10:46:32.137238" elapsed="0.016475"/>
</kw>
<var name="${counter}">244</var>
<status status="PASS" start="2024-03-15T10:46:32.137238" elapsed="0.016475"/>
</iter>
<iter>
<kw name="Press Keys" owner="SeleniumLibrary">
<msg time="2024-03-15T10:46:32.154780" level="INFO">Sending key(s) ('l',) to page.</msg>
<msg time="2024-03-15T10:46:32.155162" level="INFO">Sending key l</msg>
<arg>none</arg>
<arg>l</arg>
<doc>Simulates the user pressing key(s) to an element or on the active browser.</doc>
<status status="PASS" start="2024-03-15T10:46:32.153713" elapsed="0.030602"/>
</kw>
<var name="${counter}">245</var>
<status status="PASS" start="2024-03-15T10:46:32.153713" elapsed="0.030602"/>
</iter>
<var>${counter}</var>
<value>0</value>
<value>246</value>
<status status="PASS" start="2024-03-15T10:46:27.123649" elapsed="5.060666"/>
</for>
<status status="PASS" start="2024-03-15T10:46:25.223307" elapsed="6.961008"/>
</kw>
<kw name="Então o botao de postar deve estar desabilitado, impossibilitando a postagem" owner="home_page">
<kw name="Element Attribute Value Should Be" owner="SeleniumLibrary">
<msg time="2024-03-15T10:46:32.208794" level="INFO">Element '//*[@data-testid="tweetButton"]' attribute 'aria-disabled' contains value 'true'.</msg>
<arg>${BOTAO-POSTAR}</arg>
<arg>aria-disabled</arg>
<arg>true</arg>
<doc>Verifies element identified by ``locator`` contains expected attribute value.</doc>
<status status="PASS" start="2024-03-15T10:46:32.184825" elapsed="0.023969"/>
</kw>
<status status="PASS" start="2024-03-15T10:46:32.184825" elapsed="0.023969"/>
</kw>
<kw name="Fechar navegador" owner="setupteardown" type="TEARDOWN">
<kw name="Close Browser" owner="SeleniumLibrary">
<doc>Closes the current browser.</doc>
<status status="PASS" start="2024-03-15T10:46:32.209795" elapsed="2.391970"/>
</kw>
<status status="PASS" start="2024-03-15T10:46:32.209795" elapsed="2.391970"/>
</kw>
<tag>Postagem</tag>
<status status="PASS" start="2024-03-15T10:46:17.794331" elapsed="16.807946"/>
</test>
<test id="s1-t5" name="Verificar se o usuario consegue postar uma mensagem sem escrever nada" line="49">
<kw name="Dado que eu acesse o site do twitter" owner="setupteardown" type="SETUP">
<kw name="Open Browser" owner="SeleniumLibrary">
<msg time="2024-03-15T10:46:34.602277" level="INFO">Opening browser 'chrome' to base url 'https://twitter.com/'.</msg>
<arg>url=${URL}</arg>
<arg>browser=chrome</arg>
<doc>Opens a new browser instance to the optional ``url``.</doc>
<status status="PASS" start="2024-03-15T10:46:34.602277" elapsed="2.700561"/>
</kw>
<kw name="Maximize Browser Window" owner="SeleniumLibrary">
<doc>Maximizes current browser window.</doc>
<status status="PASS" start="2024-03-15T10:46:37.303881" elapsed="0.244181"/>
</kw>
<status status="PASS" start="2024-03-15T10:46:34.602277" elapsed="2.945785"/>
</kw>
<kw name="Quando o usuario tentar entrar com as credenciais corretas" owner="login_page">
<kw name="Wait Until Element Is Visible" owner="SeleniumLibrary">
<arg>${BOTAO-ENTRAR}</arg>
<doc>Waits until the element ``locator`` is visible.</doc>
<status status="PASS" start="2024-03-15T10:46:37.548062" elapsed="0.103617"/>
</kw>
<kw name="Scroll Element Into View" owner="SeleniumLibrary">
<arg>${BOTAO-ENTRAR}</arg>
<doc>Scrolls the element identified by ``locator`` into view.</doc>
<status status="PASS" start="2024-03-15T10:46:37.651679" elapsed="0.347651"/>
</kw>
<kw name="Click Element" owner="SeleniumLibrary">
<msg time="2024-03-15T10:46:38.000329" level="INFO">Clicking element '//*[@href="/login"]'.</msg>
<arg>${BOTAO-ENTRAR}</arg>
<doc>Click the element identified by ``locator``.</doc>
<status status="PASS" start="2024-03-15T10:46:38.000329" elapsed="0.079828"/>
</kw>
<kw name="Wait Until Element Is Enabled" owner="SeleniumLibrary">
<arg>${INPUT-USER}</arg>
<doc>Waits until the element ``locator`` is enabled.</doc>
<status status="PASS" start="2024-03-15T10:46:38.080157" elapsed="0.909095"/>
</kw>
<kw name="Input Text" owner="SeleniumLibrary">
<msg time="2024-03-15T10:46:38.989252" level="INFO">Typing text 'usuariomatteste' into text field '//*[@autocomplete="username"]'.</msg>
<arg>${INPUT-USER}</arg>
<arg>${USUARIO-CORRETO}</arg>
<doc>Types the given ``text`` into the text field identified by ``locator``.</doc>
<status status="PASS" start="2024-03-15T10:46:38.989252" elapsed="0.165338"/>
</kw>
<kw name="Click Element" owner="SeleniumLibrary">
<msg time="2024-03-15T10:46:39.155012" level="INFO">Clicking element '//*[text()="Avançar"]'.</msg>
<arg>${BOTAO-AVANCAR}</arg>
<doc>Click the element identified by ``locator``.</doc>
<status status="PASS" start="2024-03-15T10:46:39.155012" elapsed="0.072269"/>
</kw>
<kw name="Wait Until Element Is Visible" owner="SeleniumLibrary">
<arg>${INPUT-SENHA}</arg>
<doc>Waits until the element ``locator`` is visible.</doc>
<status status="PASS" start="2024-03-15T10:46:39.227281" elapsed="0.449012"/>
</kw>
<kw name="Input Text" owner="SeleniumLibrary">
<msg time="2024-03-15T10:46:39.676293" level="INFO">Typing text 'teste@1234' into text field '//*[@autocomplete="current-password"]'.</msg>
<arg>${INPUT-SENHA}</arg>
<arg>${SENHA-CORRETA}</arg>
<doc>Types the given ``text`` into the text field identified by ``locator``.</doc>
<status status="PASS" start="2024-03-15T10:46:39.676293" elapsed="0.089898"/>
</kw>
<kw name="Click Element" owner="SeleniumLibrary">
<msg time="2024-03-15T10:46:39.766191" level="INFO">Clicking element '//*[@data-testid="LoginForm_Login_Button"]'.</msg>
<arg>${BOTAO-LOGIN}</arg>
<doc>Click the element identified by ``locator``.</doc>
<status status="PASS" start="2024-03-15T10:46:39.766191" elapsed="0.046510"/>
</kw>
<kw name="Wait Until Element Is Visible" owner="SeleniumLibrary">
<arg>${ELEMENTO-NOTIFICACOES}</arg>
<doc>Waits until the element ``locator`` is visible.</doc>
<status status="PASS" start="2024-03-15T10:46:39.812701" elapsed="2.137932"/>
</kw>
<status status="PASS" start="2024-03-15T10:46:37.548062" elapsed="4.403206"/>
</kw>
<kw name="E clicar no botão de nova postagem" owner="home_page">
<kw name="Wait Until Element Is Visible" owner="SeleniumLibrary">
<arg>${BOTAO-NOVA-POSTAGEM}</arg>
<doc>Waits until the element ``locator`` is visible.</doc>
<status status="PASS" start="2024-03-15T10:46:41.952189" elapsed="0.022749"/>
</kw>
<kw name="Click Element" owner="SeleniumLibrary">
<msg time="2024-03-15T10:46:41.974938" level="INFO">Clicking element '//*[@href="/compose/post"]'.</msg>
<arg>${BOTAO-NOVA-POSTAGEM}</arg>
<doc>Click the element identified by ``locator``.</doc>
<status status="PASS" start="2024-03-15T10:46:41.974938" elapsed="0.084141"/>
</kw>
<status status="PASS" start="2024-03-15T10:46:41.951268" elapsed="0.108861"/>
</kw>
<kw name="E tentar postar uma mensagem sem digitar nada" owner="home_page">
<kw name="Wait Until Element Is Visible" owner="SeleniumLibrary">
<arg>${BOTAO-POSTAR}</arg>
<doc>Waits until the element ``locator`` is visible.</doc>
<status status="PASS" start="2024-03-15T10:46:42.061134" elapsed="0.092709"/>
</kw>
<kw name="Input Text" owner="SeleniumLibrary">
<msg time="2024-03-15T10:46:42.153843" level="INFO">Typing text '' into text field '//*[@data-testid="tweetTextarea_0"]'.</msg>
<arg>${AREA-POSTAGEM}</arg>
<arg>${POST-EM-BRANCO}</arg>
<doc>Types the given ``text`` into the text field identified by ``locator``.</doc>
<status status="PASS" start="2024-03-15T10:46:42.153843" elapsed="0.251250"/>
</kw>
<status status="PASS" start="2024-03-15T10:46:42.060129" elapsed="0.344964"/>
</kw>
<kw name="Então o botao de postagem deve estar inativo, impedindo a postagem" owner="home_page">
<kw name="Element Attribute Value Should Be" owner="SeleniumLibrary">
<msg time="2024-03-15T10:46:42.423398" level="INFO">Element '//*[@data-testid="tweetButton"]' attribute 'aria-disabled' contains value 'true'.</msg>
<arg>${BOTAO-POSTAR}</arg>
<arg>aria-disabled</arg>
<arg>true</arg>
<doc>Verifies element identified by ``locator`` contains expected attribute value.</doc>
<status status="PASS" start="2024-03-15T10:46:42.405093" elapsed="0.018305"/>
</kw>
<status status="PASS" start="2024-03-15T10:46:42.405093" elapsed="0.018305"/>
</kw>
<kw name="Fechar navegador" owner="setupteardown" type="TEARDOWN">
<kw name="Close Browser" owner="SeleniumLibrary">
<doc>Closes the current browser.</doc>
<status status="PASS" start="2024-03-15T10:46:42.423398" elapsed="2.202333"/>
</kw>
<status status="PASS" start="2024-03-15T10:46:42.423398" elapsed="2.202333"/>
</kw>
<tag>Postagem</tag>
<status status="PASS" start="2024-03-15T10:46:34.602277" elapsed="10.023454"/>
</test>
<test id="s1-t6" name="Verificar se o usuario consegue salvar uma postagem como rascunho" line="56">
<kw name="Dado que eu acesse o site do twitter" owner="setupteardown" type="SETUP">
<kw name="Open Browser" owner="SeleniumLibrary">
<msg time="2024-03-15T10:46:44.628728" level="INFO">Opening browser 'chrome' to base url 'https://twitter.com/'.</msg>
<arg>url=${URL}</arg>
<arg>browser=chrome</arg>
<doc>Opens a new browser instance to the optional ``url``.</doc>
<status status="PASS" start="2024-03-15T10:46:44.628728" elapsed="2.614318"/>
</kw>
<kw name="Maximize Browser Window" owner="SeleniumLibrary">
<doc>Maximizes current browser window.</doc>
<status status="PASS" start="2024-03-15T10:46:47.243046" elapsed="0.248456"/>
</kw>
<status status="PASS" start="2024-03-15T10:46:44.628728" elapsed="2.862774"/>
</kw>
<kw name="Quando o usuario tentar entrar com as credenciais corretas" owner="login_page">
<kw name="Wait Until Element Is Visible" owner="SeleniumLibrary">
<arg>${BOTAO-ENTRAR}</arg>
<doc>Waits until the element ``locator`` is visible.</doc>
<status status="PASS" start="2024-03-15T10:46:47.491502" elapsed="0.096441"/>
</kw>
<kw name="Scroll Element Into View" owner="SeleniumLibrary">
<arg>${BOTAO-ENTRAR}</arg>
<doc>Scrolls the element identified by ``locator`` into view.</doc>
<status status="PASS" start="2024-03-15T10:46:47.589150" elapsed="0.286043"/>
</kw>
<kw name="Click Element" owner="SeleniumLibrary">
<msg time="2024-03-15T10:46:47.875975" level="INFO">Clicking element '//*[@href="/login"]'.</msg>
<arg>${BOTAO-ENTRAR}</arg>
<doc>Click the element identified by ``locator``.</doc>
<status status="PASS" start="2024-03-15T10:46:47.875193" elapsed="0.075755"/>
</kw>
<kw name="Wait Until Element Is Enabled" owner="SeleniumLibrary">
<arg>${INPUT-USER}</arg>
<doc>Waits until the element ``locator`` is enabled.</doc>
<status status="PASS" start="2024-03-15T10:46:47.951384" elapsed="0.900288"/>
</kw>
<kw name="Input Text" owner="SeleniumLibrary">
<msg time="2024-03-15T10:46:48.851672" level="INFO">Typing text 'usuariomatteste' into text field '//*[@autocomplete="username"]'.</msg>
<arg>${INPUT-USER}</arg>
<arg>${USUARIO-CORRETO}</arg>
<doc>Types the given ``text`` into the text field identified by ``locator``.</doc>
<status status="PASS" start="2024-03-15T10:46:48.851672" elapsed="0.163028"/>
</kw>
<kw name="Click Element" owner="SeleniumLibrary">
<msg time="2024-03-15T10:46:49.014700" level="INFO">Clicking element '//*[text()="Avançar"]'.</msg>
<arg>${BOTAO-AVANCAR}</arg>
<doc>Click the element identified by ``locator``.</doc>
<status status="PASS" start="2024-03-15T10:46:49.014700" elapsed="0.054648"/>
</kw>
<kw name="Wait Until Element Is Visible" owner="SeleniumLibrary">
<arg>${INPUT-SENHA}</arg>
<doc>Waits until the element ``locator`` is visible.</doc>
<status status="PASS" start="2024-03-15T10:46:49.070179" elapsed="0.463323"/>
</kw>
<kw name="Input Text" owner="SeleniumLibrary">
<msg time="2024-03-15T10:46:49.534504" level="INFO">Typing text 'teste@1234' into text field '//*[@autocomplete="current-password"]'.</msg>
<arg>${INPUT-SENHA}</arg>
<arg>${SENHA-CORRETA}</arg>
<doc>Types the given ``text`` into the text field identified by ``locator``.</doc>
<status status="PASS" start="2024-03-15T10:46:49.533502" elapsed="0.075218"/>
</kw>
<kw name="Click Element" owner="SeleniumLibrary">
<msg time="2024-03-15T10:46:49.608720" level="INFO">Clicking element '//*[@data-testid="LoginForm_Login_Button"]'.</msg>
<arg>${BOTAO-LOGIN}</arg>
<doc>Click the element identified by ``locator``.</doc>
<status status="PASS" start="2024-03-15T10:46:49.608720" elapsed="0.042133"/>
</kw>
<kw name="Wait Until Element Is Visible" owner="SeleniumLibrary">
<arg>${ELEMENTO-NOTIFICACOES}</arg>
<doc>Waits until the element ``locator`` is visible.</doc>
<status status="PASS" start="2024-03-15T10:46:49.652298" elapsed="2.055053"/>
</kw>
<status status="PASS" start="2024-03-15T10:46:47.491502" elapsed="4.215849"/>
</kw>
<kw name="E clicar no botão de nova postagem" owner="home_page">
<kw name="Wait Until Element Is Visible" owner="SeleniumLibrary">
<arg>${BOTAO-NOVA-POSTAGEM}</arg>
<doc>Waits until the element ``locator`` is visible.</doc>
<status status="PASS" start="2024-03-15T10:46:51.707351" elapsed="0.045401"/>
</kw>
<kw name="Click Element" owner="SeleniumLibrary">
<msg time="2024-03-15T10:46:51.752752" level="INFO">Clicking element '//*[@href="/compose/post"]'.</msg>
<arg>${BOTAO-NOVA-POSTAGEM}</arg>
<doc>Click the element identified by ``locator``.</doc>
<status status="PASS" start="2024-03-15T10:46:51.752752" elapsed="0.090697"/>
</kw>
<status status="PASS" start="2024-03-15T10:46:51.707351" elapsed="0.137108"/>
</kw>
<kw name="E escrever uma nova postagem" owner="home_page">
<kw name="Wait Until Element Is Visible" owner="SeleniumLibrary">
<arg>${BOTAO-POSTAR}</arg>
<doc>Waits until the element ``locator`` is visible.</doc>
<status status="PASS" start="2024-03-15T10:46:51.846448" elapsed="0.297399"/>
</kw>
<kw name="Execute Javascript" owner="SeleniumLibrary">
<msg time="2024-03-15T10:46:52.143847" level="INFO">Executing JavaScript:
return new Date().toLocaleString()
Without any arguments.</msg>
<msg time="2024-03-15T10:46:52.154886" level="INFO">${DATA-HORA} = 15/03/2024, 10:46:52</msg>
<var>${DATA-HORA}</var>
<arg>return new Date().toLocaleString()</arg>
<doc>Executes the given JavaScript code with possible arguments.</doc>
<status status="PASS" start="2024-03-15T10:46:52.143847" elapsed="0.011039"/>
</kw>
<kw name="Set Global Variable" owner="BuiltIn">
<msg time="2024-03-15T10:46:52.154886" level="INFO">${MENSAGEM-POST} = Teste de nova postagem. Data e hora:15/03/2024, 10:46:52</msg>
<arg>${MENSAGEM-POST}</arg>
<arg>Teste de nova postagem. Data e hora:${DATA-HORA}</arg>
<doc>Makes a variable available globally in all tests and suites.</doc>
<status status="PASS" start="2024-03-15T10:46:52.154886" elapsed="0.000000"/>
</kw>
<kw name="Set Global Variable" owner="BuiltIn">
<msg time="2024-03-15T10:46:52.154886" level="INFO">${ULTIMA-POSTAGEM} = //*[text()="Teste de nova postagem. Data e hora:15/03/2024, 10:46:52"]</msg>
<arg>${ULTIMA-POSTAGEM}</arg>
<arg>//*[text()="${MENSAGEM-POST}"]</arg>
<doc>Makes a variable available globally in all tests and suites.</doc>
<status status="PASS" start="2024-03-15T10:46:52.154886" elapsed="0.000000"/>
</kw>
<kw name="Input Text" owner="SeleniumLibrary">
<msg time="2024-03-15T10:46:52.154886" level="INFO">Typing text 'Teste de nova postagem. Data e hora:15/03/2024, 10:46:52' into text field '//*[@data-testid="tweetTextarea_0"]'.</msg>
<arg>${AREA-POSTAGEM}</arg>
<arg>${MENSAGEM-POST}</arg>
<doc>Types the given ``text`` into the text field identified by ``locator``.</doc>
<status status="PASS" start="2024-03-15T10:46:52.154886" elapsed="1.047379"/>
</kw>
<status status="PASS" start="2024-03-15T10:46:51.845456" elapsed="1.357340"/>
</kw>
<kw name="E cancelar o envio do post" owner="home_page">
<kw name="Click Element" owner="SeleniumLibrary">
<msg time="2024-03-15T10:46:53.202796" level="INFO">Clicking element '//*[@data-testid="app-bar-close"]'.</msg>
<arg>${BOTAO-FECHAR-POST}</arg>
<doc>Click the element identified by ``locator``.</doc>
<status status="PASS" start="2024-03-15T10:46:53.202796" elapsed="0.413511"/>
</kw>
<status status="PASS" start="2024-03-15T10:46:53.202796" elapsed="0.413511"/>
</kw>
<kw name="E salvar o post nos rascunhos" owner="home_page">
<kw name="Wait Until Element Is Visible" owner="SeleniumLibrary">
<arg>${BOTAO-SALVAR-RASCUNHO}</arg>
<doc>Waits until the element ``locator`` is visible.</doc>
<status status="PASS" start="2024-03-15T10:46:53.617489" elapsed="0.037265"/>
</kw>
<kw name="Click Element" owner="SeleniumLibrary">
<msg time="2024-03-15T10:46:53.655765" level="INFO">Clicking element '//*[@data-testid="confirmationSheetConfirm"]'.</msg>
<arg>${BOTAO-SALVAR-RASCUNHO}</arg>
<doc>Click the element identified by ``locator``.</doc>
<status status="PASS" start="2024-03-15T10:46:53.654754" elapsed="0.070608"/>
</kw>
<status status="PASS" start="2024-03-15T10:46:53.616307" elapsed="0.109055"/>
</kw>
<kw name="E clicar no botão de nova postagem" owner="home_page">
<kw name="Wait Until Element Is Visible" owner="SeleniumLibrary">
<arg>${BOTAO-NOVA-POSTAGEM}</arg>
<doc>Waits until the element ``locator`` is visible.</doc>
<status status="PASS" start="2024-03-15T10:46:53.725362" elapsed="0.024452"/>
</kw>
<kw name="Click Element" owner="SeleniumLibrary">
<msg time="2024-03-15T10:46:53.755330" level="INFO">Clicking element '//*[@href="/compose/post"]'.</msg>
<arg>${BOTAO-NOVA-POSTAGEM}</arg>
<doc>Click the element identified by ``locator``.</doc>
<status status="PASS" start="2024-03-15T10:46:53.754808" elapsed="0.584155"/>
</kw>
<status status="PASS" start="2024-03-15T10:46:53.725362" elapsed="0.613601"/>
</kw>
<kw name="Então o post salvo deve estar na parte de rascunhos" owner="home_page">
<kw name="Wait Until Element Is Visible" owner="SeleniumLibrary">
<arg>${BOTAO-RASCUNHOS}</arg>
<doc>Waits until the element ``locator`` is visible.</doc>
<status status="PASS" start="2024-03-15T10:46:54.340305" elapsed="0.062023"/>
</kw>
<kw name="Click Element" owner="SeleniumLibrary">
<msg time="2024-03-15T10:46:54.402328" level="INFO">Clicking element '//*[@data-testid="unsentButton"]'.</msg>
<arg>${BOTAO-RASCUNHOS}</arg>
<doc>Click the element identified by ``locator``.</doc>
<status status="PASS" start="2024-03-15T10:46:54.402328" elapsed="0.112705"/>
</kw>
<kw name="Wait Until Element Is Visible" owner="SeleniumLibrary">
<arg>${ULTIMO-RASCUNHO}</arg>
<doc>Waits until the element ``locator`` is visible.</doc>
<status status="PASS" start="2024-03-15T10:46:54.515033" elapsed="0.074834"/>
</kw>
<kw name="Click Element" owner="SeleniumLibrary">
<msg time="2024-03-15T10:46:54.589867" level="INFO">Clicking element '//*[@data-testid="unsentTweet"]'.</msg>
<arg>${ULTIMO-RASCUNHO}</arg>
<doc>Click the element identified by ``locator``.</doc>
<status status="PASS" start="2024-03-15T10:46:54.589867" elapsed="0.166955"/>
</kw>
<kw name="Element Should Contain" owner="SeleniumLibrary">
<msg time="2024-03-15T10:46:54.789039" level="INFO">Element '//*[@data-testid="tweetTextarea_0"]' contains text 'Teste de nova postagem. Data e hora:15/03/2024, 10:46:52'.</msg>
<arg>${AREA-POSTAGEM}</arg>
<arg>${MENSAGEM-POST}</arg>
<doc>Verifies that element ``locator`` contains text ``expected``.</doc>
<status status="PASS" start="2024-03-15T10:46:54.756822" elapsed="0.032217"/>
</kw>
<status status="PASS" start="2024-03-15T10:46:54.338963" elapsed="0.450076"/>
</kw>
<kw name="Fechar navegador" owner="setupteardown" type="TEARDOWN">
<kw name="Close Browser" owner="SeleniumLibrary">
<doc>Closes the current browser.</doc>
<status status="PASS" start="2024-03-15T10:46:54.799366" elapsed="2.318412"/>
</kw>
<status status="PASS" start="2024-03-15T10:46:54.789039" elapsed="2.328739"/>
</kw>
<tag>Postagem</tag>
<status status="PASS" start="2024-03-15T10:46:44.627728" elapsed="12.490675"/>
</test>
<status status="PASS" start="2024-03-15T10:45:32.471478" elapsed="84.646925"/>
</suite>
<statistics>
<total>
<stat pass="6" fail="0" skip="0">All Tests</stat>
</total>
<tag>
<stat pass="6" fail="0" skip="0">Postagem</stat>
</tag>
<suite>
<stat pass="6" fail="0" skip="0" id="s1" name="Home-Page">Home-Page</stat>
</suite>
</statistics>
<errors>
</errors>
</robot>
