<?xml version="1.0" encoding="UTF-8"?>
<robot generator="Robot 7.0 (Python 3.12.1 on win32)" generated="2024-03-18T11:40:49.794561" rpa="false" schemaversion="5">
<suite id="s1" name="Home-Page" source="C:\Users\v8\Desktop\projeto-teste-twitter\teste-case-tt\testes\home-page.robot">
<test id="s1-t1" name="Verificar se o usuario consegue excluir uma postagem" line="68">
<kw name="Dado que eu acesse o site do twitter" owner="setupteardown" type="SETUP">
<kw name="Open Browser" owner="SeleniumLibrary">
<msg time="2024-03-18T11:40:50.750042" level="INFO">Opening browser 'chrome' to base url 'https://twitter.com/'.</msg>
<arg>url=${URL}</arg>
<arg>browser=chrome</arg>
<doc>Opens a new browser instance to the optional ``url``.</doc>
<status status="PASS" start="2024-03-18T11:40:50.750042" elapsed="3.624558"/>
</kw>
<kw name="Maximize Browser Window" owner="SeleniumLibrary">
<doc>Maximizes current browser window.</doc>
<status status="PASS" start="2024-03-18T11:40:54.374600" elapsed="0.303319"/>
</kw>
<status status="PASS" start="2024-03-18T11:40:50.750042" elapsed="3.927877"/>
</kw>
<kw name="Quando o usuario tentar entrar com as credenciais corretas" owner="login_page">
<kw name="Wait Until Element Is Visible" owner="SeleniumLibrary">
<arg>${BOTAO-ENTRAR}</arg>
<doc>Waits until the element ``locator`` is visible.</doc>
<status status="PASS" start="2024-03-18T11:40:54.677919" elapsed="0.154779"/>
</kw>
<kw name="Scroll Element Into View" owner="SeleniumLibrary">
<arg>${BOTAO-ENTRAR}</arg>
<doc>Scrolls the element identified by ``locator`` into view.</doc>
<status status="PASS" start="2024-03-18T11:40:54.832698" elapsed="0.309969"/>
</kw>
<kw name="Click Element" owner="SeleniumLibrary">
<msg time="2024-03-18T11:40:55.143048" level="INFO">Clicking element '//*[@href="/login"]'.</msg>
<arg>${BOTAO-ENTRAR}</arg>
<doc>Click the element identified by ``locator``.</doc>
<status status="PASS" start="2024-03-18T11:40:55.143048" elapsed="0.092841"/>
</kw>
<kw name="Wait Until Element Is Enabled" owner="SeleniumLibrary">
<arg>${INPUT-USER}</arg>
<doc>Waits until the element ``locator`` is enabled.</doc>
<status status="PASS" start="2024-03-18T11:40:55.235889" elapsed="1.166622"/>
</kw>
<kw name="Input Text" owner="SeleniumLibrary">
<msg time="2024-03-18T11:40:56.402511" level="INFO">Typing text 'usuariomatteste' into text field '//*[@autocomplete="username"]'.</msg>
<arg>${INPUT-USER}</arg>
<arg>${USUARIO-CORRETO}</arg>
<doc>Types the given ``text`` into the text field identified by ``locator``.</doc>
<status status="PASS" start="2024-03-18T11:40:56.402511" elapsed="0.238216"/>
</kw>
<kw name="Click Element" owner="SeleniumLibrary">
<msg time="2024-03-18T11:40:56.640727" level="INFO">Clicking element '//*[text()="Avançar"]'.</msg>
<arg>${BOTAO-AVANCAR}</arg>
<doc>Click the element identified by ``locator``.</doc>
<status status="PASS" start="2024-03-18T11:40:56.640727" elapsed="0.074767"/>
</kw>
<kw name="Wait Until Element Is Visible" owner="SeleniumLibrary">
<arg>${INPUT-SENHA}</arg>
<doc>Waits until the element ``locator`` is visible.</doc>
<status status="PASS" start="2024-03-18T11:40:56.715494" elapsed="0.495752"/>
</kw>
<kw name="Input Text" owner="SeleniumLibrary">
<msg time="2024-03-18T11:40:57.211246" level="INFO">Typing text 'teste@1234' into text field '//*[@autocomplete="current-password"]'.</msg>
<arg>${INPUT-SENHA}</arg>
<arg>${SENHA-CORRETA}</arg>
<doc>Types the given ``text`` into the text field identified by ``locator``.</doc>
<status status="PASS" start="2024-03-18T11:40:57.211246" elapsed="0.139586"/>
</kw>
<kw name="Click Element" owner="SeleniumLibrary">
<msg time="2024-03-18T11:40:57.350832" level="INFO">Clicking element '//*[@data-testid="LoginForm_Login_Button"]'.</msg>
<arg>${BOTAO-LOGIN}</arg>
<doc>Click the element identified by ``locator``.</doc>
<status status="PASS" start="2024-03-18T11:40:57.350832" elapsed="0.066787"/>
</kw>
<kw name="Wait Until Element Is Visible" owner="SeleniumLibrary">
<arg>${ELEMENTO-NOTIFICACOES}</arg>
<doc>Waits until the element ``locator`` is visible.</doc>
<status status="PASS" start="2024-03-18T11:40:57.417619" elapsed="2.642819"/>
</kw>
<status status="PASS" start="2024-03-18T11:40:54.677919" elapsed="5.382519"/>
</kw>
<kw name="E vai até o seu perfil" owner="home_page">
<kw name="Wait Until Element Is Visible" owner="SeleniumLibrary">
<arg>${PERFIL}</arg>
<doc>Waits until the element ``locator`` is visible.</doc>
<status status="PASS" start="2024-03-18T11:41:00.060438" elapsed="0.189565"/>
</kw>
<kw name="Click Element" owner="SeleniumLibrary">
<msg time="2024-03-18T11:41:00.250003" level="INFO">Clicking element '//*[@href="/usuariomatteste"]'.</msg>
<arg>${PERFIL}</arg>
<doc>Click the element identified by ``locator``.</doc>
<status status="PASS" start="2024-03-18T11:41:00.250003" elapsed="0.116641"/>
</kw>
<status status="PASS" start="2024-03-18T11:41:00.060438" elapsed="0.306206"/>
</kw>
<kw name="E clica na ultima postagem" owner="home_page">
<kw name="Wait Until Element Is Visible" owner="SeleniumLibrary">
<arg>${ULTIMO-POST}</arg>
<doc>Waits until the element ``locator`` is visible.</doc>
<status status="PASS" start="2024-03-18T11:41:00.367655" elapsed="1.354297"/>
</kw>
<kw name="Click Element" owner="SeleniumLibrary">
<msg time="2024-03-18T11:41:01.722987" level="INFO">Clicking element '//*[@data-testid="tweet"]'.</msg>
<arg>${ULTIMO-POST}</arg>
<doc>Click the element identified by ``locator``.</doc>
<status status="PASS" start="2024-03-18T11:41:01.721952" elapsed="0.123703"/>
</kw>
<status status="PASS" start="2024-03-18T11:41:00.367655" elapsed="1.478000"/>
</kw>
<kw name="E abre as opções do post" owner="home_page">
<kw name="Wait Until Element Is Visible" owner="SeleniumLibrary">
<arg>${BOTAO-OPCAO-POST}</arg>
<doc>Waits until the element ``locator`` is visible.</doc>
<status status="PASS" start="2024-03-18T11:41:01.845655" elapsed="0.312149"/>
</kw>
<kw name="Click Element" owner="SeleniumLibrary">
<msg time="2024-03-18T11:41:02.157804" level="INFO">Clicking element '//div[@data-testid="primaryColumn"]//*[contains(@aria-label, "More")]'.</msg>
<arg>${BOTAO-OPCAO-POST}</arg>
<doc>Click the element identified by ``locator``.</doc>
<status status="PASS" start="2024-03-18T11:41:02.157804" elapsed="0.272958"/>
</kw>
<status status="PASS" start="2024-03-18T11:41:01.845655" elapsed="0.585660"/>
</kw>
<kw name="E clica no botão delete" owner="home_page">
<kw name="Wait Until Element Is Visible" owner="SeleniumLibrary">
<arg>${BOTAO-DELETE-POST}</arg>
<doc>Waits until the element ``locator`` is visible.</doc>
<status status="PASS" start="2024-03-18T11:41:02.431315" elapsed="0.085864"/>
</kw>
<kw name="Click Element" owner="SeleniumLibrary">
<msg time="2024-03-18T11:41:02.518695" level="INFO">Clicking element '//*[text()="Delete"]'.</msg>
<arg>${BOTAO-DELETE-POST}</arg>
<doc>Click the element identified by ``locator``.</doc>
<status status="PASS" start="2024-03-18T11:41:02.517179" elapsed="0.135935"/>
</kw>
<status status="PASS" start="2024-03-18T11:41:02.431315" elapsed="0.221799"/>
</kw>
<kw name="E confirmar a exclusão do post" owner="home_page">
<kw name="Wait Until Element Is Visible" owner="SeleniumLibrary">
<arg>${BOTAO-DELETE-POST}</arg>
<doc>Waits until the element ``locator`` is visible.</doc>
<status status="PASS" start="2024-03-18T11:41:02.653829" elapsed="0.037627"/>
</kw>
<kw name="Click Element" owner="SeleniumLibrary">
<msg time="2024-03-18T11:41:02.691456" level="INFO">Clicking element '//*[text()="Delete"]'.</msg>
<arg>${BOTAO-DELETE-POST}</arg>
<doc>Click the element identified by ``locator``.</doc>
<status status="PASS" start="2024-03-18T11:41:02.691456" elapsed="0.390681"/>
</kw>
<status status="PASS" start="2024-03-18T11:41:02.653829" elapsed="0.428308"/>
</kw>
<kw name="Então deverá aparecer uma notificação confirmando a exclusão" owner="home_page">
<kw name="Wait Until Element Is Visible" owner="SeleniumLibrary">
<arg>${NOTIFICACAO-DELETE-POST}</arg>
<doc>Waits until the element ``locator`` is visible.</doc>
<status status="PASS" start="2024-03-18T11:41:03.084154" elapsed="0.601158"/>
</kw>
<kw name="Element Should Be Visible" owner="SeleniumLibrary">
<msg time="2024-03-18T11:41:03.711013" level="INFO">Element '//*[text()="Your post was deleted"]' is displayed.</msg>
<arg>${NOTIFICACAO-DELETE-POST}</arg>
<doc>Verifies that the element identified by ``locator`` is visible.</doc>
<status status="PASS" start="2024-03-18T11:41:03.685312" elapsed="0.025701"/>
</kw>
<kw name="Sleep" owner="BuiltIn">
<msg time="2024-03-18T11:41:05.711438" level="INFO">Slept 2 seconds.</msg>
<arg>2s</arg>
<doc>Pauses the test executed for the given time.</doc>
<status status="PASS" start="2024-03-18T11:41:03.711013" elapsed="2.000425"/>
</kw>
<status status="PASS" start="2024-03-18T11:41:03.082137" elapsed="2.629301"/>
</kw>
<kw name="Fechar navegador" owner="setupteardown" type="TEARDOWN">
<kw name="Close Browser" owner="SeleniumLibrary">
<doc>Closes the current browser.</doc>
<status status="PASS" start="2024-03-18T11:41:05.711438" elapsed="2.590061"/>
</kw>
<status status="PASS" start="2024-03-18T11:41:05.711438" elapsed="2.590575"/>
</kw>
<tag>Interacao</tag>
<status status="PASS" start="2024-03-18T11:40:50.750042" elapsed="17.551971"/>
</test>
<test id="s1-t2" name="Verificar se o usuario consegue curtir uma postagem" line="78">
<kw name="Dado que eu acesse o site do twitter" owner="setupteardown" type="SETUP">
<kw name="Open Browser" owner="SeleniumLibrary">
<msg time="2024-03-18T11:41:08.302013" level="INFO">Opening browser 'chrome' to base url 'https://twitter.com/'.</msg>
<arg>url=${URL}</arg>
<arg>browser=chrome</arg>
<doc>Opens a new browser instance to the optional ``url``.</doc>
<status status="PASS" start="2024-03-18T11:41:08.302013" elapsed="3.495742"/>
</kw>
<kw name="Maximize Browser Window" owner="SeleniumLibrary">
<doc>Maximizes current browser window.</doc>
<status status="PASS" start="2024-03-18T11:41:11.798784" elapsed="0.116836"/>
</kw>
<status status="PASS" start="2024-03-18T11:41:08.302013" elapsed="3.619921"/>
</kw>
<kw name="Quando o usuario tentar entrar com as credenciais corretas" owner="login_page">
<kw name="Wait Until Element Is Visible" owner="SeleniumLibrary">
<arg>${BOTAO-ENTRAR}</arg>
<doc>Waits until the element ``locator`` is visible.</doc>
<status status="PASS" start="2024-03-18T11:41:11.921934" elapsed="0.489191"/>
</kw>
<kw name="Scroll Element Into View" owner="SeleniumLibrary">
<arg>${BOTAO-ENTRAR}</arg>
<doc>Scrolls the element identified by ``locator`` into view.</doc>
<status status="PASS" start="2024-03-18T11:41:12.411125" elapsed="0.329130"/>
</kw>
<kw name="Click Element" owner="SeleniumLibrary">
<msg time="2024-03-18T11:41:12.743767" level="INFO">Clicking element '//*[@href="/login"]'.</msg>
<arg>${BOTAO-ENTRAR}</arg>
<doc>Click the element identified by ``locator``.</doc>
<status status="PASS" start="2024-03-18T11:41:12.740255" elapsed="0.156833"/>
</kw>
<kw name="Wait Until Element Is Enabled" owner="SeleniumLibrary">
<arg>${INPUT-USER}</arg>
<doc>Waits until the element ``locator`` is enabled.</doc>
<status status="PASS" start="2024-03-18T11:41:12.897088" elapsed="0.959033"/>
</kw>
<kw name="Input Text" owner="SeleniumLibrary">
<msg time="2024-03-18T11:41:13.856121" level="INFO">Typing text 'usuariomatteste' into text field '//*[@autocomplete="username"]'.</msg>
<arg>${INPUT-USER}</arg>
<arg>${USUARIO-CORRETO}</arg>
<doc>Types the given ``text`` into the text field identified by ``locator``.</doc>
<status status="PASS" start="2024-03-18T11:41:13.856121" elapsed="0.272722"/>
</kw>
<kw name="Click Element" owner="SeleniumLibrary">
<msg time="2024-03-18T11:41:14.128843" level="INFO">Clicking element '//*[text()="Avançar"]'.</msg>
<arg>${BOTAO-AVANCAR}</arg>
<doc>Click the element identified by ``locator``.</doc>
<status status="PASS" start="2024-03-18T11:41:14.128843" elapsed="0.073615"/>
</kw>
<kw name="Wait Until Element Is Visible" owner="SeleniumLibrary">
<arg>${INPUT-SENHA}</arg>
<doc>Waits until the element ``locator`` is visible.</doc>
<status status="PASS" start="2024-03-18T11:41:14.202458" elapsed="0.469844"/>
</kw>
<kw name="Input Text" owner="SeleniumLibrary">
<msg time="2024-03-18T11:41:14.672302" level="INFO">Typing text 'teste@1234' into text field '//*[@autocomplete="current-password"]'.</msg>
<arg>${INPUT-SENHA}</arg>
<arg>${SENHA-CORRETA}</arg>
<doc>Types the given ``text`` into the text field identified by ``locator``.</doc>
<status status="PASS" start="2024-03-18T11:41:14.672302" elapsed="0.167574"/>
</kw>
<kw name="Click Element" owner="SeleniumLibrary">
<msg time="2024-03-18T11:41:14.839876" level="INFO">Clicking element '//*[@data-testid="LoginForm_Login_Button"]'.</msg>
<arg>${BOTAO-LOGIN}</arg>
<doc>Click the element identified by ``locator``.</doc>
<status status="PASS" start="2024-03-18T11:41:14.839876" elapsed="0.071979"/>
</kw>
<kw name="Wait Until Element Is Visible" owner="SeleniumLibrary">
<arg>${ELEMENTO-NOTIFICACOES}</arg>
<doc>Waits until the element ``locator`` is visible.</doc>
<status status="PASS" start="2024-03-18T11:41:14.914326" elapsed="3.096653"/>
</kw>
<status status="PASS" start="2024-03-18T11:41:11.921934" elapsed="6.089045"/>
</kw>
<kw name="E clicar no botão de nova postagem" owner="home_page">
<kw name="Wait Until Element Is Visible" owner="SeleniumLibrary">
<arg>${BOTAO-NOVA-POSTAGEM}</arg>
<doc>Waits until the element ``locator`` is visible.</doc>
<status status="PASS" start="2024-03-18T11:41:18.010979" elapsed="0.123282"/>
</kw>
<kw name="Click Element" owner="SeleniumLibrary">
<msg time="2024-03-18T11:41:18.134261" level="INFO">Clicking element '//*[@href="/compose/post"]'.</msg>
<arg>${BOTAO-NOVA-POSTAGEM}</arg>
<doc>Click the element identified by ``locator``.</doc>
<status status="PASS" start="2024-03-18T11:41:18.134261" elapsed="0.152587"/>
</kw>
<status status="PASS" start="2024-03-18T11:41:18.010979" elapsed="0.275869"/>
</kw>
<kw name="E escrever uma nova postagem" owner="home_page">
<kw name="Wait Until Element Is Visible" owner="SeleniumLibrary">
<arg>${BOTAO-POSTAR}</arg>
<doc>Waits until the element ``locator`` is visible.</doc>
<status status="PASS" start="2024-03-18T11:41:18.286848" elapsed="0.984315"/>
</kw>
<kw name="Execute Javascript" owner="SeleniumLibrary">
<msg time="2024-03-18T11:41:19.272537" level="INFO">Executing JavaScript:
return new Date().toLocaleString()
Without any arguments.</msg>
<msg time="2024-03-18T11:41:19.284137" level="INFO">${DATA-HORA} = 18/03/2024, 11:41:19</msg>
<var>${DATA-HORA}</var>
<arg>return new Date().toLocaleString()</arg>
<doc>Executes the given JavaScript code with possible arguments.</doc>
<status status="PASS" start="2024-03-18T11:41:19.272537" elapsed="0.011600"/>
</kw>
<kw name="Set Global Variable" owner="BuiltIn">
<msg time="2024-03-18T11:41:19.287153" level="INFO">${MENSAGEM-POST} = Teste de nova postagem. Data e hora:18/03/2024, 11:41:19</msg>
<arg>${MENSAGEM-POST}</arg>
<arg>Teste de nova postagem. Data e hora:${DATA-HORA}</arg>
<doc>Makes a variable available globally in all tests and suites.</doc>
<status status="PASS" start="2024-03-18T11:41:19.287153" elapsed="0.000000"/>
</kw>
<kw name="Set Global Variable" owner="BuiltIn">
<msg time="2024-03-18T11:41:19.288968" level="INFO">${ULTIMA-POSTAGEM} = //*[text()="Teste de nova postagem. Data e hora:18/03/2024, 11:41:19"]</msg>
<arg>${ULTIMA-POSTAGEM}</arg>
<arg>//*[text()="${MENSAGEM-POST}"]</arg>
<doc>Makes a variable available globally in all tests and suites.</doc>
<status status="PASS" start="2024-03-18T11:41:19.288320" elapsed="0.000648"/>
</kw>
<kw name="Input Text" owner="SeleniumLibrary">
<msg time="2024-03-18T11:41:19.290280" level="INFO">Typing text 'Teste de nova postagem. Data e hora:18/03/2024, 11:41:19' into text field '//*[@data-testid="tweetTextarea_0"]'.</msg>
<arg>${AREA-POSTAGEM}</arg>
<arg>${MENSAGEM-POST}</arg>
<doc>Types the given ``text`` into the text field identified by ``locator``.</doc>
<status status="PASS" start="2024-03-18T11:41:19.288968" elapsed="1.421309"/>
</kw>
<status status="PASS" start="2024-03-18T11:41:18.286848" elapsed="2.423429"/>
</kw>
<kw name="E clicar no botao de postar" owner="home_page">
<kw name="Wait Until Element Is Visible" owner="SeleniumLibrary">
<arg>${BOTAO-POSTAR}</arg>
<doc>Waits until the element ``locator`` is visible.</doc>
<status status="PASS" start="2024-03-18T11:41:20.712659" elapsed="0.034736"/>
</kw>
<kw name="Click Element" owner="SeleniumLibrary">
<msg time="2024-03-18T11:41:20.754632" level="INFO">Clicking element '//*[@data-testid="tweetButton"]'.</msg>
<arg>${BOTAO-POSTAR}</arg>
<doc>Click the element identified by ``locator``.</doc>
<status status="PASS" start="2024-03-18T11:41:20.747395" elapsed="0.169823"/>
</kw>
<status status="PASS" start="2024-03-18T11:41:20.710277" elapsed="0.206941"/>
</kw>
<kw name="E vai até o seu perfil" owner="home_page">
<kw name="Wait Until Element Is Visible" owner="SeleniumLibrary">
<arg>${PERFIL}</arg>
<doc>Waits until the element ``locator`` is visible.</doc>
<status status="PASS" start="2024-03-18T11:41:20.921744" elapsed="0.056716"/>
</kw>
<kw name="Click Element" owner="SeleniumLibrary">
<msg time="2024-03-18T11:41:20.978460" level="INFO">Clicking element '//*[@href="/usuariomatteste"]'.</msg>
<arg>${PERFIL}</arg>
<doc>Click the element identified by ``locator``.</doc>
<status status="PASS" start="2024-03-18T11:41:20.978460" elapsed="0.818579"/>
</kw>
<status status="PASS" start="2024-03-18T11:41:20.917218" elapsed="0.879821"/>
</kw>
<kw name="E clica na ultima postagem" owner="home_page">
<kw name="Wait Until Element Is Visible" owner="SeleniumLibrary">
<arg>${ULTIMO-POST}</arg>
<doc>Waits until the element ``locator`` is visible.</doc>
<status status="PASS" start="2024-03-18T11:41:21.797039" elapsed="1.137243"/>
</kw>
<kw name="Click Element" owner="SeleniumLibrary">
<msg time="2024-03-18T11:41:22.934282" level="INFO">Clicking element '//*[@data-testid="tweet"]'.</msg>
<arg>${ULTIMO-POST}</arg>
<doc>Click the element identified by ``locator``.</doc>
<status status="PASS" start="2024-03-18T11:41:22.934282" elapsed="0.390152"/>
</kw>
<status status="PASS" start="2024-03-18T11:41:21.797039" elapsed="1.527395"/>
</kw>
<kw name="E curta uma postagem" owner="home_page">
<kw name="Wait Until Element Is Visible" owner="SeleniumLibrary">
<arg>${BOTAO-CURTIR}</arg>
<doc>Waits until the element ``locator`` is visible.</doc>
<status status="PASS" start="2024-03-18T11:41:23.335201" elapsed="0.340340"/>
</kw>
<kw name="Click Element" owner="SeleniumLibrary">
<msg time="2024-03-18T11:41:23.675541" level="INFO">Clicking element '//div[@data-testid="like"]'.</msg>
<arg>${BOTAO-CURTIR}</arg>
<doc>Click the element identified by ``locator``.</doc>
<status status="PASS" start="2024-03-18T11:41:23.675541" elapsed="0.169689"/>
</kw>
<status status="PASS" start="2024-03-18T11:41:23.334972" elapsed="0.510258"/>
</kw>
<kw name="E vai até o seu perfil" owner="home_page">
<kw name="Wait Until Element Is Visible" owner="SeleniumLibrary">
<arg>${PERFIL}</arg>
<doc>Waits until the element ``locator`` is visible.</doc>
<status status="PASS" start="2024-03-18T11:41:23.845230" elapsed="0.082758"/>
</kw>
<kw name="Click Element" owner="SeleniumLibrary">
<msg time="2024-03-18T11:41:23.927988" level="INFO">Clicking element '//*[@href="/usuariomatteste"]'.</msg>
<arg>${PERFIL}</arg>
<doc>Click the element identified by ``locator``.</doc>
<status status="PASS" start="2024-03-18T11:41:23.927988" elapsed="0.320201"/>
</kw>
<status status="PASS" start="2024-03-18T11:41:23.845230" elapsed="0.402959"/>
</kw>
<kw name="E vai ate a aba de likes" owner="home_page">
<kw name="Wait Until Element Is Visible" owner="SeleniumLibrary">
<arg>${ABA-LIKES}</arg>
<doc>Waits until the element ``locator`` is visible.</doc>
<status status="PASS" start="2024-03-18T11:41:24.255195" elapsed="0.257934"/>
</kw>
<kw name="Click Element" owner="SeleniumLibrary">
<msg time="2024-03-18T11:41:24.513129" level="INFO">Clicking element '//*[@href="/usuariomatteste/likes"]'.</msg>
<arg>${ABA-LIKES}</arg>
<doc>Click the element identified by ``locator``.</doc>
<status status="PASS" start="2024-03-18T11:41:24.513129" elapsed="0.417115"/>
</kw>
<status status="PASS" start="2024-03-18T11:41:24.248189" elapsed="0.682055"/>
</kw>
<kw name="E clica na ultima postagem" owner="home_page">
<kw name="Wait Until Element Is Visible" owner="SeleniumLibrary">
<arg>${ULTIMO-POST}</arg>
<doc>Waits until the element ``locator`` is visible.</doc>
<status status="PASS" start="2024-03-18T11:41:24.930244" elapsed="0.525019"/>
</kw>
<kw name="Click Element" owner="SeleniumLibrary">
<msg time="2024-03-18T11:41:25.455263" level="INFO">Clicking element '//*[@data-testid="tweet"]'.</msg>
<arg>${ULTIMO-POST}</arg>
<doc>Click the element identified by ``locator``.</doc>
<status status="PASS" start="2024-03-18T11:41:25.455263" elapsed="0.253963"/>
</kw>
<status status="PASS" start="2024-03-18T11:41:24.930244" elapsed="0.787125"/>
</kw>
<kw name="E verifica se a postagem curtida esta la" owner="home_page">
<kw name="Wait Until Element Is Visible" owner="SeleniumLibrary">
<arg>${ULTIMA-POSTAGEM}</arg>
<doc>Waits until the element ``locator`` is visible.</doc>
<status status="PASS" start="2024-03-18T11:41:25.717369" elapsed="0.239559"/>
</kw>
<kw name="Element Should Be Visible" owner="SeleniumLibrary">
<msg time="2024-03-18T11:41:26.052855" level="INFO">Element '//*[text()="Teste de nova postagem. Data e hora:18/03/2024, 11:41:19"]' is displayed.</msg>
<arg>${ULTIMA-POSTAGEM}</arg>
<doc>Verifies that the element identified by ``locator`` is visible.</doc>
<status status="PASS" start="2024-03-18T11:41:25.956928" elapsed="0.095927"/>
</kw>
<status status="PASS" start="2024-03-18T11:41:25.717369" elapsed="0.338145"/>
</kw>
<kw name="Fechar navegador" owner="setupteardown" type="TEARDOWN">
<kw name="Close Browser" owner="SeleniumLibrary">
<doc>Closes the current browser.</doc>
<status status="PASS" start="2024-03-18T11:41:26.055514" elapsed="3.675861"/>
</kw>
<status status="PASS" start="2024-03-18T11:41:26.055514" elapsed="3.675861"/>
</kw>
<tag>Interacao</tag>
<status status="PASS" start="2024-03-18T11:41:08.302013" elapsed="21.429362"/>
</test>
<test id="s1-t3" name="Verificar se o usuario consegue repostar uma postagem" line="92">
<kw name="Dado que eu acesse o site do twitter" owner="setupteardown" type="SETUP">
<kw name="Open Browser" owner="SeleniumLibrary">
<msg time="2024-03-18T11:41:29.731375" level="INFO">Opening browser 'chrome' to base url 'https://twitter.com/'.</msg>
<arg>url=${URL}</arg>
<arg>browser=chrome</arg>
<doc>Opens a new browser instance to the optional ``url``.</doc>
<status status="PASS" start="2024-03-18T11:41:29.731375" elapsed="3.545411"/>
</kw>
<kw name="Maximize Browser Window" owner="SeleniumLibrary">
<doc>Maximizes current browser window.</doc>
<status status="PASS" start="2024-03-18T11:41:33.276786" elapsed="0.119629"/>
</kw>
<status status="PASS" start="2024-03-18T11:41:29.731375" elapsed="3.665040"/>
</kw>
<kw name="Quando o usuario tentar entrar com as credenciais corretas" owner="login_page">
<kw name="Wait Until Element Is Visible" owner="SeleniumLibrary">
<arg>${BOTAO-ENTRAR}</arg>
<doc>Waits until the element ``locator`` is visible.</doc>
<status status="PASS" start="2024-03-18T11:41:33.400917" elapsed="0.398588"/>
</kw>
<kw name="Scroll Element Into View" owner="SeleniumLibrary">
<arg>${BOTAO-ENTRAR}</arg>
<doc>Scrolls the element identified by ``locator`` into view.</doc>
<status status="PASS" start="2024-03-18T11:41:33.799505" elapsed="0.365786"/>
</kw>
<kw name="Click Element" owner="SeleniumLibrary">
<msg time="2024-03-18T11:41:34.165291" level="INFO">Clicking element '//*[@href="/login"]'.</msg>
<arg>${BOTAO-ENTRAR}</arg>
<doc>Click the element identified by ``locator``.</doc>
<status status="PASS" start="2024-03-18T11:41:34.165291" elapsed="0.097840"/>
</kw>
<kw name="Wait Until Element Is Enabled" owner="SeleniumLibrary">
<arg>${INPUT-USER}</arg>
<doc>Waits until the element ``locator`` is enabled.</doc>
<status status="PASS" start="2024-03-18T11:41:34.264420" elapsed="1.186781"/>
</kw>
<kw name="Input Text" owner="SeleniumLibrary">
<msg time="2024-03-18T11:41:35.451201" level="INFO">Typing text 'usuariomatteste' into text field '//*[@autocomplete="username"]'.</msg>
<arg>${INPUT-USER}</arg>
<arg>${USUARIO-CORRETO}</arg>
<doc>Types the given ``text`` into the text field identified by ``locator``.</doc>
<status status="PASS" start="2024-03-18T11:41:35.451201" elapsed="0.243992"/>
</kw>
<kw name="Click Element" owner="SeleniumLibrary">
<msg time="2024-03-18T11:41:35.695193" level="INFO">Clicking element '//*[text()="Avançar"]'.</msg>
<arg>${BOTAO-AVANCAR}</arg>
<doc>Click the element identified by ``locator``.</doc>
<status status="PASS" start="2024-03-18T11:41:35.695193" elapsed="0.096909"/>
</kw>
<kw name="Wait Until Element Is Visible" owner="SeleniumLibrary">
<arg>${INPUT-SENHA}</arg>
<doc>Waits until the element ``locator`` is visible.</doc>
<status status="PASS" start="2024-03-18T11:41:35.792102" elapsed="0.520092"/>
</kw>
<kw name="Input Text" owner="SeleniumLibrary">
<msg time="2024-03-18T11:41:36.312194" level="INFO">Typing text 'teste@1234' into text field '//*[@autocomplete="current-password"]'.</msg>
<arg>${INPUT-SENHA}</arg>
<arg>${SENHA-CORRETA}</arg>
<doc>Types the given ``text`` into the text field identified by ``locator``.</doc>
<status status="PASS" start="2024-03-18T11:41:36.312194" elapsed="0.138612"/>
</kw>
<kw name="Click Element" owner="SeleniumLibrary">
<msg time="2024-03-18T11:41:36.450806" level="INFO">Clicking element '//*[@data-testid="LoginForm_Login_Button"]'.</msg>
<arg>${BOTAO-LOGIN}</arg>
<doc>Click the element identified by ``locator``.</doc>
<status status="PASS" start="2024-03-18T11:41:36.450806" elapsed="0.064648"/>
</kw>
<kw name="Wait Until Element Is Visible" owner="SeleniumLibrary">
<arg>${ELEMENTO-NOTIFICACOES}</arg>
<doc>Waits until the element ``locator`` is visible.</doc>
<status status="PASS" start="2024-03-18T11:41:36.515454" elapsed="2.871471"/>
</kw>
<status status="PASS" start="2024-03-18T11:41:33.396415" elapsed="5.990510"/>
</kw>
<kw name="E clicar no botão de nova postagem" owner="home_page">
<kw name="Wait Until Element Is Visible" owner="SeleniumLibrary">
<arg>${BOTAO-NOVA-POSTAGEM}</arg>
<doc>Waits until the element ``locator`` is visible.</doc>
<status status="PASS" start="2024-03-18T11:41:39.386925" elapsed="0.150716"/>
</kw>
<kw name="Click Element" owner="SeleniumLibrary">
<msg time="2024-03-18T11:41:39.538293" level="INFO">Clicking element '//*[@href="/compose/post"]'.</msg>
<arg>${BOTAO-NOVA-POSTAGEM}</arg>
<doc>Click the element identified by ``locator``.</doc>
<status status="PASS" start="2024-03-18T11:41:39.537641" elapsed="0.145268"/>
</kw>
<status status="PASS" start="2024-03-18T11:41:39.386925" elapsed="0.296305"/>
</kw>
<kw name="E escrever uma nova postagem" owner="home_page">
<kw name="Wait Until Element Is Visible" owner="SeleniumLibrary">
<arg>${BOTAO-POSTAR}</arg>
<doc>Waits until the element ``locator`` is visible.</doc>
<status status="PASS" start="2024-03-18T11:41:39.683542" elapsed="0.302389"/>
</kw>
<kw name="Execute Javascript" owner="SeleniumLibrary">
<msg time="2024-03-18T11:41:39.985931" level="INFO">Executing JavaScript:
return new Date().toLocaleString()
Without any arguments.</msg>
<msg time="2024-03-18T11:41:40.005145" level="INFO">${DATA-HORA} = 18/03/2024, 11:41:40</msg>
<var>${DATA-HORA}</var>
<arg>return new Date().toLocaleString()</arg>
<doc>Executes the given JavaScript code with possible arguments.</doc>
<status status="PASS" start="2024-03-18T11:41:39.985931" elapsed="0.019214"/>
</kw>
<kw name="Set Global Variable" owner="BuiltIn">
<msg time="2024-03-18T11:41:40.017673" level="INFO">${MENSAGEM-POST} = Teste de nova postagem. Data e hora:18/03/2024, 11:41:40</msg>
<arg>${MENSAGEM-POST}</arg>
<arg>Teste de nova postagem. Data e hora:${DATA-HORA}</arg>
<doc>Makes a variable available globally in all tests and suites.</doc>
<status status="PASS" start="2024-03-18T11:41:40.017673" elapsed="0.000000"/>
</kw>
<kw name="Set Global Variable" owner="BuiltIn">
<msg time="2024-03-18T11:41:40.017673" level="INFO">${ULTIMA-POSTAGEM} = //*[text()="Teste de nova postagem. Data e hora:18/03/2024, 11:41:40"]</msg>
<arg>${ULTIMA-POSTAGEM}</arg>
<arg>//*[text()="${MENSAGEM-POST}"]</arg>
<doc>Makes a variable available globally in all tests and suites.</doc>
<status status="PASS" start="2024-03-18T11:41:40.017673" elapsed="0.000000"/>
</kw>
<kw name="Input Text" owner="SeleniumLibrary">
<msg time="2024-03-18T11:41:40.019820" level="INFO">Typing text 'Teste de nova postagem. Data e hora:18/03/2024, 11:41:40' into text field '//*[@data-testid="tweetTextarea_0"]'.</msg>
<arg>${AREA-POSTAGEM}</arg>
<arg>${MENSAGEM-POST}</arg>
<doc>Types the given ``text`` into the text field identified by ``locator``.</doc>
<status status="PASS" start="2024-03-18T11:41:40.017673" elapsed="1.745103"/>
</kw>
<status status="PASS" start="2024-03-18T11:41:39.683542" elapsed="2.079234"/>
</kw>
<kw name="E clicar no botao de postar" owner="home_page">
<kw name="Wait Until Element Is Visible" owner="SeleniumLibrary">
<arg>${BOTAO-POSTAR}</arg>
<doc>Waits until the element ``locator`` is visible.</doc>
<status status="PASS" start="2024-03-18T11:41:41.768087" elapsed="0.583437"/>
</kw>
<kw name="Click Element" owner="SeleniumLibrary">
<msg time="2024-03-18T11:41:42.351524" level="INFO">Clicking element '//*[@data-testid="tweetButton"]'.</msg>
<arg>${BOTAO-POSTAR}</arg>
<doc>Click the element identified by ``locator``.</doc>
<status status="PASS" start="2024-03-18T11:41:42.351524" elapsed="0.174304"/>
</kw>
<status status="PASS" start="2024-03-18T11:41:41.768087" elapsed="0.757741"/>
</kw>
<kw name="E vai até o seu perfil" owner="home_page">
<kw name="Wait Until Element Is Visible" owner="SeleniumLibrary">
<arg>${PERFIL}</arg>
<doc>Waits until the element ``locator`` is visible.</doc>
<status status="PASS" start="2024-03-18T11:41:42.525828" elapsed="0.090235"/>
</kw>
<kw name="Click Element" owner="SeleniumLibrary">
<msg time="2024-03-18T11:41:42.616063" level="INFO">Clicking element '//*[@href="/usuariomatteste"]'.</msg>
<arg>${PERFIL}</arg>
<doc>Click the element identified by ``locator``.</doc>
<status status="PASS" start="2024-03-18T11:41:42.616063" elapsed="1.041922"/>
</kw>
<status status="PASS" start="2024-03-18T11:41:42.525828" elapsed="1.132157"/>
</kw>
<kw name="E clica na ultima postagem" owner="home_page">
<kw name="Wait Until Element Is Visible" owner="SeleniumLibrary">
<arg>${ULTIMO-POST}</arg>
<doc>Waits until the element ``locator`` is visible.</doc>
<status status="PASS" start="2024-03-18T11:41:43.660306" elapsed="1.394227"/>
</kw>
<kw name="Click Element" owner="SeleniumLibrary">
<msg time="2024-03-18T11:41:45.054533" level="INFO">Clicking element '//*[@data-testid="tweet"]'.</msg>
<arg>${ULTIMO-POST}</arg>
<doc>Click the element identified by ``locator``.</doc>
<status status="PASS" start="2024-03-18T11:41:45.054533" elapsed="0.150607"/>
</kw>
<status status="PASS" start="2024-03-18T11:41:43.657985" elapsed="1.547155"/>
</kw>
<kw name="E reposte esse post" owner="home_page">
<kw name="Wait Until Element Is Visible" owner="SeleniumLibrary">
<arg>${BOTAO-RETWEET-ANTES}</arg>
<doc>Waits until the element ``locator`` is visible.</doc>
<status status="PASS" start="2024-03-18T11:41:45.211942" elapsed="0.304082"/>
</kw>
<kw name="Click Element" owner="SeleniumLibrary">
<msg time="2024-03-18T11:41:45.516024" level="INFO">Clicking element '//*[@data-testid="retweet"]'.</msg>
<arg>${BOTAO-RETWEET-ANTES}</arg>
<doc>Click the element identified by ``locator``.</doc>
<status status="PASS" start="2024-03-18T11:41:45.516024" elapsed="0.169978"/>
</kw>
<kw name="Wait Until Element Is Visible" owner="SeleniumLibrary">
<arg>${BOTAO-CONFIRMAR-RETWEET}</arg>
<doc>Waits until the element ``locator`` is visible.</doc>
<status status="PASS" start="2024-03-18T11:41:45.686002" elapsed="0.073540"/>
</kw>
<kw name="Click Element" owner="SeleniumLibrary">
<msg time="2024-03-18T11:41:45.759542" level="INFO">Clicking element '//*[@data-testid="retweetConfirm"]'.</msg>
<arg>${BOTAO-CONFIRMAR-RETWEET}</arg>
<doc>Click the element identified by ``locator``.</doc>
<status status="PASS" start="2024-03-18T11:41:45.759542" elapsed="0.121069"/>
</kw>
<status status="PASS" start="2024-03-18T11:41:45.209816" elapsed="0.670795"/>
</kw>
<kw name="Então o botao de repostar deve mudar de cor, indicando a repostagem" owner="home_page">
<kw name="Wait Until Element Is Visible" owner="SeleniumLibrary">
<arg>${BOTAO-RETWEET-DEPOIS}</arg>
<doc>Waits until the element ``locator`` is visible.</doc>
<status status="PASS" start="2024-03-18T11:41:45.880611" elapsed="0.031544"/>
</kw>
<kw name="Element Should Be Visible" owner="SeleniumLibrary">
<msg time="2024-03-18T11:41:45.956323" level="INFO">Element '//*[@data-testid="unretweet"]' is displayed.</msg>
<arg>${BOTAO-RETWEET-DEPOIS}</arg>
<doc>Verifies that the element identified by ``locator`` is visible.</doc>
<status status="PASS" start="2024-03-18T11:41:45.912155" elapsed="0.044168"/>
</kw>
<status status="PASS" start="2024-03-18T11:41:45.880611" elapsed="0.076740"/>
</kw>
<kw name="Fechar navegador" owner="setupteardown" type="TEARDOWN">
<kw name="Close Browser" owner="SeleniumLibrary">
<doc>Closes the current browser.</doc>
<status status="PASS" start="2024-03-18T11:41:45.958251" elapsed="2.584228"/>
</kw>
<status status="PASS" start="2024-03-18T11:41:45.958251" elapsed="2.584228"/>
</kw>
<tag>Interacao</tag>
<status status="PASS" start="2024-03-18T11:41:29.731375" elapsed="18.811626"/>
</test>
<test id="s1-t4" name="Verificar se o usuario consegue salvar uma postagem" line="103">
<kw name="Dado que eu acesse o site do twitter" owner="setupteardown" type="SETUP">
<kw name="Open Browser" owner="SeleniumLibrary">
<msg time="2024-03-18T11:41:48.543001" level="INFO">Opening browser 'chrome' to base url 'https://twitter.com/'.</msg>
<arg>url=${URL}</arg>
<arg>browser=chrome</arg>
<doc>Opens a new browser instance to the optional ``url``.</doc>
<status status="PASS" start="2024-03-18T11:41:48.543001" elapsed="3.615553"/>
</kw>
<kw name="Maximize Browser Window" owner="SeleniumLibrary">
<doc>Maximizes current browser window.</doc>
<status status="PASS" start="2024-03-18T11:41:52.158554" elapsed="0.216529"/>
</kw>
<status status="PASS" start="2024-03-18T11:41:48.543001" elapsed="3.832082"/>
</kw>
<kw name="Quando o usuario tentar entrar com as credenciais corretas" owner="login_page">
<kw name="Wait Until Element Is Visible" owner="SeleniumLibrary">
<arg>${BOTAO-ENTRAR}</arg>
<doc>Waits until the element ``locator`` is visible.</doc>
<status status="PASS" start="2024-03-18T11:41:52.375083" elapsed="0.369379"/>
</kw>
<kw name="Scroll Element Into View" owner="SeleniumLibrary">
<arg>${BOTAO-ENTRAR}</arg>
<doc>Scrolls the element identified by ``locator`` into view.</doc>
<status status="PASS" start="2024-03-18T11:41:52.744462" elapsed="0.296240"/>
</kw>
<kw name="Click Element" owner="SeleniumLibrary">
<msg time="2024-03-18T11:41:53.040702" level="INFO">Clicking element '//*[@href="/login"]'.</msg>
<arg>${BOTAO-ENTRAR}</arg>
<doc>Click the element identified by ``locator``.</doc>
<status status="PASS" start="2024-03-18T11:41:53.040702" elapsed="0.130640"/>
</kw>
<kw name="Wait Until Element Is Enabled" owner="SeleniumLibrary">
<arg>${INPUT-USER}</arg>
<doc>Waits until the element ``locator`` is enabled.</doc>
<status status="PASS" start="2024-03-18T11:41:53.173406" elapsed="1.182197"/>
</kw>
<kw name="Input Text" owner="SeleniumLibrary">
<msg time="2024-03-18T11:41:54.355603" level="INFO">Typing text 'usuariomatteste' into text field '//*[@autocomplete="username"]'.</msg>
<arg>${INPUT-USER}</arg>
<arg>${USUARIO-CORRETO}</arg>
<doc>Types the given ``text`` into the text field identified by ``locator``.</doc>
<status status="PASS" start="2024-03-18T11:41:54.355603" elapsed="0.256017"/>
</kw>
<kw name="Click Element" owner="SeleniumLibrary">
<msg time="2024-03-18T11:41:54.611620" level="INFO">Clicking element '//*[text()="Avançar"]'.</msg>
<arg>${BOTAO-AVANCAR}</arg>
<doc>Click the element identified by ``locator``.</doc>
<status status="PASS" start="2024-03-18T11:41:54.611620" elapsed="0.077670"/>
</kw>
<kw name="Wait Until Element Is Visible" owner="SeleniumLibrary">
<arg>${INPUT-SENHA}</arg>
<doc>Waits until the element ``locator`` is visible.</doc>
<status status="PASS" start="2024-03-18T11:41:54.689290" elapsed="0.472250"/>
</kw>
<kw name="Input Text" owner="SeleniumLibrary">
<msg time="2024-03-18T11:41:55.161540" level="INFO">Typing text 'teste@1234' into text field '//*[@autocomplete="current-password"]'.</msg>
<arg>${INPUT-SENHA}</arg>
<arg>${SENHA-CORRETA}</arg>
<doc>Types the given ``text`` into the text field identified by ``locator``.</doc>
<status status="PASS" start="2024-03-18T11:41:55.161540" elapsed="0.147215"/>
</kw>
<kw name="Click Element" owner="SeleniumLibrary">
<msg time="2024-03-18T11:41:55.310797" level="INFO">Clicking element '//*[@data-testid="LoginForm_Login_Button"]'.</msg>
<arg>${BOTAO-LOGIN}</arg>
<doc>Click the element identified by ``locator``.</doc>
<status status="PASS" start="2024-03-18T11:41:55.309766" elapsed="0.081542"/>
</kw>
<kw name="Wait Until Element Is Visible" owner="SeleniumLibrary">
<arg>${ELEMENTO-NOTIFICACOES}</arg>
<doc>Waits until the element ``locator`` is visible.</doc>
<status status="PASS" start="2024-03-18T11:41:55.392772" elapsed="2.804287"/>
</kw>
<status status="PASS" start="2024-03-18T11:41:52.375083" elapsed="5.821976"/>
</kw>
<kw name="E clicar no botão de nova postagem" owner="home_page">
<kw name="Wait Until Element Is Visible" owner="SeleniumLibrary">
<arg>${BOTAO-NOVA-POSTAGEM}</arg>
<doc>Waits until the element ``locator`` is visible.</doc>
<status status="PASS" start="2024-03-18T11:41:58.197059" elapsed="0.036722"/>
</kw>
<kw name="Click Element" owner="SeleniumLibrary">
<msg time="2024-03-18T11:41:58.233781" level="INFO">Clicking element '//*[@href="/compose/post"]'.</msg>
<arg>${BOTAO-NOVA-POSTAGEM}</arg>
<doc>Click the element identified by ``locator``.</doc>
<status status="PASS" start="2024-03-18T11:41:58.233781" elapsed="0.145183"/>
</kw>
<status status="PASS" start="2024-03-18T11:41:58.197059" elapsed="0.182191"/>
</kw>
<kw name="E escrever uma nova postagem" owner="home_page">
<kw name="Wait Until Element Is Visible" owner="SeleniumLibrary">
<arg>${BOTAO-POSTAR}</arg>
<doc>Waits until the element ``locator`` is visible.</doc>
<status status="PASS" start="2024-03-18T11:41:58.379250" elapsed="0.304257"/>
</kw>
<kw name="Execute Javascript" owner="SeleniumLibrary">
<msg time="2024-03-18T11:41:58.689101" level="INFO">Executing JavaScript:
return new Date().toLocaleString()
Without any arguments.</msg>
<msg time="2024-03-18T11:41:58.704333" level="INFO">${DATA-HORA} = 18/03/2024, 11:41:58</msg>
<var>${DATA-HORA}</var>
<arg>return new Date().toLocaleString()</arg>
<doc>Executes the given JavaScript code with possible arguments.</doc>
<status status="PASS" start="2024-03-18T11:41:58.688014" elapsed="0.016319"/>
</kw>
<kw name="Set Global Variable" owner="BuiltIn">
<msg time="2024-03-18T11:41:58.704333" level="INFO">${MENSAGEM-POST} = Teste de nova postagem. Data e hora:18/03/2024, 11:41:58</msg>
<arg>${MENSAGEM-POST}</arg>
<arg>Teste de nova postagem. Data e hora:${DATA-HORA}</arg>
<doc>Makes a variable available globally in all tests and suites.</doc>
<status status="PASS" start="2024-03-18T11:41:58.704333" elapsed="0.000000"/>
</kw>
<kw name="Set Global Variable" owner="BuiltIn">
<msg time="2024-03-18T11:41:58.704333" level="INFO">${ULTIMA-POSTAGEM} = //*[text()="Teste de nova postagem. Data e hora:18/03/2024, 11:41:58"]</msg>
<arg>${ULTIMA-POSTAGEM}</arg>
<arg>//*[text()="${MENSAGEM-POST}"]</arg>
<doc>Makes a variable available globally in all tests and suites.</doc>
<status status="PASS" start="2024-03-18T11:41:58.704333" elapsed="0.000000"/>
</kw>
<kw name="Input Text" owner="SeleniumLibrary">
<msg time="2024-03-18T11:41:58.704333" level="INFO">Typing text 'Teste de nova postagem. Data e hora:18/03/2024, 11:41:58' into text field '//*[@data-testid="tweetTextarea_0"]'.</msg>
<arg>${AREA-POSTAGEM}</arg>
<arg>${MENSAGEM-POST}</arg>
<doc>Types the given ``text`` into the text field identified by ``locator``.</doc>
<status status="PASS" start="2024-03-18T11:41:58.704333" elapsed="1.737761"/>
</kw>
<status status="PASS" start="2024-03-18T11:41:58.379250" elapsed="2.062844"/>
</kw>
<kw name="E clicar no botao de postar" owner="home_page">
<kw name="Wait Until Element Is Visible" owner="SeleniumLibrary">
<arg>${BOTAO-POSTAR}</arg>
<doc>Waits until the element ``locator`` is visible.</doc>
<status status="PASS" start="2024-03-18T11:42:00.444178" elapsed="0.708527"/>
</kw>
<kw name="Click Element" owner="SeleniumLibrary">
<msg time="2024-03-18T11:42:01.154370" level="INFO">Clicking element '//*[@data-testid="tweetButton"]'.</msg>
<arg>${BOTAO-POSTAR}</arg>
<doc>Click the element identified by ``locator``.</doc>
<status status="PASS" start="2024-03-18T11:42:01.152705" elapsed="0.184273"/>
</kw>
<status status="PASS" start="2024-03-18T11:42:00.442094" elapsed="0.895574"/>
</kw>
<kw name="E vai até o seu perfil" owner="home_page">
<kw name="Wait Until Element Is Visible" owner="SeleniumLibrary">
<arg>${PERFIL}</arg>
<doc>Waits until the element ``locator`` is visible.</doc>
<status status="PASS" start="2024-03-18T11:42:01.339466" elapsed="0.064885"/>
</kw>
<kw name="Click Element" owner="SeleniumLibrary">
<msg time="2024-03-18T11:42:01.404351" level="INFO">Clicking element '//*[@href="/usuariomatteste"]'.</msg>
<arg>${PERFIL}</arg>
<doc>Click the element identified by ``locator``.</doc>
<status status="PASS" start="2024-03-18T11:42:01.404351" elapsed="0.902275"/>
</kw>
<status status="PASS" start="2024-03-18T11:42:01.338202" elapsed="0.970892"/>
</kw>
<kw name="E clica na ultima postagem" owner="home_page">
<kw name="Wait Until Element Is Visible" owner="SeleniumLibrary">
<arg>${ULTIMO-POST}</arg>
<doc>Waits until the element ``locator`` is visible.</doc>
<status status="PASS" start="2024-03-18T11:42:02.313228" elapsed="1.705517"/>
</kw>
<kw name="Click Element" owner="SeleniumLibrary">
<msg time="2024-03-18T11:42:04.021514" level="INFO">Clicking element '//*[@data-testid="tweet"]'.</msg>
<arg>${ULTIMO-POST}</arg>
<doc>Click the element identified by ``locator``.</doc>
<status status="PASS" start="2024-03-18T11:42:04.018745" elapsed="0.265274"/>
</kw>
<status status="PASS" start="2024-03-18T11:42:02.313228" elapsed="1.971032"/>
</kw>
<kw name="E salva a postagem" owner="home_page">
<kw name="Wait Until Element Is Visible" owner="SeleniumLibrary">
<arg>${BOTAO-SALVAR}</arg>
<doc>Waits until the element ``locator`` is visible.</doc>
<status status="PASS" start="2024-03-18T11:42:04.287481" elapsed="0.301108"/>
</kw>
<kw name="Click Element" owner="SeleniumLibrary">
<msg time="2024-03-18T11:42:04.588589" level="INFO">Clicking element '//*[@data-testid="bookmark"]'.</msg>
<arg>${BOTAO-SALVAR}</arg>
<doc>Click the element identified by ``locator``.</doc>
<status status="PASS" start="2024-03-18T11:42:04.588589" elapsed="0.180451"/>
</kw>
<status status="PASS" start="2024-03-18T11:42:04.287481" elapsed="0.481559"/>
</kw>
<kw name="E vai até a pagina de posts salvos" owner="home_page">
<kw name="Click Element" owner="SeleniumLibrary">
<msg time="2024-03-18T11:42:04.772478" level="INFO">Clicking element '//*[@data-testid="AppTabBar_More_Menu"]'.</msg>
<arg>${BOTAO-MAIS-MENU}</arg>
<doc>Click the element identified by ``locator``.</doc>
<status status="PASS" start="2024-03-18T11:42:04.771541" elapsed="0.109327"/>
</kw>
<kw name="Wait Until Element Is Visible" owner="SeleniumLibrary">
<arg>${BOTAO-BOOKMARKS}</arg>
<doc>Waits until the element ``locator`` is visible.</doc>
<status status="PASS" start="2024-03-18T11:42:04.883329" elapsed="0.255364"/>
</kw>
<kw name="Click Element" owner="SeleniumLibrary">
<msg time="2024-03-18T11:42:05.139018" level="INFO">Clicking element '//*[@href="/i/bookmarks"]'.</msg>
<arg>${BOTAO-BOOKMARKS}</arg>
<doc>Click the element identified by ``locator``.</doc>
<status status="PASS" start="2024-03-18T11:42:05.139018" elapsed="0.098222"/>
</kw>
<kw name="Wait Until Element Is Visible" owner="SeleniumLibrary">
<arg>${ULTIMO-POST}</arg>
<doc>Waits until the element ``locator`` is visible.</doc>
<status status="PASS" start="2024-03-18T11:42:05.237240" elapsed="0.751005"/>
</kw>
<kw name="Click Element" owner="SeleniumLibrary">
<msg time="2024-03-18T11:42:06.003190" level="INFO">Clicking element '//*[@data-testid="tweetText"]'.</msg>
<arg>${TEXTO-POSTAGEM}</arg>
<doc>Click the element identified by ``locator``.</doc>
<status status="PASS" start="2024-03-18T11:42:06.003190" elapsed="0.287132"/>
</kw>
<kw name="Element Should Contain" owner="SeleniumLibrary">
<msg time="2024-03-18T11:42:06.602134" level="INFO">Element '//*[@data-testid="tweet"]' contains text 'Teste de nova postagem. Data e hora:18/03/2024, 11:41:58'.</msg>
<arg>${ULTIMO-POST}</arg>
<arg>${MENSAGEM-POST}</arg>
<doc>Verifies that element ``locator`` contains text ``expected``.</doc>
<status status="PASS" start="2024-03-18T11:42:06.290322" elapsed="0.311812"/>
</kw>
<status status="PASS" start="2024-03-18T11:42:04.769040" elapsed="1.833094"/>
</kw>
<kw name="Sleep" owner="BuiltIn">
<msg time="2024-03-18T11:42:10.605221" level="INFO">Slept 4 seconds.</msg>
<arg>4s</arg>
<doc>Pauses the test executed for the given time.</doc>
<status status="PASS" start="2024-03-18T11:42:06.604671" elapsed="4.000550"/>
</kw>
<kw name="Fechar navegador" owner="setupteardown" type="TEARDOWN">
<kw name="Close Browser" owner="SeleniumLibrary">
<doc>Closes the current browser.</doc>
<status status="PASS" start="2024-03-18T11:42:10.606339" elapsed="2.843885"/>
</kw>
<status status="PASS" start="2024-03-18T11:42:10.606339" elapsed="2.843885"/>
</kw>
<tag>Interacao</tag>
<status status="PASS" start="2024-03-18T11:41:48.543001" elapsed="24.907223"/>
</test>
<test id="s1-t5" name="Verificar se o ususario consegue citar uma postagem" line="115">
<kw name="Dado que eu acesse o site do twitter" owner="setupteardown" type="SETUP">
<kw name="Open Browser" owner="SeleniumLibrary">
<msg time="2024-03-18T11:42:13.456042" level="INFO">Opening browser 'chrome' to base url 'https://twitter.com/'.</msg>
<arg>url=${URL}</arg>
<arg>browser=chrome</arg>
<doc>Opens a new browser instance to the optional ``url``.</doc>
<status status="PASS" start="2024-03-18T11:42:13.456042" elapsed="3.643477"/>
</kw>
<kw name="Maximize Browser Window" owner="SeleniumLibrary">
<doc>Maximizes current browser window.</doc>
<status status="PASS" start="2024-03-18T11:42:17.099519" elapsed="0.395814"/>
</kw>
<status status="PASS" start="2024-03-18T11:42:13.450224" elapsed="4.045109"/>
</kw>
<kw name="Quando o usuario tentar entrar com as credenciais corretas" owner="login_page">
<kw name="Wait Until Element Is Visible" owner="SeleniumLibrary">
<arg>${BOTAO-ENTRAR}</arg>
<doc>Waits until the element ``locator`` is visible.</doc>
<status status="PASS" start="2024-03-18T11:42:17.495333" elapsed="0.185155"/>
</kw>
<kw name="Scroll Element Into View" owner="SeleniumLibrary">
<arg>${BOTAO-ENTRAR}</arg>
<doc>Scrolls the element identified by ``locator`` into view.</doc>
<status status="PASS" start="2024-03-18T11:42:17.680488" elapsed="0.327269"/>
</kw>
<kw name="Click Element" owner="SeleniumLibrary">
<msg time="2024-03-18T11:42:18.008131" level="INFO">Clicking element '//*[@href="/login"]'.</msg>
<arg>${BOTAO-ENTRAR}</arg>
<doc>Click the element identified by ``locator``.</doc>
<status status="PASS" start="2024-03-18T11:42:18.008131" elapsed="0.137310"/>
</kw>
<kw name="Wait Until Element Is Enabled" owner="SeleniumLibrary">
<arg>${INPUT-USER}</arg>
<doc>Waits until the element ``locator`` is enabled.</doc>
<status status="PASS" start="2024-03-18T11:42:18.147389" elapsed="1.136418"/>
</kw>
<kw name="Input Text" owner="SeleniumLibrary">
<msg time="2024-03-18T11:42:19.283807" level="INFO">Typing text 'usuariomatteste' into text field '//*[@autocomplete="username"]'.</msg>
<arg>${INPUT-USER}</arg>
<arg>${USUARIO-CORRETO}</arg>
<doc>Types the given ``text`` into the text field identified by ``locator``.</doc>
<status status="PASS" start="2024-03-18T11:42:19.283807" elapsed="0.238033"/>
</kw>
<kw name="Click Element" owner="SeleniumLibrary">
<msg time="2024-03-18T11:42:19.521840" level="INFO">Clicking element '//*[text()="Avançar"]'.</msg>
<arg>${BOTAO-AVANCAR}</arg>
<doc>Click the element identified by ``locator``.</doc>
<status status="PASS" start="2024-03-18T11:42:19.521840" elapsed="0.086439"/>
</kw>
<kw name="Wait Until Element Is Visible" owner="SeleniumLibrary">
<arg>${INPUT-SENHA}</arg>
<doc>Waits until the element ``locator`` is visible.</doc>
<status status="PASS" start="2024-03-18T11:42:19.608279" elapsed="0.487387"/>
</kw>
<kw name="Input Text" owner="SeleniumLibrary">
<msg time="2024-03-18T11:42:20.095666" level="INFO">Typing text 'teste@1234' into text field '//*[@autocomplete="current-password"]'.</msg>
<arg>${INPUT-SENHA}</arg>
<arg>${SENHA-CORRETA}</arg>
<doc>Types the given ``text`` into the text field identified by ``locator``.</doc>
<status status="PASS" start="2024-03-18T11:42:20.095666" elapsed="0.117660"/>
</kw>
<kw name="Click Element" owner="SeleniumLibrary">
<msg time="2024-03-18T11:42:20.213326" level="INFO">Clicking element '//*[@data-testid="LoginForm_Login_Button"]'.</msg>
<arg>${BOTAO-LOGIN}</arg>
<doc>Click the element identified by ``locator``.</doc>
<status status="PASS" start="2024-03-18T11:42:20.213326" elapsed="0.057934"/>
</kw>
<kw name="Wait Until Element Is Visible" owner="SeleniumLibrary">
<arg>${ELEMENTO-NOTIFICACOES}</arg>
<doc>Waits until the element ``locator`` is visible.</doc>
<status status="PASS" start="2024-03-18T11:42:20.271260" elapsed="2.655082"/>
</kw>
<status status="PASS" start="2024-03-18T11:42:17.495333" elapsed="5.431009"/>
</kw>
<kw name="E clicar no botão de nova postagem" owner="home_page">
<kw name="Wait Until Element Is Visible" owner="SeleniumLibrary">
<arg>${BOTAO-NOVA-POSTAGEM}</arg>
<doc>Waits until the element ``locator`` is visible.</doc>
<status status="PASS" start="2024-03-18T11:42:22.926342" elapsed="0.036086"/>
</kw>
<kw name="Click Element" owner="SeleniumLibrary">
<msg time="2024-03-18T11:42:22.972331" level="INFO">Clicking element '//*[@href="/compose/post"]'.</msg>
<arg>${BOTAO-NOVA-POSTAGEM}</arg>
<doc>Click the element identified by ``locator``.</doc>
<status status="PASS" start="2024-03-18T11:42:22.962428" elapsed="0.171413"/>
</kw>
<status status="PASS" start="2024-03-18T11:42:22.926342" elapsed="0.207499"/>
</kw>
<kw name="E escrever uma nova postagem" owner="home_page">
<kw name="Wait Until Element Is Visible" owner="SeleniumLibrary">
<arg>${BOTAO-POSTAR}</arg>
<doc>Waits until the element ``locator`` is visible.</doc>
<status status="PASS" start="2024-03-18T11:42:23.133841" elapsed="0.358911"/>
</kw>
<kw name="Execute Javascript" owner="SeleniumLibrary">
<msg time="2024-03-18T11:42:23.492752" level="INFO">Executing JavaScript:
return new Date().toLocaleString()
Without any arguments.</msg>
<msg time="2024-03-18T11:42:23.508691" level="INFO">${DATA-HORA} = 18/03/2024, 11:42:23</msg>
<var>${DATA-HORA}</var>
<arg>return new Date().toLocaleString()</arg>
<doc>Executes the given JavaScript code with possible arguments.</doc>
<status status="PASS" start="2024-03-18T11:42:23.492752" elapsed="0.015939"/>
</kw>
<kw name="Set Global Variable" owner="BuiltIn">
<msg time="2024-03-18T11:42:23.508691" level="INFO">${MENSAGEM-POST} = Teste de nova postagem. Data e hora:18/03/2024, 11:42:23</msg>
<arg>${MENSAGEM-POST}</arg>
<arg>Teste de nova postagem. Data e hora:${DATA-HORA}</arg>
<doc>Makes a variable available globally in all tests and suites.</doc>
<status status="PASS" start="2024-03-18T11:42:23.508691" elapsed="0.000000"/>
</kw>
<kw name="Set Global Variable" owner="BuiltIn">
<msg time="2024-03-18T11:42:23.508691" level="INFO">${ULTIMA-POSTAGEM} = //*[text()="Teste de nova postagem. Data e hora:18/03/2024, 11:42:23"]</msg>
<arg>${ULTIMA-POSTAGEM}</arg>
<arg>//*[text()="${MENSAGEM-POST}"]</arg>
<doc>Makes a variable available globally in all tests and suites.</doc>
<status status="PASS" start="2024-03-18T11:42:23.508691" elapsed="0.000000"/>
</kw>
<kw name="Input Text" owner="SeleniumLibrary">
<msg time="2024-03-18T11:42:23.508691" level="INFO">Typing text 'Teste de nova postagem. Data e hora:18/03/2024, 11:42:23' into text field '//*[@data-testid="tweetTextarea_0"]'.</msg>
<arg>${AREA-POSTAGEM}</arg>
<arg>${MENSAGEM-POST}</arg>
<doc>Types the given ``text`` into the text field identified by ``locator``.</doc>
<status status="PASS" start="2024-03-18T11:42:23.508691" elapsed="1.700152"/>
</kw>
<status status="PASS" start="2024-03-18T11:42:23.133841" elapsed="2.075002"/>
</kw>
<kw name="E clicar no botao de postar" owner="home_page">
<kw name="Wait Until Element Is Visible" owner="SeleniumLibrary">
<arg>${BOTAO-POSTAR}</arg>
<doc>Waits until the element ``locator`` is visible.</doc>
<status status="PASS" start="2024-03-18T11:42:25.208843" elapsed="0.594870"/>
</kw>
<kw name="Click Element" owner="SeleniumLibrary">
<msg time="2024-03-18T11:42:25.803713" level="INFO">Clicking element '//*[@data-testid="tweetButton"]'.</msg>
<arg>${BOTAO-POSTAR}</arg>
<doc>Click the element identified by ``locator``.</doc>
<status status="PASS" start="2024-03-18T11:42:25.803713" elapsed="0.191946"/>
</kw>
<status status="PASS" start="2024-03-18T11:42:25.208843" elapsed="0.786816"/>
</kw>
<kw name="Sleep" owner="BuiltIn">
<msg time="2024-03-18T11:42:27.998603" level="INFO">Slept 2 seconds.</msg>
<arg>2s</arg>
<doc>Pauses the test executed for the given time.</doc>
<status status="PASS" start="2024-03-18T11:42:25.997409" elapsed="2.001194"/>
</kw>
<kw name="E vai até o seu perfil" owner="home_page">
<kw name="Wait Until Element Is Visible" owner="SeleniumLibrary">
<arg>${PERFIL}</arg>
<doc>Waits until the element ``locator`` is visible.</doc>
<status status="PASS" start="2024-03-18T11:42:27.998603" elapsed="0.034993"/>
</kw>
<kw name="Click Element" owner="SeleniumLibrary">
<msg time="2024-03-18T11:42:28.036988" level="INFO">Clicking element '//*[@href="/usuariomatteste"]'.</msg>
<arg>${PERFIL}</arg>
<doc>Click the element identified by ``locator``.</doc>
<status status="PASS" start="2024-03-18T11:42:28.036988" elapsed="0.150111"/>
</kw>
<status status="PASS" start="2024-03-18T11:42:27.998603" elapsed="0.188919"/>
</kw>
<kw name="E clica na ultima postagem" owner="home_page">
<kw name="Wait Until Element Is Visible" owner="SeleniumLibrary">
<arg>${ULTIMO-POST}</arg>
<doc>Waits until the element ``locator`` is visible.</doc>
<status status="PASS" start="2024-03-18T11:42:28.187522" elapsed="1.173422"/>
</kw>
<kw name="Click Element" owner="SeleniumLibrary">
<msg time="2024-03-18T11:42:29.360944" level="INFO">Clicking element '//*[@data-testid="tweet"]'.</msg>
<arg>${ULTIMO-POST}</arg>
<doc>Click the element identified by ``locator``.</doc>
<status status="PASS" start="2024-03-18T11:42:29.360944" elapsed="0.418745"/>
</kw>
<status status="PASS" start="2024-03-18T11:42:28.187522" elapsed="1.592167"/>
</kw>
<kw name="E escreve uma citação para o post" owner="home_page">
<kw name="Wait Until Element Is Visible" owner="SeleniumLibrary">
<arg>${BOTAO-RETWEET-ANTES}</arg>
<doc>Waits until the element ``locator`` is visible.</doc>
<status status="PASS" start="2024-03-18T11:42:29.780997" elapsed="0.328521"/>
</kw>
<kw name="Click Element" owner="SeleniumLibrary">
<msg time="2024-03-18T11:42:30.109518" level="INFO">Clicking element '//*[@data-testid="retweet"]'.</msg>
<arg>${BOTAO-RETWEET-ANTES}</arg>
<doc>Click the element identified by ``locator``.</doc>
<status status="PASS" start="2024-03-18T11:42:30.109518" elapsed="0.177568"/>
</kw>
<kw name="Wait Until Element Is Visible" owner="SeleniumLibrary">
<arg>${BOTAO-CITAÇÃO}</arg>
<doc>Waits until the element ``locator`` is visible.</doc>
<status status="PASS" start="2024-03-18T11:42:30.287086" elapsed="0.031666"/>
</kw>
<kw name="Click Element" owner="SeleniumLibrary">
<msg time="2024-03-18T11:42:30.318752" level="INFO">Clicking element '//*[@href="/compose/post"]'.</msg>
<arg>${BOTAO-CITAÇÃO}</arg>
<doc>Click the element identified by ``locator``.</doc>
<status status="PASS" start="2024-03-18T11:42:30.318752" elapsed="0.204745"/>
</kw>
<kw name="Wait Until Element Is Visible" owner="SeleniumLibrary">
<arg>${BOTAO-POSTAR}</arg>
<doc>Waits until the element ``locator`` is visible.</doc>
<status status="PASS" start="2024-03-18T11:42:30.523497" elapsed="0.044665"/>
</kw>
<kw name="Press Keys" owner="SeleniumLibrary">
<msg time="2024-03-18T11:42:30.568162" level="INFO">Sending key(s) ('Teste de citação',) to page.</msg>
<msg time="2024-03-18T11:42:30.569470" level="INFO">Sending keys Teste de citação</msg>
<arg>none</arg>
<arg>Teste de citação</arg>
<doc>Simulates the user pressing key(s) to an element or on the active browser.</doc>
<status status="PASS" start="2024-03-18T11:42:30.568162" elapsed="0.406652"/>
</kw>
<kw name="Click Element" owner="SeleniumLibrary">
<msg time="2024-03-18T11:42:30.974814" level="INFO">Clicking element '//*[@data-testid="tweetButton"]'.</msg>
<arg>${BOTAO-POSTAR}</arg>
<doc>Click the element identified by ``locator``.</doc>
<status status="PASS" start="2024-03-18T11:42:30.974814" elapsed="0.144464"/>
</kw>
<status status="PASS" start="2024-03-18T11:42:29.780997" elapsed="1.338281"/>
</kw>
<kw name="E vai até o seu perfil" owner="home_page">
<kw name="Wait Until Element Is Visible" owner="SeleniumLibrary">
<arg>${PERFIL}</arg>
<doc>Waits until the element ``locator`` is visible.</doc>
<status status="PASS" start="2024-03-18T11:42:31.121123" elapsed="0.050453"/>
</kw>
<kw name="Click Element" owner="SeleniumLibrary">
<msg time="2024-03-18T11:42:31.171576" level="INFO">Clicking element '//*[@href="/usuariomatteste"]'.</msg>
<arg>${PERFIL}</arg>
<doc>Click the element identified by ``locator``.</doc>
<status status="PASS" start="2024-03-18T11:42:31.171576" elapsed="0.646379"/>
</kw>
<status status="PASS" start="2024-03-18T11:42:31.120918" elapsed="0.697037"/>
</kw>
<kw name="Então o ultimo post deve conter a mensagem citada" owner="home_page">
<kw name="Sleep" owner="BuiltIn">
<msg time="2024-03-18T11:42:33.819074" level="INFO">Slept 2 seconds.</msg>
<arg>2s</arg>
<doc>Pauses the test executed for the given time.</doc>
<status status="PASS" start="2024-03-18T11:42:31.818999" elapsed="2.000075"/>
</kw>
<kw name="Element Should Contain" owner="SeleniumLibrary">
<msg time="2024-03-18T11:42:33.923375" level="INFO">Element '//*[@data-testid="tweet"]' contains text 'Teste de citação'.</msg>
<arg>${ULTIMO-POST}</arg>
<arg>Teste de citação</arg>
<doc>Verifies that element ``locator`` contains text ``expected``.</doc>
<status status="PASS" start="2024-03-18T11:42:33.819074" elapsed="0.104301"/>
</kw>
<status status="PASS" start="2024-03-18T11:42:31.818999" elapsed="2.104376"/>
</kw>
<kw name="Fechar navegador" owner="setupteardown" type="TEARDOWN">
<kw name="Close Browser" owner="SeleniumLibrary">
<doc>Closes the current browser.</doc>
<status status="PASS" start="2024-03-18T11:42:33.924895" elapsed="2.752430"/>
</kw>
<status status="PASS" start="2024-03-18T11:42:33.924895" elapsed="2.752943"/>
</kw>
<tag>Interacao</tag>
<status status="PASS" start="2024-03-18T11:42:13.450224" elapsed="23.227614"/>
</test>
<test id="s1-t6" name="Verificar se o usuario consegue responder a uma postagem" line="129">
<kw name="Dado que eu acesse o site do twitter" owner="setupteardown" type="SETUP">
<kw name="Open Browser" owner="SeleniumLibrary">
<msg time="2024-03-18T11:42:36.677838" level="INFO">Opening browser 'chrome' to base url 'https://twitter.com/'.</msg>
<arg>url=${URL}</arg>
<arg>browser=chrome</arg>
<doc>Opens a new browser instance to the optional ``url``.</doc>
<status status="PASS" start="2024-03-18T11:42:36.677838" elapsed="3.489443"/>
</kw>
<kw name="Maximize Browser Window" owner="SeleniumLibrary">
<doc>Maximizes current browser window.</doc>
<status status="PASS" start="2024-03-18T11:42:40.167281" elapsed="0.127923"/>
</kw>
<status status="PASS" start="2024-03-18T11:42:36.677838" elapsed="3.617366"/>
</kw>
<kw name="Quando o usuario tentar entrar com as credenciais corretas" owner="login_page">
<kw name="Wait Until Element Is Visible" owner="SeleniumLibrary">
<arg>${BOTAO-ENTRAR}</arg>
<doc>Waits until the element ``locator`` is visible.</doc>
<status status="PASS" start="2024-03-18T11:42:40.295204" elapsed="0.379553"/>
</kw>
<kw name="Scroll Element Into View" owner="SeleniumLibrary">
<arg>${BOTAO-ENTRAR}</arg>
<doc>Scrolls the element identified by ``locator`` into view.</doc>
<status status="PASS" start="2024-03-18T11:42:40.675781" elapsed="0.342114"/>
</kw>
<kw name="Click Element" owner="SeleniumLibrary">
<msg time="2024-03-18T11:42:41.018472" level="INFO">Clicking element '//*[@href="/login"]'.</msg>
<arg>${BOTAO-ENTRAR}</arg>
<doc>Click the element identified by ``locator``.</doc>
<status status="PASS" start="2024-03-18T11:42:41.018472" elapsed="0.157780"/>
</kw>
<kw name="Wait Until Element Is Enabled" owner="SeleniumLibrary">
<arg>${INPUT-USER}</arg>
<doc>Waits until the element ``locator`` is enabled.</doc>
<status status="PASS" start="2024-03-18T11:42:41.176252" elapsed="1.219607"/>
</kw>
<kw name="Input Text" owner="SeleniumLibrary">
<msg time="2024-03-18T11:42:42.395859" level="INFO">Typing text 'usuariomatteste' into text field '//*[@autocomplete="username"]'.</msg>
<arg>${INPUT-USER}</arg>
<arg>${USUARIO-CORRETO}</arg>
<doc>Types the given ``text`` into the text field identified by ``locator``.</doc>
<status status="PASS" start="2024-03-18T11:42:42.395859" elapsed="0.248080"/>
</kw>
<kw name="Click Element" owner="SeleniumLibrary">
<msg time="2024-03-18T11:42:42.643939" level="INFO">Clicking element '//*[text()="Avançar"]'.</msg>
<arg>${BOTAO-AVANCAR}</arg>
<doc>Click the element identified by ``locator``.</doc>
<status status="PASS" start="2024-03-18T11:42:42.643939" elapsed="0.089969"/>
</kw>
<kw name="Wait Until Element Is Visible" owner="SeleniumLibrary">
<arg>${INPUT-SENHA}</arg>
<doc>Waits until the element ``locator`` is visible.</doc>
<status status="PASS" start="2024-03-18T11:42:42.733908" elapsed="0.483609"/>
</kw>
<kw name="Input Text" owner="SeleniumLibrary">
<msg time="2024-03-18T11:42:43.217517" level="INFO">Typing text 'teste@1234' into text field '//*[@autocomplete="current-password"]'.</msg>
<arg>${INPUT-SENHA}</arg>
<arg>${SENHA-CORRETA}</arg>
<doc>Types the given ``text`` into the text field identified by ``locator``.</doc>
<status status="PASS" start="2024-03-18T11:42:43.217517" elapsed="0.180119"/>
</kw>
<kw name="Click Element" owner="SeleniumLibrary">
<msg time="2024-03-18T11:42:43.397636" level="INFO">Clicking element '//*[@data-testid="LoginForm_Login_Button"]'.</msg>
<arg>${BOTAO-LOGIN}</arg>
<doc>Click the element identified by ``locator``.</doc>
<status status="PASS" start="2024-03-18T11:42:43.397636" elapsed="0.074379"/>
</kw>
<kw name="Wait Until Element Is Visible" owner="SeleniumLibrary">
<arg>${ELEMENTO-NOTIFICACOES}</arg>
<doc>Waits until the element ``locator`` is visible.</doc>
<status status="PASS" start="2024-03-18T11:42:43.472015" elapsed="2.682531"/>
</kw>
<status status="PASS" start="2024-03-18T11:42:40.295204" elapsed="5.859342"/>
</kw>
<kw name="E clicar no botão de nova postagem" owner="home_page">
<kw name="Wait Until Element Is Visible" owner="SeleniumLibrary">
<arg>${BOTAO-NOVA-POSTAGEM}</arg>
<doc>Waits until the element ``locator`` is visible.</doc>
<status status="PASS" start="2024-03-18T11:42:46.154546" elapsed="0.151320"/>
</kw>
<kw name="Click Element" owner="SeleniumLibrary">
<msg time="2024-03-18T11:42:46.306347" level="INFO">Clicking element '//*[@href="/compose/post"]'.</msg>
<arg>${BOTAO-NOVA-POSTAGEM}</arg>
<doc>Click the element identified by ``locator``.</doc>
<status status="PASS" start="2024-03-18T11:42:46.306347" elapsed="0.133272"/>
</kw>
<status status="PASS" start="2024-03-18T11:42:46.154546" elapsed="0.285073"/>
</kw>
<kw name="E escrever uma nova postagem" owner="home_page">
<kw name="Wait Until Element Is Visible" owner="SeleniumLibrary">
<arg>${BOTAO-POSTAR}</arg>
<doc>Waits until the element ``locator`` is visible.</doc>
<status status="PASS" start="2024-03-18T11:42:46.439619" elapsed="0.263731"/>
</kw>
<kw name="Execute Javascript" owner="SeleniumLibrary">
<msg time="2024-03-18T11:42:46.718982" level="INFO">Executing JavaScript:
return new Date().toLocaleString()
Without any arguments.</msg>
<msg time="2024-03-18T11:42:46.767869" level="INFO">${DATA-HORA} = 18/03/2024, 11:42:46</msg>
<var>${DATA-HORA}</var>
<arg>return new Date().toLocaleString()</arg>
<doc>Executes the given JavaScript code with possible arguments.</doc>
<status status="PASS" start="2024-03-18T11:42:46.703350" elapsed="0.064519"/>
</kw>
<kw name="Set Global Variable" owner="BuiltIn">
<msg time="2024-03-18T11:42:46.769967" level="INFO">${MENSAGEM-POST} = Teste de nova postagem. Data e hora:18/03/2024, 11:42:46</msg>
<arg>${MENSAGEM-POST}</arg>
<arg>Teste de nova postagem. Data e hora:${DATA-HORA}</arg>
<doc>Makes a variable available globally in all tests and suites.</doc>
<status status="PASS" start="2024-03-18T11:42:46.769967" elapsed="0.000000"/>
</kw>
<kw name="Set Global Variable" owner="BuiltIn">
<msg time="2024-03-18T11:42:46.769967" level="INFO">${ULTIMA-POSTAGEM} = //*[text()="Teste de nova postagem. Data e hora:18/03/2024, 11:42:46"]</msg>
<arg>${ULTIMA-POSTAGEM}</arg>
<arg>//*[text()="${MENSAGEM-POST}"]</arg>
<doc>Makes a variable available globally in all tests and suites.</doc>
<status status="PASS" start="2024-03-18T11:42:46.769967" elapsed="0.000000"/>
</kw>
<kw name="Input Text" owner="SeleniumLibrary">
<msg time="2024-03-18T11:42:46.769967" level="INFO">Typing text 'Teste de nova postagem. Data e hora:18/03/2024, 11:42:46' into text field '//*[@data-testid="tweetTextarea_0"]'.</msg>
<arg>${AREA-POSTAGEM}</arg>
<arg>${MENSAGEM-POST}</arg>
<doc>Types the given ``text`` into the text field identified by ``locator``.</doc>
<status status="PASS" start="2024-03-18T11:42:46.769967" elapsed="2.259544"/>
</kw>
<status status="PASS" start="2024-03-18T11:42:46.439619" elapsed="2.589892"/>
</kw>
<kw name="E clicar no botao de postar" owner="home_page">
<kw name="Wait Until Element Is Visible" owner="SeleniumLibrary">
<arg>${BOTAO-POSTAR}</arg>
<doc>Waits until the element ``locator`` is visible.</doc>
<status status="PASS" start="2024-03-18T11:42:49.029511" elapsed="0.074320"/>
</kw>
<kw name="Click Element" owner="SeleniumLibrary">
<msg time="2024-03-18T11:42:49.111850" level="INFO">Clicking element '//*[@data-testid="tweetButton"]'.</msg>
<arg>${BOTAO-POSTAR}</arg>
<doc>Click the element identified by ``locator``.</doc>
<status status="PASS" start="2024-03-18T11:42:49.103831" elapsed="0.139230"/>
</kw>
<status status="PASS" start="2024-03-18T11:42:49.029511" elapsed="0.213550"/>
</kw>
<kw name="E vai até o seu perfil" owner="home_page">
<kw name="Wait Until Element Is Visible" owner="SeleniumLibrary">
<arg>${PERFIL}</arg>
<doc>Waits until the element ``locator`` is visible.</doc>
<status status="PASS" start="2024-03-18T11:42:49.243061" elapsed="0.083488"/>
</kw>
<kw name="Click Element" owner="SeleniumLibrary">
<msg time="2024-03-18T11:42:49.336704" level="INFO">Clicking element '//*[@href="/usuariomatteste"]'.</msg>
<arg>${PERFIL}</arg>
<doc>Click the element identified by ``locator``.</doc>
<status status="PASS" start="2024-03-18T11:42:49.336704" elapsed="0.985464"/>
</kw>
<status status="PASS" start="2024-03-18T11:42:49.243061" elapsed="1.079107"/>
</kw>
<kw name="E clica na ultima postagem" owner="home_page">
<kw name="Wait Until Element Is Visible" owner="SeleniumLibrary">
<arg>${ULTIMO-POST}</arg>
<doc>Waits until the element ``locator`` is visible.</doc>
<status status="PASS" start="2024-03-18T11:42:50.325450" elapsed="0.961491"/>
</kw>
<kw name="Click Element" owner="SeleniumLibrary">
<msg time="2024-03-18T11:42:51.286941" level="INFO">Clicking element '//*[@data-testid="tweet"]'.</msg>
<arg>${ULTIMO-POST}</arg>
<doc>Click the element identified by ``locator``.</doc>
<status status="PASS" start="2024-03-18T11:42:51.286941" elapsed="0.407309"/>
</kw>
<status status="PASS" start="2024-03-18T11:42:50.325450" elapsed="1.368800"/>
</kw>
<kw name="E clica no botao de resposta" owner="home_page">
<kw name="Wait Until Element Is Visible" owner="SeleniumLibrary">
<arg>${BOTAO-REPLY}</arg>
<doc>Waits until the element ``locator`` is visible.</doc>
<status status="PASS" start="2024-03-18T11:42:51.694250" elapsed="0.311233"/>
</kw>
<kw name="Click Element" owner="SeleniumLibrary">
<msg time="2024-03-18T11:42:52.005483" level="INFO">Clicking element '//*[@data-testid="reply"]'.</msg>
<arg>${BOTAO-REPLY}</arg>
<doc>Click the element identified by ``locator``.</doc>
<status status="PASS" start="2024-03-18T11:42:52.005483" elapsed="0.306057"/>
</kw>
<status status="PASS" start="2024-03-18T11:42:51.694250" elapsed="0.617290"/>
</kw>
<kw name="E escrever uma resposta" owner="home_page">
<kw name="Wait Until Element Is Visible" owner="SeleniumLibrary">
<arg>${BOTAO-POSTAR}</arg>
<doc>Waits until the element ``locator`` is visible.</doc>
<status status="PASS" start="2024-03-18T11:42:52.311540" elapsed="0.165979"/>
</kw>
<kw name="Press Keys" owner="SeleniumLibrary">
<msg time="2024-03-18T11:42:52.484651" level="INFO">Sending key(s) ('Teste de resposta',) to page.</msg>
<msg time="2024-03-18T11:42:52.484651" level="INFO">Sending keys Teste de resposta</msg>
<arg>none</arg>
<arg>Teste de resposta</arg>
<doc>Simulates the user pressing key(s) to an element or on the active browser.</doc>
<status status="PASS" start="2024-03-18T11:42:52.477519" elapsed="0.474977"/>
</kw>
<kw name="Click Element" owner="SeleniumLibrary">
<msg time="2024-03-18T11:42:52.952496" level="INFO">Clicking element '//*[@data-testid="tweetButton"]'.</msg>
<arg>${BOTAO-POSTAR}</arg>
<doc>Click the element identified by ``locator``.</doc>
<status status="PASS" start="2024-03-18T11:42:52.952496" elapsed="0.118426"/>
</kw>
<status status="PASS" start="2024-03-18T11:42:52.311540" elapsed="0.759382"/>
</kw>
<kw name="Então deverá aparecer uma notificação confirmando a postagem" owner="home_page">
<kw name="Wait Until Element Is Visible" owner="SeleniumLibrary">
<arg>${NOTIFICACAO-POST}</arg>
<doc>Waits until the element ``locator`` is visible.</doc>
<status status="PASS" start="2024-03-18T11:42:53.070922" elapsed="0.050302"/>
</kw>
<kw name="Element Should Be Visible" owner="SeleniumLibrary">
<msg time="2024-03-18T11:42:53.171060" level="INFO">Element '//*[text()="Your post was sent."]' is displayed.</msg>
<arg>${NOTIFICACAO-POST}</arg>
<doc>Verifies that the element identified by ``locator`` is visible.</doc>
<status status="PASS" start="2024-03-18T11:42:53.121224" elapsed="0.049836"/>
</kw>
<status status="PASS" start="2024-03-18T11:42:53.070922" elapsed="0.100138"/>
</kw>
<kw name="Sleep" owner="BuiltIn">
<msg time="2024-03-18T11:42:55.171933" level="INFO">Slept 2 seconds.</msg>
<arg>2s</arg>
<doc>Pauses the test executed for the given time.</doc>
<status status="PASS" start="2024-03-18T11:42:53.171060" elapsed="2.001533"/>
</kw>
<kw name="Fechar navegador" owner="setupteardown" type="TEARDOWN">
<kw name="Close Browser" owner="SeleniumLibrary">
<doc>Closes the current browser.</doc>
<status status="PASS" start="2024-03-18T11:42:55.174935" elapsed="3.760862"/>
</kw>
<status status="PASS" start="2024-03-18T11:42:55.174117" elapsed="3.762189"/>
</kw>
<tag>Interacao</tag>
<status status="PASS" start="2024-03-18T11:42:36.677838" elapsed="22.258468"/>
</test>
<status status="PASS" start="2024-03-18T11:40:49.796986" elapsed="129.139320"/>
</suite>
<statistics>
<total>
<stat pass="6" fail="0" skip="0">All Tests</stat>
</total>
<tag>
<stat pass="6" fail="0" skip="0">Interacao</stat>
</tag>
<suite>
<stat pass="6" fail="0" skip="0" id="s1" name="Home-Page">Home-Page</stat>
</suite>
</statistics>
<errors>
</errors>
</robot>
