<?xml version="1.0" encoding="UTF-8"?>
<robot generator="Robot 7.0 (Python 3.12.1 on win32)" generated="2024-03-19T13:18:29.058879" rpa="false" schemaversion="5">
<suite id="s1" name="Home-Page &amp; Teste-Case-Tt">
<suite id="s1-s1" name="Home-Page" source="C:\Users\v8\Desktop\projeto-teste-twitter\teste-case-tt\testes\home-page.robot">
<test id="s1-s1-t1" name="Verificar se o usuário consegue enviar mensagens diretas a outros usuários" line="172">
<kw name="Dado que eu acesse o site do twitter" owner="setupteardown" type="SETUP">
<kw name="Open Browser" owner="SeleniumLibrary">
<msg time="2024-03-19T13:18:30.314642" level="INFO">Opening browser 'chrome' to base url 'https://twitter.com/'.</msg>
<arg>url=${URL}</arg>
<arg>browser=chrome</arg>
<doc>Opens a new browser instance to the optional ``url``.</doc>
<status status="PASS" start="2024-03-19T13:18:30.314642" elapsed="3.552901"/>
</kw>
<kw name="Maximize Browser Window" owner="SeleniumLibrary">
<doc>Maximizes current browser window.</doc>
<status status="PASS" start="2024-03-19T13:18:33.867543" elapsed="0.133052"/>
</kw>
<status status="PASS" start="2024-03-19T13:18:30.314642" elapsed="3.685953"/>
</kw>
<kw name="Quando o usuario tentar entrar com as credenciais corretas" owner="login_page">
<kw name="Wait Until Element Is Visible" owner="SeleniumLibrary">
<arg>${BOTAO-ENTRAR}</arg>
<doc>Waits until the element ``locator`` is visible.</doc>
<status status="PASS" start="2024-03-19T13:18:34.000595" elapsed="0.458967"/>
</kw>
<kw name="Scroll Element Into View" owner="SeleniumLibrary">
<arg>${BOTAO-ENTRAR}</arg>
<doc>Scrolls the element identified by ``locator`` into view.</doc>
<status status="PASS" start="2024-03-19T13:18:34.459562" elapsed="0.350234"/>
</kw>
<kw name="Click Element" owner="SeleniumLibrary">
<msg time="2024-03-19T13:18:34.810821" level="INFO">Clicking element '//*[@href="/login"]'.</msg>
<arg>${BOTAO-ENTRAR}</arg>
<doc>Click the element identified by ``locator``.</doc>
<status status="PASS" start="2024-03-19T13:18:34.809796" elapsed="0.119398"/>
</kw>
<kw name="Wait Until Element Is Enabled" owner="SeleniumLibrary">
<arg>${INPUT-USER}</arg>
<doc>Waits until the element ``locator`` is enabled.</doc>
<status status="PASS" start="2024-03-19T13:18:34.929194" elapsed="1.217132"/>
</kw>
<kw name="Input Text" owner="SeleniumLibrary">
<msg time="2024-03-19T13:18:36.146326" level="INFO">Typing text 'usuariomatteste' into text field '//*[@autocomplete="username"]'.</msg>
<arg>${INPUT-USER}</arg>
<arg>${USUARIO-CORRETO}</arg>
<doc>Types the given ``text`` into the text field identified by ``locator``.</doc>
<status status="PASS" start="2024-03-19T13:18:36.146326" elapsed="0.226261"/>
</kw>
<kw name="Click Element" owner="SeleniumLibrary">
<msg time="2024-03-19T13:18:36.372587" level="INFO">Clicking element '//*[text()="Avançar"]'.</msg>
<arg>${BOTAO-AVANCAR}</arg>
<doc>Click the element identified by ``locator``.</doc>
<status status="PASS" start="2024-03-19T13:18:36.372587" elapsed="0.070985"/>
</kw>
<kw name="Wait Until Element Is Visible" owner="SeleniumLibrary">
<arg>${INPUT-SENHA}</arg>
<doc>Waits until the element ``locator`` is visible.</doc>
<status status="PASS" start="2024-03-19T13:18:36.444419" elapsed="0.473828"/>
</kw>
<kw name="Input Text" owner="SeleniumLibrary">
<msg time="2024-03-19T13:18:36.918247" level="INFO">Typing text 'teste@1234' into text field '//*[@autocomplete="current-password"]'.</msg>
<arg>${INPUT-SENHA}</arg>
<arg>${SENHA-CORRETA}</arg>
<doc>Types the given ``text`` into the text field identified by ``locator``.</doc>
<status status="PASS" start="2024-03-19T13:18:36.918247" elapsed="0.177936"/>
</kw>
<kw name="Click Element" owner="SeleniumLibrary">
<msg time="2024-03-19T13:18:37.096183" level="INFO">Clicking element '//*[@data-testid="LoginForm_Login_Button"]'.</msg>
<arg>${BOTAO-LOGIN}</arg>
<doc>Click the element identified by ``locator``.</doc>
<status status="PASS" start="2024-03-19T13:18:37.096183" elapsed="0.074131"/>
</kw>
<kw name="Wait Until Element Is Visible" owner="SeleniumLibrary">
<arg>${ELEMENTO-NOTIFICACOES}</arg>
<doc>Waits until the element ``locator`` is visible.</doc>
<status status="PASS" start="2024-03-19T13:18:37.170314" elapsed="2.689437"/>
</kw>
<status status="PASS" start="2024-03-19T13:18:34.000595" elapsed="5.859156"/>
</kw>
<kw name="E clica no icone de mensagens" owner="home_page">
<kw name="Wait Until Element Is Visible" owner="SeleniumLibrary">
<arg>${BOTAO-MENSAGENS}</arg>
<doc>Waits until the element ``locator`` is visible.</doc>
<status status="PASS" start="2024-03-19T13:18:39.865728" elapsed="0.166556"/>
</kw>
<kw name="Click Element" owner="SeleniumLibrary">
<msg time="2024-03-19T13:18:40.032284" level="INFO">Clicking element '//*[@data-testid="AppTabBar_DirectMessage_Link"]'.</msg>
<arg>${BOTAO-MENSAGENS}</arg>
<doc>Click the element identified by ``locator``.</doc>
<status status="PASS" start="2024-03-19T13:18:40.032284" elapsed="0.124292"/>
</kw>
<status status="PASS" start="2024-03-19T13:18:39.865728" elapsed="0.291038"/>
</kw>
<kw name="E clica na conversa" owner="home_page">
<kw name="Wait Until Element Is Visible" owner="SeleniumLibrary">
<arg>${CONVERSA}</arg>
<doc>Waits until the element ``locator`` is visible.</doc>
<status status="PASS" start="2024-03-19T13:18:40.158280" elapsed="0.905312"/>
</kw>
<kw name="Click Element" owner="SeleniumLibrary">
<msg time="2024-03-19T13:18:41.063592" level="INFO">Clicking element '//*[@data-testid="conversation"]'.</msg>
<arg>${CONVERSA}</arg>
<doc>Click the element identified by ``locator``.</doc>
<status status="PASS" start="2024-03-19T13:18:41.063592" elapsed="0.110408"/>
</kw>
<status status="PASS" start="2024-03-19T13:18:40.156766" elapsed="1.017234"/>
</kw>
<kw name="E envia uma nova mensagem" owner="home_page">
<kw name="Wait Until Element Is Visible" owner="SeleniumLibrary">
<arg>${INPUT-NOVA-MENSAGEM}</arg>
<doc>Waits until the element ``locator`` is visible.</doc>
<status status="PASS" start="2024-03-19T13:18:41.176638" elapsed="0.339103"/>
</kw>
<kw name="Click Element" owner="SeleniumLibrary">
<msg time="2024-03-19T13:18:41.515741" level="INFO">Clicking element '//*[@data-testid="dmComposerTextInput_label"]'.</msg>
<arg>${INPUT-NOVA-MENSAGEM}</arg>
<doc>Click the element identified by ``locator``.</doc>
<status status="PASS" start="2024-03-19T13:18:41.515741" elapsed="0.210065"/>
</kw>
<kw name="Execute Javascript" owner="SeleniumLibrary">
<msg time="2024-03-19T13:18:41.727863" level="INFO">Executing JavaScript:
return new Date().toLocaleString()
Without any arguments.</msg>
<msg time="2024-03-19T13:18:41.736308" level="INFO">${DATA-HORA} = 19/03/2024, 13:18:41</msg>
<var>${DATA-HORA}</var>
<arg>return new Date().toLocaleString()</arg>
<doc>Executes the given JavaScript code with possible arguments.</doc>
<status status="PASS" start="2024-03-19T13:18:41.725806" elapsed="0.010502"/>
</kw>
<kw name="Set Global Variable" owner="BuiltIn">
<msg time="2024-03-19T13:18:41.736308" level="INFO">${MENSAGEM-TESTE} = Teste de nova mensagem. Data e hora:19/03/2024, 13:18:41</msg>
<arg>${MENSAGEM-TESTE}</arg>
<arg>Teste de nova mensagem. Data e hora:${DATA-HORA}</arg>
<doc>Makes a variable available globally in all tests and suites.</doc>
<status status="PASS" start="2024-03-19T13:18:41.736308" elapsed="0.000000"/>
</kw>
<kw name="Set Global Variable" owner="BuiltIn">
<msg time="2024-03-19T13:18:41.742252" level="INFO">${ULTIMA-MENSAGEM} = //div[@data-testid="tweetText"]//*[text()="Teste de nova mensagem. Data e hora:19/03/2024, 13:18:41"]</msg>
<arg>${ULTIMA-MENSAGEM}</arg>
<arg>//div[@data-testid="tweetText"]//*[text()="${MENSAGEM-TESTE}"]</arg>
<doc>Makes a variable available globally in all tests and suites.</doc>
<status status="PASS" start="2024-03-19T13:18:41.736308" elapsed="0.005944"/>
</kw>
<kw name="Press Keys" owner="SeleniumLibrary">
<msg time="2024-03-19T13:18:41.742252" level="INFO">Sending key(s) ('Teste de nova mensagem. Data e hora:19/03/2024, 13:18:41',) to page.</msg>
<msg time="2024-03-19T13:18:41.742252" level="INFO">Sending keys Teste de nova mensagem. Data e hora:19/03/2024, 13:18:41</msg>
<arg>None</arg>
<arg>${MENSAGEM-TESTE}</arg>
<doc>Simulates the user pressing key(s) to an element or on the active browser.</doc>
<status status="PASS" start="2024-03-19T13:18:41.742252" elapsed="0.688678"/>
</kw>
<kw name="Press Keys" owner="SeleniumLibrary">
<msg time="2024-03-19T13:18:42.430930" level="INFO">Sending key(s) ('ENTER',) to page.</msg>
<msg time="2024-03-19T13:18:42.430930" level="INFO">Pressing special key ENTER to browser.</msg>
<msg time="2024-03-19T13:18:42.430930" level="INFO">Releasing special key ENTER.</msg>
<arg>None</arg>
<arg>ENTER</arg>
<doc>Simulates the user pressing key(s) to an element or on the active browser.</doc>
<status status="PASS" start="2024-03-19T13:18:42.430930" elapsed="0.133739"/>
</kw>
<kw name="Sleep" owner="BuiltIn">
<msg time="2024-03-19T13:18:44.574016" level="INFO">Slept 2 seconds.</msg>
<arg>2s</arg>
<doc>Pauses the test executed for the given time.</doc>
<status status="PASS" start="2024-03-19T13:18:42.573575" elapsed="2.000441"/>
</kw>
<status status="PASS" start="2024-03-19T13:18:41.175913" elapsed="3.398103"/>
</kw>
<kw name="Então a mensagem enviada deve constar na conversa" owner="home_page">
<kw name="Wait Until Element Is Visible" owner="SeleniumLibrary">
<arg>${ULTIMA-MENSAGEM}</arg>
<doc>Waits until the element ``locator`` is visible.</doc>
<status status="PASS" start="2024-03-19T13:18:44.575558" elapsed="0.027313"/>
</kw>
<status status="PASS" start="2024-03-19T13:18:44.575558" elapsed="0.027313"/>
</kw>
<kw name="Fechar navegador" owner="setupteardown" type="TEARDOWN">
<kw name="Close Browser" owner="SeleniumLibrary">
<doc>Closes the current browser.</doc>
<status status="PASS" start="2024-03-19T13:18:44.602871" elapsed="2.554774"/>
</kw>
<status status="PASS" start="2024-03-19T13:18:44.602871" elapsed="2.554774"/>
</kw>
<tag>Mensagem</tag>
<status status="PASS" start="2024-03-19T13:18:30.313565" elapsed="16.844080"/>
</test>
<test id="s1-s1-t2" name="Verificar se o usuario consegue reagir a uma mensagem" line="180">
<kw name="Dado que eu acesse o site do twitter" owner="setupteardown" type="SETUP">
<kw name="Open Browser" owner="SeleniumLibrary">
<msg time="2024-03-19T13:18:47.157645" level="INFO">Opening browser 'chrome' to base url 'https://twitter.com/'.</msg>
<arg>url=${URL}</arg>
<arg>browser=chrome</arg>
<doc>Opens a new browser instance to the optional ``url``.</doc>
<status status="PASS" start="2024-03-19T13:18:47.157645" elapsed="3.474678"/>
</kw>
<kw name="Maximize Browser Window" owner="SeleniumLibrary">
<doc>Maximizes current browser window.</doc>
<status status="PASS" start="2024-03-19T13:18:50.632323" elapsed="0.129403"/>
</kw>
<status status="PASS" start="2024-03-19T13:18:47.157645" elapsed="3.604081"/>
</kw>
<kw name="Quando o usuario tentar entrar com as credenciais corretas" owner="login_page">
<kw name="Wait Until Element Is Visible" owner="SeleniumLibrary">
<arg>${BOTAO-ENTRAR}</arg>
<doc>Waits until the element ``locator`` is visible.</doc>
<status status="PASS" start="2024-03-19T13:18:50.765524" elapsed="0.390253"/>
</kw>
<kw name="Scroll Element Into View" owner="SeleniumLibrary">
<arg>${BOTAO-ENTRAR}</arg>
<doc>Scrolls the element identified by ``locator`` into view.</doc>
<status status="PASS" start="2024-03-19T13:18:51.155777" elapsed="0.363133"/>
</kw>
<kw name="Click Element" owner="SeleniumLibrary">
<msg time="2024-03-19T13:18:51.525463" level="INFO">Clicking element '//*[@href="/login"]'.</msg>
<arg>${BOTAO-ENTRAR}</arg>
<doc>Click the element identified by ``locator``.</doc>
<status status="PASS" start="2024-03-19T13:18:51.518910" elapsed="0.104825"/>
</kw>
<kw name="Wait Until Element Is Enabled" owner="SeleniumLibrary">
<arg>${INPUT-USER}</arg>
<doc>Waits until the element ``locator`` is enabled.</doc>
<status status="PASS" start="2024-03-19T13:18:51.623735" elapsed="1.163721"/>
</kw>
<kw name="Input Text" owner="SeleniumLibrary">
<msg time="2024-03-19T13:18:52.787456" level="INFO">Typing text 'usuariomatteste' into text field '//*[@autocomplete="username"]'.</msg>
<arg>${INPUT-USER}</arg>
<arg>${USUARIO-CORRETO}</arg>
<doc>Types the given ``text`` into the text field identified by ``locator``.</doc>
<status status="PASS" start="2024-03-19T13:18:52.787456" elapsed="0.260226"/>
</kw>
<kw name="Click Element" owner="SeleniumLibrary">
<msg time="2024-03-19T13:18:53.047682" level="INFO">Clicking element '//*[text()="Avançar"]'.</msg>
<arg>${BOTAO-AVANCAR}</arg>
<doc>Click the element identified by ``locator``.</doc>
<status status="PASS" start="2024-03-19T13:18:53.047682" elapsed="0.087206"/>
</kw>
<kw name="Wait Until Element Is Visible" owner="SeleniumLibrary">
<arg>${INPUT-SENHA}</arg>
<doc>Waits until the element ``locator`` is visible.</doc>
<status status="PASS" start="2024-03-19T13:18:53.134888" elapsed="0.458562"/>
</kw>
<kw name="Input Text" owner="SeleniumLibrary">
<msg time="2024-03-19T13:18:53.593450" level="INFO">Typing text 'teste@1234' into text field '//*[@autocomplete="current-password"]'.</msg>
<arg>${INPUT-SENHA}</arg>
<arg>${SENHA-CORRETA}</arg>
<doc>Types the given ``text`` into the text field identified by ``locator``.</doc>
<status status="PASS" start="2024-03-19T13:18:53.593450" elapsed="0.132960"/>
</kw>
<kw name="Click Element" owner="SeleniumLibrary">
<msg time="2024-03-19T13:18:53.726410" level="INFO">Clicking element '//*[@data-testid="LoginForm_Login_Button"]'.</msg>
<arg>${BOTAO-LOGIN}</arg>
<doc>Click the element identified by ``locator``.</doc>
<status status="PASS" start="2024-03-19T13:18:53.726410" elapsed="0.070467"/>
</kw>
<kw name="Wait Until Element Is Visible" owner="SeleniumLibrary">
<arg>${ELEMENTO-NOTIFICACOES}</arg>
<doc>Waits until the element ``locator`` is visible.</doc>
<status status="PASS" start="2024-03-19T13:18:53.798096" elapsed="2.706373"/>
</kw>
<status status="PASS" start="2024-03-19T13:18:50.765524" elapsed="5.740492"/>
</kw>
<kw name="E clica no icone de mensagens" owner="home_page">
<kw name="Wait Until Element Is Visible" owner="SeleniumLibrary">
<arg>${BOTAO-MENSAGENS}</arg>
<doc>Waits until the element ``locator`` is visible.</doc>
<status status="PASS" start="2024-03-19T13:18:56.506016" elapsed="0.193626"/>
</kw>
<kw name="Click Element" owner="SeleniumLibrary">
<msg time="2024-03-19T13:18:56.699642" level="INFO">Clicking element '//*[@data-testid="AppTabBar_DirectMessage_Link"]'.</msg>
<arg>${BOTAO-MENSAGENS}</arg>
<doc>Click the element identified by ``locator``.</doc>
<status status="PASS" start="2024-03-19T13:18:56.699642" elapsed="0.127828"/>
</kw>
<status status="PASS" start="2024-03-19T13:18:56.506016" elapsed="0.321454"/>
</kw>
<kw name="E clica na conversa" owner="home_page">
<kw name="Wait Until Element Is Visible" owner="SeleniumLibrary">
<arg>${CONVERSA}</arg>
<doc>Waits until the element ``locator`` is visible.</doc>
<status status="PASS" start="2024-03-19T13:18:56.830176" elapsed="0.944578"/>
</kw>
<kw name="Click Element" owner="SeleniumLibrary">
<msg time="2024-03-19T13:18:57.774754" level="INFO">Clicking element '//*[@data-testid="conversation"]'.</msg>
<arg>${CONVERSA}</arg>
<doc>Click the element identified by ``locator``.</doc>
<status status="PASS" start="2024-03-19T13:18:57.774754" elapsed="0.154463"/>
</kw>
<status status="PASS" start="2024-03-19T13:18:56.829477" elapsed="1.099740"/>
</kw>
<kw name="E envia uma nova mensagem" owner="home_page">
<kw name="Wait Until Element Is Visible" owner="SeleniumLibrary">
<arg>${INPUT-NOVA-MENSAGEM}</arg>
<doc>Waits until the element ``locator`` is visible.</doc>
<status status="PASS" start="2024-03-19T13:18:57.929217" elapsed="0.403890"/>
</kw>
<kw name="Click Element" owner="SeleniumLibrary">
<msg time="2024-03-19T13:18:58.333107" level="INFO">Clicking element '//*[@data-testid="dmComposerTextInput_label"]'.</msg>
<arg>${INPUT-NOVA-MENSAGEM}</arg>
<doc>Click the element identified by ``locator``.</doc>
<status status="PASS" start="2024-03-19T13:18:58.333107" elapsed="0.155599"/>
</kw>
<kw name="Execute Javascript" owner="SeleniumLibrary">
<msg time="2024-03-19T13:18:58.488706" level="INFO">Executing JavaScript:
return new Date().toLocaleString()
Without any arguments.</msg>
<msg time="2024-03-19T13:18:58.508873" level="INFO">${DATA-HORA} = 19/03/2024, 13:18:58</msg>
<var>${DATA-HORA}</var>
<arg>return new Date().toLocaleString()</arg>
<doc>Executes the given JavaScript code with possible arguments.</doc>
<status status="PASS" start="2024-03-19T13:18:58.488706" elapsed="0.020167"/>
</kw>
<kw name="Set Global Variable" owner="BuiltIn">
<msg time="2024-03-19T13:18:58.508873" level="INFO">${MENSAGEM-TESTE} = Teste de nova mensagem. Data e hora:19/03/2024, 13:18:58</msg>
<arg>${MENSAGEM-TESTE}</arg>
<arg>Teste de nova mensagem. Data e hora:${DATA-HORA}</arg>
<doc>Makes a variable available globally in all tests and suites.</doc>
<status status="PASS" start="2024-03-19T13:18:58.508873" elapsed="0.000000"/>
</kw>
<kw name="Set Global Variable" owner="BuiltIn">
<msg time="2024-03-19T13:18:58.508873" level="INFO">${ULTIMA-MENSAGEM} = //div[@data-testid="tweetText"]//*[text()="Teste de nova mensagem. Data e hora:19/03/2024, 13:18:58"]</msg>
<arg>${ULTIMA-MENSAGEM}</arg>
<arg>//div[@data-testid="tweetText"]//*[text()="${MENSAGEM-TESTE}"]</arg>
<doc>Makes a variable available globally in all tests and suites.</doc>
<status status="PASS" start="2024-03-19T13:18:58.508873" elapsed="0.000000"/>
</kw>
<kw name="Press Keys" owner="SeleniumLibrary">
<msg time="2024-03-19T13:18:58.508873" level="INFO">Sending key(s) ('Teste de nova mensagem. Data e hora:19/03/2024, 13:18:58',) to page.</msg>
<msg time="2024-03-19T13:18:58.508873" level="INFO">Sending keys Teste de nova mensagem. Data e hora:19/03/2024, 13:18:58</msg>
<arg>None</arg>
<arg>${MENSAGEM-TESTE}</arg>
<doc>Simulates the user pressing key(s) to an element or on the active browser.</doc>
<status status="PASS" start="2024-03-19T13:18:58.508873" elapsed="0.725741"/>
</kw>
<kw name="Press Keys" owner="SeleniumLibrary">
<msg time="2024-03-19T13:18:59.234614" level="INFO">Sending key(s) ('ENTER',) to page.</msg>
<msg time="2024-03-19T13:18:59.234614" level="INFO">Pressing special key ENTER to browser.</msg>
<msg time="2024-03-19T13:18:59.234614" level="INFO">Releasing special key ENTER.</msg>
<arg>None</arg>
<arg>ENTER</arg>
<doc>Simulates the user pressing key(s) to an element or on the active browser.</doc>
<status status="PASS" start="2024-03-19T13:18:59.234614" elapsed="0.135320"/>
</kw>
<kw name="Sleep" owner="BuiltIn">
<msg time="2024-03-19T13:19:01.370099" level="INFO">Slept 2 seconds.</msg>
<arg>2s</arg>
<doc>Pauses the test executed for the given time.</doc>
<status status="PASS" start="2024-03-19T13:18:59.369934" elapsed="2.000165"/>
</kw>
<status status="PASS" start="2024-03-19T13:18:57.929217" elapsed="3.440882"/>
</kw>
<kw name="E reage a mensagem" owner="home_page">
<kw name="Mouse Over" owner="SeleniumLibrary">
<msg time="2024-03-19T13:19:01.372151" level="INFO">Simulating Mouse Over on element '//div[@data-testid="tweetText"]//*[text()="Teste de nova mensagem. Data e hora:19/03/2024, 13:18:58"]'.</msg>
<arg>${ULTIMA-MENSAGEM}</arg>
<doc>Simulates hovering the mouse over the element ``locator``.</doc>
<status status="PASS" start="2024-03-19T13:19:01.370099" elapsed="0.306002"/>
</kw>
<status status="PASS" start="2024-03-19T13:19:01.370099" elapsed="0.306002"/>
</kw>
<kw name="Fechar navegador" owner="setupteardown" type="TEARDOWN">
<kw name="Close Browser" owner="SeleniumLibrary">
<doc>Closes the current browser.</doc>
<status status="PASS" start="2024-03-19T13:19:01.677661" elapsed="2.513298"/>
</kw>
<status status="PASS" start="2024-03-19T13:19:01.677661" elapsed="2.513298"/>
</kw>
<tag>Mensagem</tag>
<status status="PASS" start="2024-03-19T13:18:47.157645" elapsed="17.033314"/>
</test>
<test id="s1-s1-t3" name="Verificar se o usuario consegue mandar imagens pela mensagem direta" line="188">
<kw name="Dado que eu acesse o site do twitter" owner="setupteardown" type="SETUP">
<kw name="Open Browser" owner="SeleniumLibrary">
<msg time="2024-03-19T13:19:04.190959" level="INFO">Opening browser 'chrome' to base url 'https://twitter.com/'.</msg>
<arg>url=${URL}</arg>
<arg>browser=chrome</arg>
<doc>Opens a new browser instance to the optional ``url``.</doc>
<status status="PASS" start="2024-03-19T13:19:04.190959" elapsed="3.458828"/>
</kw>
<kw name="Maximize Browser Window" owner="SeleniumLibrary">
<doc>Maximizes current browser window.</doc>
<status status="PASS" start="2024-03-19T13:19:07.653660" elapsed="0.326421"/>
</kw>
<status status="PASS" start="2024-03-19T13:19:04.190959" elapsed="3.789281"/>
</kw>
<kw name="Quando o usuario tentar entrar com as credenciais corretas" owner="login_page">
<kw name="Wait Until Element Is Visible" owner="SeleniumLibrary">
<arg>${BOTAO-ENTRAR}</arg>
<doc>Waits until the element ``locator`` is visible.</doc>
<status status="PASS" start="2024-03-19T13:19:07.980240" elapsed="0.255401"/>
</kw>
<kw name="Scroll Element Into View" owner="SeleniumLibrary">
<arg>${BOTAO-ENTRAR}</arg>
<doc>Scrolls the element identified by ``locator`` into view.</doc>
<status status="PASS" start="2024-03-19T13:19:08.235641" elapsed="0.299750"/>
</kw>
<kw name="Click Element" owner="SeleniumLibrary">
<msg time="2024-03-19T13:19:08.535391" level="INFO">Clicking element '//*[@href="/login"]'.</msg>
<arg>${BOTAO-ENTRAR}</arg>
<doc>Click the element identified by ``locator``.</doc>
<status status="PASS" start="2024-03-19T13:19:08.535391" elapsed="0.123050"/>
</kw>
<kw name="Wait Until Element Is Enabled" owner="SeleniumLibrary">
<arg>${INPUT-USER}</arg>
<doc>Waits until the element ``locator`` is enabled.</doc>
<status status="PASS" start="2024-03-19T13:19:08.658441" elapsed="1.172859"/>
</kw>
<kw name="Input Text" owner="SeleniumLibrary">
<msg time="2024-03-19T13:19:09.832280" level="INFO">Typing text 'usuariomatteste' into text field '//*[@autocomplete="username"]'.</msg>
<arg>${INPUT-USER}</arg>
<arg>${USUARIO-CORRETO}</arg>
<doc>Types the given ``text`` into the text field identified by ``locator``.</doc>
<status status="PASS" start="2024-03-19T13:19:09.832065" elapsed="0.236746"/>
</kw>
<kw name="Click Element" owner="SeleniumLibrary">
<msg time="2024-03-19T13:19:10.068811" level="INFO">Clicking element '//*[text()="Avançar"]'.</msg>
<arg>${BOTAO-AVANCAR}</arg>
<doc>Click the element identified by ``locator``.</doc>
<status status="PASS" start="2024-03-19T13:19:10.068811" elapsed="0.079817"/>
</kw>
<kw name="Wait Until Element Is Visible" owner="SeleniumLibrary">
<arg>${INPUT-SENHA}</arg>
<doc>Waits until the element ``locator`` is visible.</doc>
<status status="PASS" start="2024-03-19T13:19:10.148628" elapsed="0.450929"/>
</kw>
<kw name="Input Text" owner="SeleniumLibrary">
<msg time="2024-03-19T13:19:10.599557" level="INFO">Typing text 'teste@1234' into text field '//*[@autocomplete="current-password"]'.</msg>
<arg>${INPUT-SENHA}</arg>
<arg>${SENHA-CORRETA}</arg>
<doc>Types the given ``text`` into the text field identified by ``locator``.</doc>
<status status="PASS" start="2024-03-19T13:19:10.599557" elapsed="0.139670"/>
</kw>
<kw name="Click Element" owner="SeleniumLibrary">
<msg time="2024-03-19T13:19:10.742337" level="INFO">Clicking element '//*[@data-testid="LoginForm_Login_Button"]'.</msg>
<arg>${BOTAO-LOGIN}</arg>
<doc>Click the element identified by ``locator``.</doc>
<status status="PASS" start="2024-03-19T13:19:10.742337" elapsed="0.055995"/>
</kw>
<kw name="Wait Until Element Is Visible" owner="SeleniumLibrary">
<arg>${ELEMENTO-NOTIFICACOES}</arg>
<doc>Waits until the element ``locator`` is visible.</doc>
<status status="PASS" start="2024-03-19T13:19:10.798332" elapsed="2.757015"/>
</kw>
<status status="PASS" start="2024-03-19T13:19:07.980240" elapsed="5.575107"/>
</kw>
<kw name="E clica no icone de mensagens" owner="home_page">
<kw name="Wait Until Element Is Visible" owner="SeleniumLibrary">
<arg>${BOTAO-MENSAGENS}</arg>
<doc>Waits until the element ``locator`` is visible.</doc>
<status status="PASS" start="2024-03-19T13:19:13.557056" elapsed="0.140681"/>
</kw>
<kw name="Click Element" owner="SeleniumLibrary">
<msg time="2024-03-19T13:19:13.697737" level="INFO">Clicking element '//*[@data-testid="AppTabBar_DirectMessage_Link"]'.</msg>
<arg>${BOTAO-MENSAGENS}</arg>
<doc>Click the element identified by ``locator``.</doc>
<status status="PASS" start="2024-03-19T13:19:13.697737" elapsed="0.162949"/>
</kw>
<status status="PASS" start="2024-03-19T13:19:13.556359" elapsed="0.304327"/>
</kw>
<kw name="E clica na conversa" owner="home_page">
<kw name="Wait Until Element Is Visible" owner="SeleniumLibrary">
<arg>${CONVERSA}</arg>
<doc>Waits until the element ``locator`` is visible.</doc>
<status status="PASS" start="2024-03-19T13:19:13.863921" elapsed="0.682947"/>
</kw>
<kw name="Click Element" owner="SeleniumLibrary">
<msg time="2024-03-19T13:19:14.546868" level="INFO">Clicking element '//*[@data-testid="conversation"]'.</msg>
<arg>${CONVERSA}</arg>
<doc>Click the element identified by ``locator``.</doc>
<status status="PASS" start="2024-03-19T13:19:14.546868" elapsed="0.085092"/>
</kw>
<status status="PASS" start="2024-03-19T13:19:13.862064" elapsed="0.769896"/>
</kw>
<kw name="E adicione uma foto a ser mandada" owner="home_page">
<kw name="Sleep" owner="BuiltIn">
<msg time="2024-03-19T13:19:15.632464" level="INFO">Slept 1 second.</msg>
<arg>1s</arg>
<doc>Pauses the test executed for the given time.</doc>
<status status="PASS" start="2024-03-19T13:19:14.631960" elapsed="1.000504"/>
</kw>
<kw name="Choose File" owner="SeleniumLibrary">
<msg time="2024-03-19T13:19:15.632464" level="INFO">Sending C:\Users\v8\Desktop\projeto-teste-twitter\teste-case-tt\resources\Imagens\2150829065.jpg to browser.</msg>
<arg>${BOTAO-MIDIA}</arg>
<arg>C:\\Users\\v8\\Desktop\\projeto-teste-twitter\\teste-case-tt\\resources\\Imagens\\2150829065.jpg</arg>
<doc>Inputs the ``file_path`` into the file input field ``locator``.</doc>
<status status="PASS" start="2024-03-19T13:19:15.632464" elapsed="0.087675"/>
</kw>
<kw name="Click Element" owner="SeleniumLibrary">
<msg time="2024-03-19T13:19:15.720139" level="INFO">Clicking element '//*[@data-testid="dmComposerTextInput_label"]'.</msg>
<arg>${INPUT-NOVA-MENSAGEM}</arg>
<doc>Click the element identified by ``locator``.</doc>
<status status="PASS" start="2024-03-19T13:19:15.720139" elapsed="0.104825"/>
</kw>
<kw name="Execute Javascript" owner="SeleniumLibrary">
<msg time="2024-03-19T13:19:15.825128" level="INFO">Executing JavaScript:
return new Date().toLocaleString()
Without any arguments.</msg>
<msg time="2024-03-19T13:19:15.836576" level="INFO">${DATA-HORA} = 19/03/2024, 13:19:15</msg>
<var>${DATA-HORA}</var>
<arg>return new Date().toLocaleString()</arg>
<doc>Executes the given JavaScript code with possible arguments.</doc>
<status status="PASS" start="2024-03-19T13:19:15.825128" elapsed="0.011448"/>
</kw>
<kw name="Set Global Variable" owner="BuiltIn">
<msg time="2024-03-19T13:19:15.840651" level="INFO">${MENSAGEM-TESTE} = Teste de nova mensagem. Data e hora:19/03/2024, 13:19:15</msg>
<arg>${MENSAGEM-TESTE}</arg>
<arg>Teste de nova mensagem. Data e hora:${DATA-HORA}</arg>
<doc>Makes a variable available globally in all tests and suites.</doc>
<status status="PASS" start="2024-03-19T13:19:15.840651" elapsed="0.000000"/>
</kw>
<kw name="Set Global Variable" owner="BuiltIn">
<msg time="2024-03-19T13:19:15.843228" level="INFO">${ULTIMA-MENSAGEM} = //div[@data-testid="tweetText"]//*[text()="Teste de nova mensagem. Data e hora:19/03/2024, 13:19:15"]</msg>
<arg>${ULTIMA-MENSAGEM}</arg>
<arg>//div[@data-testid="tweetText"]//*[text()="${MENSAGEM-TESTE}"]</arg>
<doc>Makes a variable available globally in all tests and suites.</doc>
<status status="PASS" start="2024-03-19T13:19:15.841678" elapsed="0.001550"/>
</kw>
<kw name="Press Keys" owner="SeleniumLibrary">
<msg time="2024-03-19T13:19:15.843228" level="INFO">Sending key(s) ('Teste de nova mensagem. Data e hora:19/03/2024, 13:19:15',) to page.</msg>
<msg time="2024-03-19T13:19:15.843228" level="INFO">Sending keys Teste de nova mensagem. Data e hora:19/03/2024, 13:19:15</msg>
<arg>None</arg>
<arg>${MENSAGEM-TESTE}</arg>
<doc>Simulates the user pressing key(s) to an element or on the active browser.</doc>
<status status="PASS" start="2024-03-19T13:19:15.843228" elapsed="0.769514"/>
</kw>
<kw name="Press Keys" owner="SeleniumLibrary">
<msg time="2024-03-19T13:19:16.612742" level="INFO">Sending key(s) ('ENTER',) to page.</msg>
<msg time="2024-03-19T13:19:16.612742" level="INFO">Pressing special key ENTER to browser.</msg>
<msg time="2024-03-19T13:19:16.612742" level="INFO">Releasing special key ENTER.</msg>
<arg>None</arg>
<arg>ENTER</arg>
<doc>Simulates the user pressing key(s) to an element or on the active browser.</doc>
<status status="PASS" start="2024-03-19T13:19:16.612742" elapsed="0.047943"/>
</kw>
<kw name="Sleep" owner="BuiltIn">
<msg time="2024-03-19T13:19:18.660836" level="INFO">Slept 2 seconds.</msg>
<arg>2s</arg>
<doc>Pauses the test executed for the given time.</doc>
<status status="PASS" start="2024-03-19T13:19:16.660685" elapsed="2.000151"/>
</kw>
<status status="PASS" start="2024-03-19T13:19:14.631960" elapsed="4.028876"/>
</kw>
<kw name="Então a mensagem enviada deve constar na conversa" owner="home_page">
<kw name="Wait Until Element Is Visible" owner="SeleniumLibrary">
<arg>${ULTIMA-MENSAGEM}</arg>
<doc>Waits until the element ``locator`` is visible.</doc>
<status status="PASS" start="2024-03-19T13:19:18.660836" elapsed="0.137737"/>
</kw>
<status status="PASS" start="2024-03-19T13:19:18.660836" elapsed="0.137737"/>
</kw>
<kw name="Fechar navegador" owner="setupteardown" type="TEARDOWN">
<kw name="Close Browser" owner="SeleniumLibrary">
<doc>Closes the current browser.</doc>
<status status="PASS" start="2024-03-19T13:19:18.798573" elapsed="3.616074"/>
</kw>
<status status="PASS" start="2024-03-19T13:19:18.798573" elapsed="3.616074"/>
</kw>
<tag>Mensagem</tag>
<status status="PASS" start="2024-03-19T13:19:04.190959" elapsed="18.223688"/>
</test>
<test id="s1-s1-t4" name="Verificar se o usuario consegue mandar GIFS pela mensagem direta" line="196">
<kw name="Dado que eu acesse o site do twitter" owner="setupteardown" type="SETUP">
<kw name="Open Browser" owner="SeleniumLibrary">
<msg time="2024-03-19T13:19:22.414647" level="INFO">Opening browser 'chrome' to base url 'https://twitter.com/'.</msg>
<arg>url=${URL}</arg>
<arg>browser=chrome</arg>
<doc>Opens a new browser instance to the optional ``url``.</doc>
<status status="PASS" start="2024-03-19T13:19:22.414647" elapsed="3.481514"/>
</kw>
<kw name="Maximize Browser Window" owner="SeleniumLibrary">
<doc>Maximizes current browser window.</doc>
<status status="PASS" start="2024-03-19T13:19:25.897209" elapsed="0.140202"/>
</kw>
<status status="PASS" start="2024-03-19T13:19:22.414647" elapsed="3.622764"/>
</kw>
<kw name="Quando o usuario tentar entrar com as credenciais corretas" owner="login_page">
<kw name="Wait Until Element Is Visible" owner="SeleniumLibrary">
<arg>${BOTAO-ENTRAR}</arg>
<doc>Waits until the element ``locator`` is visible.</doc>
<status status="PASS" start="2024-03-19T13:19:26.040768" elapsed="0.466670"/>
</kw>
<kw name="Scroll Element Into View" owner="SeleniumLibrary">
<arg>${BOTAO-ENTRAR}</arg>
<doc>Scrolls the element identified by ``locator`` into view.</doc>
<status status="PASS" start="2024-03-19T13:19:26.508274" elapsed="0.291766"/>
</kw>
<kw name="Click Element" owner="SeleniumLibrary">
<msg time="2024-03-19T13:19:26.805564" level="INFO">Clicking element '//*[@href="/login"]'.</msg>
<arg>${BOTAO-ENTRAR}</arg>
<doc>Click the element identified by ``locator``.</doc>
<status status="PASS" start="2024-03-19T13:19:26.805564" elapsed="0.178304"/>
</kw>
<kw name="Wait Until Element Is Enabled" owner="SeleniumLibrary">
<arg>${INPUT-USER}</arg>
<doc>Waits until the element ``locator`` is enabled.</doc>
<status status="PASS" start="2024-03-19T13:19:26.987477" elapsed="1.159235"/>
</kw>
<kw name="Input Text" owner="SeleniumLibrary">
<msg time="2024-03-19T13:19:28.146712" level="INFO">Typing text 'usuariomatteste' into text field '//*[@autocomplete="username"]'.</msg>
<arg>${INPUT-USER}</arg>
<arg>${USUARIO-CORRETO}</arg>
<doc>Types the given ``text`` into the text field identified by ``locator``.</doc>
<status status="PASS" start="2024-03-19T13:19:28.146712" elapsed="0.266534"/>
</kw>
<kw name="Click Element" owner="SeleniumLibrary">
<msg time="2024-03-19T13:19:28.413246" level="INFO">Clicking element '//*[text()="Avançar"]'.</msg>
<arg>${BOTAO-AVANCAR}</arg>
<doc>Click the element identified by ``locator``.</doc>
<status status="PASS" start="2024-03-19T13:19:28.413246" elapsed="0.074556"/>
</kw>
<kw name="Wait Until Element Is Visible" owner="SeleniumLibrary">
<arg>${INPUT-SENHA}</arg>
<doc>Waits until the element ``locator`` is visible.</doc>
<status status="PASS" start="2024-03-19T13:19:28.487802" elapsed="0.486243"/>
</kw>
<kw name="Input Text" owner="SeleniumLibrary">
<msg time="2024-03-19T13:19:28.976574" level="INFO">Typing text 'teste@1234' into text field '//*[@autocomplete="current-password"]'.</msg>
<arg>${INPUT-SENHA}</arg>
<arg>${SENHA-CORRETA}</arg>
<doc>Types the given ``text`` into the text field identified by ``locator``.</doc>
<status status="PASS" start="2024-03-19T13:19:28.976574" elapsed="0.149725"/>
</kw>
<kw name="Click Element" owner="SeleniumLibrary">
<msg time="2024-03-19T13:19:29.126367" level="INFO">Clicking element '//*[@data-testid="LoginForm_Login_Button"]'.</msg>
<arg>${BOTAO-LOGIN}</arg>
<doc>Click the element identified by ``locator``.</doc>
<status status="PASS" start="2024-03-19T13:19:29.126367" elapsed="0.074464"/>
</kw>
<kw name="Wait Until Element Is Visible" owner="SeleniumLibrary">
<arg>${ELEMENTO-NOTIFICACOES}</arg>
<doc>Waits until the element ``locator`` is visible.</doc>
<status status="PASS" start="2024-03-19T13:19:29.200831" elapsed="2.740669"/>
</kw>
<status status="PASS" start="2024-03-19T13:19:26.040768" elapsed="5.900732"/>
</kw>
<kw name="E clica no icone de mensagens" owner="home_page">
<kw name="Wait Until Element Is Visible" owner="SeleniumLibrary">
<arg>${BOTAO-MENSAGENS}</arg>
<doc>Waits until the element ``locator`` is visible.</doc>
<status status="PASS" start="2024-03-19T13:19:31.941500" elapsed="0.075499"/>
</kw>
<kw name="Click Element" owner="SeleniumLibrary">
<msg time="2024-03-19T13:19:32.017671" level="INFO">Clicking element '//*[@data-testid="AppTabBar_DirectMessage_Link"]'.</msg>
<arg>${BOTAO-MENSAGENS}</arg>
<doc>Click the element identified by ``locator``.</doc>
<status status="PASS" start="2024-03-19T13:19:32.016999" elapsed="0.269533"/>
</kw>
<status status="PASS" start="2024-03-19T13:19:31.941500" elapsed="0.345032"/>
</kw>
<kw name="E clica na conversa" owner="home_page">
<kw name="Wait Until Element Is Visible" owner="SeleniumLibrary">
<arg>${CONVERSA}</arg>
<doc>Waits until the element ``locator`` is visible.</doc>
<status status="PASS" start="2024-03-19T13:19:32.286532" elapsed="0.700824"/>
</kw>
<kw name="Click Element" owner="SeleniumLibrary">
<msg time="2024-03-19T13:19:32.987356" level="INFO">Clicking element '//*[@data-testid="conversation"]'.</msg>
<arg>${CONVERSA}</arg>
<doc>Click the element identified by ``locator``.</doc>
<status status="PASS" start="2024-03-19T13:19:32.987356" elapsed="0.111665"/>
</kw>
<status status="PASS" start="2024-03-19T13:19:32.286532" elapsed="0.812489"/>
</kw>
<kw name="E adiciona um gif para mandar" owner="home_page">
<kw name="Wait Until Element Is Visible" owner="SeleniumLibrary">
<arg>${BOTAO-ADICIONAR-GIF}</arg>
<doc>Waits until the element ``locator`` is visible.</doc>
<status status="PASS" start="2024-03-19T13:19:33.099021" elapsed="0.329771"/>
</kw>
<kw name="Click Element" owner="SeleniumLibrary">
<msg time="2024-03-19T13:19:33.428792" level="INFO">Clicking element '//*[@aria-label="Add a GIF"]'.</msg>
<arg>${BOTAO-ADICIONAR-GIF}</arg>
<doc>Click the element identified by ``locator``.</doc>
<status status="PASS" start="2024-03-19T13:19:33.428792" elapsed="0.182807"/>
</kw>
<kw name="Sleep" owner="BuiltIn">
<msg time="2024-03-19T13:19:35.612876" level="INFO">Slept 2 seconds.</msg>
<arg>2s</arg>
<doc>Pauses the test executed for the given time.</doc>
<status status="PASS" start="2024-03-19T13:19:33.611599" elapsed="2.001277"/>
</kw>
<kw name="Press Keys" owner="SeleniumLibrary">
<msg time="2024-03-19T13:19:35.612876" level="INFO">Sending key(s) ('chess',) to page.</msg>
<msg time="2024-03-19T13:19:35.612876" level="INFO">Sending keys chess</msg>
<arg>none</arg>
<arg>chess</arg>
<doc>Simulates the user pressing key(s) to an element or on the active browser.</doc>
<status status="PASS" start="2024-03-19T13:19:35.612876" elapsed="0.066283"/>
</kw>
<kw name="Wait Until Element Is Visible" owner="SeleniumLibrary">
<arg>${GIF}</arg>
<doc>Waits until the element ``locator`` is visible.</doc>
<status status="PASS" start="2024-03-19T13:19:35.679159" elapsed="1.003973"/>
</kw>
<kw name="Click Element" owner="SeleniumLibrary">
<msg time="2024-03-19T13:19:36.683132" level="INFO">Clicking element '//*[@data-testid="gifSearchGifImage"]'.</msg>
<arg>${GIF}</arg>
<doc>Click the element identified by ``locator``.</doc>
<status status="PASS" start="2024-03-19T13:19:36.683132" elapsed="0.241298"/>
</kw>
<status status="PASS" start="2024-03-19T13:19:33.099021" elapsed="3.825409"/>
</kw>
<kw name="E envia uma nova mensagem" owner="home_page">
<kw name="Wait Until Element Is Visible" owner="SeleniumLibrary">
<arg>${INPUT-NOVA-MENSAGEM}</arg>
<doc>Waits until the element ``locator`` is visible.</doc>
<status status="PASS" start="2024-03-19T13:19:36.926945" elapsed="0.039510"/>
</kw>
<kw name="Click Element" owner="SeleniumLibrary">
<msg time="2024-03-19T13:19:36.966455" level="INFO">Clicking element '//*[@data-testid="dmComposerTextInput_label"]'.</msg>
<arg>${INPUT-NOVA-MENSAGEM}</arg>
<doc>Click the element identified by ``locator``.</doc>
<status status="PASS" start="2024-03-19T13:19:36.966455" elapsed="0.100695"/>
</kw>
<kw name="Execute Javascript" owner="SeleniumLibrary">
<msg time="2024-03-19T13:19:37.067150" level="INFO">Executing JavaScript:
return new Date().toLocaleString()
Without any arguments.</msg>
<msg time="2024-03-19T13:19:37.083189" level="INFO">${DATA-HORA} = 19/03/2024, 13:19:37</msg>
<var>${DATA-HORA}</var>
<arg>return new Date().toLocaleString()</arg>
<doc>Executes the given JavaScript code with possible arguments.</doc>
<status status="PASS" start="2024-03-19T13:19:37.067150" elapsed="0.016039"/>
</kw>
<kw name="Set Global Variable" owner="BuiltIn">
<msg time="2024-03-19T13:19:37.083189" level="INFO">${MENSAGEM-TESTE} = Teste de nova mensagem. Data e hora:19/03/2024, 13:19:37</msg>
<arg>${MENSAGEM-TESTE}</arg>
<arg>Teste de nova mensagem. Data e hora:${DATA-HORA}</arg>
<doc>Makes a variable available globally in all tests and suites.</doc>
<status status="PASS" start="2024-03-19T13:19:37.083189" elapsed="0.000000"/>
</kw>
<kw name="Set Global Variable" owner="BuiltIn">
<msg time="2024-03-19T13:19:37.083189" level="INFO">${ULTIMA-MENSAGEM} = //div[@data-testid="tweetText"]//*[text()="Teste de nova mensagem. Data e hora:19/03/2024, 13:19:37"]</msg>
<arg>${ULTIMA-MENSAGEM}</arg>
<arg>//div[@data-testid="tweetText"]//*[text()="${MENSAGEM-TESTE}"]</arg>
<doc>Makes a variable available globally in all tests and suites.</doc>
<status status="PASS" start="2024-03-19T13:19:37.083189" elapsed="0.000000"/>
</kw>
<kw name="Press Keys" owner="SeleniumLibrary">
<msg time="2024-03-19T13:19:37.083189" level="INFO">Sending key(s) ('Teste de nova mensagem. Data e hora:19/03/2024, 13:19:37',) to page.</msg>
<msg time="2024-03-19T13:19:37.083189" level="INFO">Sending keys Teste de nova mensagem. Data e hora:19/03/2024, 13:19:37</msg>
<arg>None</arg>
<arg>${MENSAGEM-TESTE}</arg>
<doc>Simulates the user pressing key(s) to an element or on the active browser.</doc>
<status status="PASS" start="2024-03-19T13:19:37.083189" elapsed="0.644618"/>
</kw>
<kw name="Press Keys" owner="SeleniumLibrary">
<msg time="2024-03-19T13:19:37.727807" level="INFO">Sending key(s) ('ENTER',) to page.</msg>
<msg time="2024-03-19T13:19:37.727807" level="INFO">Pressing special key ENTER to browser.</msg>
<msg time="2024-03-19T13:19:37.727807" level="INFO">Releasing special key ENTER.</msg>
<arg>None</arg>
<arg>ENTER</arg>
<doc>Simulates the user pressing key(s) to an element or on the active browser.</doc>
<status status="PASS" start="2024-03-19T13:19:37.727807" elapsed="0.071272"/>
</kw>
<kw name="Sleep" owner="BuiltIn">
<msg time="2024-03-19T13:19:39.799595" level="INFO">Slept 2 seconds.</msg>
<arg>2s</arg>
<doc>Pauses the test executed for the given time.</doc>
<status status="PASS" start="2024-03-19T13:19:37.799079" elapsed="2.000516"/>
</kw>
<status status="PASS" start="2024-03-19T13:19:36.926945" elapsed="2.872650"/>
</kw>
<kw name="Então a mensagem enviada deve constar na conversa" owner="home_page">
<kw name="Wait Until Element Is Visible" owner="SeleniumLibrary">
<arg>${ULTIMA-MENSAGEM}</arg>
<doc>Waits until the element ``locator`` is visible.</doc>
<status status="PASS" start="2024-03-19T13:19:39.799595" elapsed="0.087582"/>
</kw>
<status status="PASS" start="2024-03-19T13:19:39.799595" elapsed="0.087582"/>
</kw>
<kw name="Fechar navegador" owner="setupteardown" type="TEARDOWN">
<kw name="Close Browser" owner="SeleniumLibrary">
<doc>Closes the current browser.</doc>
<status status="PASS" start="2024-03-19T13:19:39.888696" elapsed="2.707446"/>
</kw>
<status status="PASS" start="2024-03-19T13:19:39.887687" elapsed="2.709611"/>
</kw>
<tag>Mensagem</tag>
<status status="PASS" start="2024-03-19T13:19:22.414647" elapsed="20.183163"/>
</test>
<test id="s1-s1-t5" name="Verificar se o usuario consegue silenciar uma conversa" line="205">
<kw name="Dado que eu acesse o site do twitter" owner="setupteardown" type="SETUP">
<kw name="Open Browser" owner="SeleniumLibrary">
<msg time="2024-03-19T13:19:42.597810" level="INFO">Opening browser 'chrome' to base url 'https://twitter.com/'.</msg>
<arg>url=${URL}</arg>
<arg>browser=chrome</arg>
<doc>Opens a new browser instance to the optional ``url``.</doc>
<status status="PASS" start="2024-03-19T13:19:42.597810" elapsed="3.435007"/>
</kw>
<kw name="Maximize Browser Window" owner="SeleniumLibrary">
<doc>Maximizes current browser window.</doc>
<status status="PASS" start="2024-03-19T13:19:46.032817" elapsed="0.216051"/>
</kw>
<status status="PASS" start="2024-03-19T13:19:42.597810" elapsed="3.651058"/>
</kw>
<kw name="Quando o usuario tentar entrar com as credenciais corretas" owner="login_page">
<kw name="Wait Until Element Is Visible" owner="SeleniumLibrary">
<arg>${BOTAO-ENTRAR}</arg>
<doc>Waits until the element ``locator`` is visible.</doc>
<status status="PASS" start="2024-03-19T13:19:46.248868" elapsed="0.376290"/>
</kw>
<kw name="Scroll Element Into View" owner="SeleniumLibrary">
<arg>${BOTAO-ENTRAR}</arg>
<doc>Scrolls the element identified by ``locator`` into view.</doc>
<status status="PASS" start="2024-03-19T13:19:46.625158" elapsed="0.300675"/>
</kw>
<kw name="Click Element" owner="SeleniumLibrary">
<msg time="2024-03-19T13:19:46.928361" level="INFO">Clicking element '//*[@href="/login"]'.</msg>
<arg>${BOTAO-ENTRAR}</arg>
<doc>Click the element identified by ``locator``.</doc>
<status status="PASS" start="2024-03-19T13:19:46.925833" elapsed="0.137927"/>
</kw>
<kw name="Wait Until Element Is Enabled" owner="SeleniumLibrary">
<arg>${INPUT-USER}</arg>
<doc>Waits until the element ``locator`` is enabled.</doc>
<status status="PASS" start="2024-03-19T13:19:47.063760" elapsed="1.179203"/>
</kw>
<kw name="Input Text" owner="SeleniumLibrary">
<msg time="2024-03-19T13:19:48.242963" level="INFO">Typing text 'usuariomatteste' into text field '//*[@autocomplete="username"]'.</msg>
<arg>${INPUT-USER}</arg>
<arg>${USUARIO-CORRETO}</arg>
<doc>Types the given ``text`` into the text field identified by ``locator``.</doc>
<status status="PASS" start="2024-03-19T13:19:48.242963" elapsed="0.256974"/>
</kw>
<kw name="Click Element" owner="SeleniumLibrary">
<msg time="2024-03-19T13:19:48.499937" level="INFO">Clicking element '//*[text()="Avançar"]'.</msg>
<arg>${BOTAO-AVANCAR}</arg>
<doc>Click the element identified by ``locator``.</doc>
<status status="PASS" start="2024-03-19T13:19:48.499937" elapsed="0.093277"/>
</kw>
<kw name="Wait Until Element Is Visible" owner="SeleniumLibrary">
<arg>${INPUT-SENHA}</arg>
<doc>Waits until the element ``locator`` is visible.</doc>
<status status="PASS" start="2024-03-19T13:19:48.593993" elapsed="0.475498"/>
</kw>
<kw name="Input Text" owner="SeleniumLibrary">
<msg time="2024-03-19T13:19:49.069491" level="INFO">Typing text 'teste@1234' into text field '//*[@autocomplete="current-password"]'.</msg>
<arg>${INPUT-SENHA}</arg>
<arg>${SENHA-CORRETA}</arg>
<doc>Types the given ``text`` into the text field identified by ``locator``.</doc>
<status status="PASS" start="2024-03-19T13:19:49.069491" elapsed="0.155867"/>
</kw>
<kw name="Click Element" owner="SeleniumLibrary">
<msg time="2024-03-19T13:19:49.225358" level="INFO">Clicking element '//*[@data-testid="LoginForm_Login_Button"]'.</msg>
<arg>${BOTAO-LOGIN}</arg>
<doc>Click the element identified by ``locator``.</doc>
<status status="PASS" start="2024-03-19T13:19:49.225358" elapsed="0.089168"/>
</kw>
<kw name="Wait Until Element Is Visible" owner="SeleniumLibrary">
<arg>${ELEMENTO-NOTIFICACOES}</arg>
<doc>Waits until the element ``locator`` is visible.</doc>
<status status="PASS" start="2024-03-19T13:19:49.314526" elapsed="2.702204"/>
</kw>
<status status="PASS" start="2024-03-19T13:19:46.248868" elapsed="5.775393"/>
</kw>
<kw name="E clica no icone de mensagens" owner="home_page">
<kw name="Wait Until Element Is Visible" owner="SeleniumLibrary">
<arg>${BOTAO-MENSAGENS}</arg>
<doc>Waits until the element ``locator`` is visible.</doc>
<status status="PASS" start="2024-03-19T13:19:52.025867" elapsed="0.161578"/>
</kw>
<kw name="Click Element" owner="SeleniumLibrary">
<msg time="2024-03-19T13:19:52.187445" level="INFO">Clicking element '//*[@data-testid="AppTabBar_DirectMessage_Link"]'.</msg>
<arg>${BOTAO-MENSAGENS}</arg>
<doc>Click the element identified by ``locator``.</doc>
<status status="PASS" start="2024-03-19T13:19:52.187445" elapsed="0.128464"/>
</kw>
<status status="PASS" start="2024-03-19T13:19:52.024261" elapsed="0.291648"/>
</kw>
<kw name="E clica em mais opções da conversa" owner="home_page">
<kw name="Wait Until Element Is Visible" owner="SeleniumLibrary">
<arg>${CONVERSA}</arg>
<doc>Waits until the element ``locator`` is visible.</doc>
<status status="PASS" start="2024-03-19T13:19:52.315909" elapsed="0.775586"/>
</kw>
<kw name="Mouse Over" owner="SeleniumLibrary">
<msg time="2024-03-19T13:19:53.091495" level="INFO">Simulating Mouse Over on element '//*[@data-testid="conversation"]'.</msg>
<arg>${CONVERSA}</arg>
<doc>Simulates hovering the mouse over the element ``locator``.</doc>
<status status="PASS" start="2024-03-19T13:19:53.091495" elapsed="0.313087"/>
</kw>
<kw name="Sleep" owner="BuiltIn">
<msg time="2024-03-19T13:19:55.404865" level="INFO">Slept 2 seconds.</msg>
<arg>2s</arg>
<doc>Pauses the test executed for the given time.</doc>
<status status="PASS" start="2024-03-19T13:19:53.404582" elapsed="2.000283"/>
</kw>
<kw name="Click Element" owner="SeleniumLibrary">
<msg time="2024-03-19T13:19:55.404865" level="INFO">Clicking element '//*[@data-testid="conversation"]//*[@aria-label="More"]'.</msg>
<arg>${BOTAO-MAIS-CONVERSA}</arg>
<doc>Click the element identified by ``locator``.</doc>
<status status="PASS" start="2024-03-19T13:19:55.404865" elapsed="0.119246"/>
</kw>
<status status="PASS" start="2024-03-19T13:19:52.315909" elapsed="3.208202"/>
</kw>
<kw name="E clica em silenciar a conversa" owner="home_page">
<kw name="Wait Until Element Is Visible" owner="SeleniumLibrary">
<arg>${BOTAO-SILENCIAR-CONVERSA}</arg>
<doc>Waits until the element ``locator`` is visible.</doc>
<status status="PASS" start="2024-03-19T13:19:55.524111" elapsed="0.079741"/>
</kw>
<kw name="Click Element" owner="SeleniumLibrary">
<msg time="2024-03-19T13:19:55.604795" level="INFO">Clicking element '//*[text()="Snooze conversation"]'.</msg>
<arg>${BOTAO-SILENCIAR-CONVERSA}</arg>
<doc>Click the element identified by ``locator``.</doc>
<status status="PASS" start="2024-03-19T13:19:55.603852" elapsed="0.106988"/>
</kw>
<status status="PASS" start="2024-03-19T13:19:55.524111" elapsed="0.186729"/>
</kw>
<kw name="E clica em mais opções da conversa" owner="home_page">
<kw name="Wait Until Element Is Visible" owner="SeleniumLibrary">
<arg>${CONVERSA}</arg>
<doc>Waits until the element ``locator`` is visible.</doc>
<status status="PASS" start="2024-03-19T13:19:55.710840" elapsed="0.036913"/>
</kw>
<kw name="Mouse Over" owner="SeleniumLibrary">
<msg time="2024-03-19T13:19:55.748661" level="INFO">Simulating Mouse Over on element '//*[@data-testid="conversation"]'.</msg>
<arg>${CONVERSA}</arg>
<doc>Simulates hovering the mouse over the element ``locator``.</doc>
<status status="PASS" start="2024-03-19T13:19:55.747753" elapsed="0.314955"/>
</kw>
<kw name="Sleep" owner="BuiltIn">
<msg time="2024-03-19T13:19:58.063048" level="INFO">Slept 2 seconds.</msg>
<arg>2s</arg>
<doc>Pauses the test executed for the given time.</doc>
<status status="PASS" start="2024-03-19T13:19:56.062708" elapsed="2.000340"/>
</kw>
<kw name="Click Element" owner="SeleniumLibrary">
<msg time="2024-03-19T13:19:58.063048" level="INFO">Clicking element '//*[@data-testid="conversation"]//*[@aria-label="More"]'.</msg>
<arg>${BOTAO-MAIS-CONVERSA}</arg>
<doc>Click the element identified by ``locator``.</doc>
<status status="PASS" start="2024-03-19T13:19:58.063048" elapsed="0.085047"/>
</kw>
<status status="PASS" start="2024-03-19T13:19:55.710840" elapsed="2.437255"/>
</kw>
<kw name="Então a conversa deve estar silenciada" owner="home_page">
<kw name="Wait Until Element Is Visible" owner="SeleniumLibrary">
<arg>${BOTAO-TIRAR-SILENCIADA}</arg>
<doc>Waits until the element ``locator`` is visible.</doc>
<status status="PASS" start="2024-03-19T13:19:58.148095" elapsed="0.073027"/>
</kw>
<kw name="Element Should Be Visible" owner="SeleniumLibrary">
<msg time="2024-03-19T13:19:58.254434" level="INFO">Element '//*[text()="Take conversation off snooze"]' is displayed.</msg>
<arg>${BOTAO-TIRAR-SILENCIADA}</arg>
<doc>Verifies that the element identified by ``locator`` is visible.</doc>
<status status="PASS" start="2024-03-19T13:19:58.221122" elapsed="0.033312"/>
</kw>
<kw name="Click Element" owner="SeleniumLibrary">
<msg time="2024-03-19T13:19:58.254434" level="INFO">Clicking element '//*[text()="Take conversation off snooze"]'.</msg>
<arg>${BOTAO-TIRAR-SILENCIADA}</arg>
<doc>Click the element identified by ``locator``.</doc>
<status status="PASS" start="2024-03-19T13:19:58.254434" elapsed="0.094769"/>
</kw>
<status status="PASS" start="2024-03-19T13:19:58.148095" elapsed="0.201108"/>
</kw>
<kw name="Fechar navegador" owner="setupteardown" type="TEARDOWN">
<kw name="Close Browser" owner="SeleniumLibrary">
<doc>Closes the current browser.</doc>
<status status="PASS" start="2024-03-19T13:19:58.354219" elapsed="2.631739"/>
</kw>
<status status="PASS" start="2024-03-19T13:19:58.354219" elapsed="2.631739"/>
</kw>
<tag>Mensagem</tag>
<status status="PASS" start="2024-03-19T13:19:42.597810" elapsed="18.388148"/>
</test>
<test id="s1-s1-t6" name="Verificar se o usuario consegue receber novas mensagens" line="214">
<kw name="Dado que eu acesse o site do twitter" owner="setupteardown" type="SETUP">
<kw name="Open Browser" owner="SeleniumLibrary">
<msg time="2024-03-19T13:20:00.985958" level="INFO">Opening browser 'chrome' to base url 'https://twitter.com/'.</msg>
<arg>url=${URL}</arg>
<arg>browser=chrome</arg>
<doc>Opens a new browser instance to the optional ``url``.</doc>
<status status="PASS" start="2024-03-19T13:20:00.985958" elapsed="3.491802"/>
</kw>
<kw name="Maximize Browser Window" owner="SeleniumLibrary">
<doc>Maximizes current browser window.</doc>
<status status="PASS" start="2024-03-19T13:20:04.477760" elapsed="0.120662"/>
</kw>
<status status="PASS" start="2024-03-19T13:20:00.985958" elapsed="3.612464"/>
</kw>
<kw name="Quando o usuario tentar entrar com as credenciais corretas" owner="login_page">
<kw name="Wait Until Element Is Visible" owner="SeleniumLibrary">
<arg>${BOTAO-ENTRAR}</arg>
<doc>Waits until the element ``locator`` is visible.</doc>
<status status="PASS" start="2024-03-19T13:20:04.598422" elapsed="0.942261"/>
</kw>
<kw name="Scroll Element Into View" owner="SeleniumLibrary">
<arg>${BOTAO-ENTRAR}</arg>
<doc>Scrolls the element identified by ``locator`` into view.</doc>
<status status="PASS" start="2024-03-19T13:20:05.548700" elapsed="0.392068"/>
</kw>
<kw name="Click Element" owner="SeleniumLibrary">
<msg time="2024-03-19T13:20:05.940768" level="INFO">Clicking element '//*[@href="/login"]'.</msg>
<arg>${BOTAO-ENTRAR}</arg>
<doc>Click the element identified by ``locator``.</doc>
<status status="PASS" start="2024-03-19T13:20:05.940768" elapsed="0.118733"/>
</kw>
<kw name="Wait Until Element Is Enabled" owner="SeleniumLibrary">
<arg>${INPUT-USER}</arg>
<doc>Waits until the element ``locator`` is enabled.</doc>
<status status="PASS" start="2024-03-19T13:20:06.060522" elapsed="1.434507"/>
</kw>
<kw name="Input Text" owner="SeleniumLibrary">
<msg time="2024-03-19T13:20:07.495029" level="INFO">Typing text 'usuariomatteste' into text field '//*[@autocomplete="username"]'.</msg>
<arg>${INPUT-USER}</arg>
<arg>${USUARIO-CORRETO}</arg>
<doc>Types the given ``text`` into the text field identified by ``locator``.</doc>
<status status="PASS" start="2024-03-19T13:20:07.495029" elapsed="0.247542"/>
</kw>
<kw name="Click Element" owner="SeleniumLibrary">
<msg time="2024-03-19T13:20:07.747640" level="INFO">Clicking element '//*[text()="Avançar"]'.</msg>
<arg>${BOTAO-AVANCAR}</arg>
<doc>Click the element identified by ``locator``.</doc>
<status status="PASS" start="2024-03-19T13:20:07.747640" elapsed="0.082195"/>
</kw>
<kw name="Wait Until Element Is Visible" owner="SeleniumLibrary">
<arg>${INPUT-SENHA}</arg>
<doc>Waits until the element ``locator`` is visible.</doc>
<status status="PASS" start="2024-03-19T13:20:07.829835" elapsed="0.471890"/>
</kw>
<kw name="Input Text" owner="SeleniumLibrary">
<msg time="2024-03-19T13:20:08.301725" level="INFO">Typing text 'teste@1234' into text field '//*[@autocomplete="current-password"]'.</msg>
<arg>${INPUT-SENHA}</arg>
<arg>${SENHA-CORRETA}</arg>
<doc>Types the given ``text`` into the text field identified by ``locator``.</doc>
<status status="PASS" start="2024-03-19T13:20:08.301725" elapsed="0.164126"/>
</kw>
<kw name="Click Element" owner="SeleniumLibrary">
<msg time="2024-03-19T13:20:08.465851" level="INFO">Clicking element '//*[@data-testid="LoginForm_Login_Button"]'.</msg>
<arg>${BOTAO-LOGIN}</arg>
<doc>Click the element identified by ``locator``.</doc>
<status status="PASS" start="2024-03-19T13:20:08.465851" elapsed="0.066875"/>
</kw>
<kw name="Wait Until Element Is Visible" owner="SeleniumLibrary">
<arg>${ELEMENTO-NOTIFICACOES}</arg>
<doc>Waits until the element ``locator`` is visible.</doc>
<status status="PASS" start="2024-03-19T13:20:08.534910" elapsed="2.756797"/>
</kw>
<status status="PASS" start="2024-03-19T13:20:04.598422" elapsed="6.693285"/>
</kw>
<kw name="E clica no icone de mensagens" owner="home_page">
<kw name="Wait Until Element Is Visible" owner="SeleniumLibrary">
<arg>${BOTAO-MENSAGENS}</arg>
<doc>Waits until the element ``locator`` is visible.</doc>
<status status="PASS" start="2024-03-19T13:20:11.291707" elapsed="0.091049"/>
</kw>
<kw name="Click Element" owner="SeleniumLibrary">
<msg time="2024-03-19T13:20:11.389023" level="INFO">Clicking element '//*[@data-testid="AppTabBar_DirectMessage_Link"]'.</msg>
<arg>${BOTAO-MENSAGENS}</arg>
<doc>Click the element identified by ``locator``.</doc>
<status status="PASS" start="2024-03-19T13:20:11.382756" elapsed="0.122213"/>
</kw>
<status status="PASS" start="2024-03-19T13:20:11.291707" elapsed="0.213262"/>
</kw>
<kw name="E clica na conversa" owner="home_page">
<kw name="Wait Until Element Is Visible" owner="SeleniumLibrary">
<arg>${CONVERSA}</arg>
<doc>Waits until the element ``locator`` is visible.</doc>
<status status="PASS" start="2024-03-19T13:20:11.504969" elapsed="0.906367"/>
</kw>
<kw name="Click Element" owner="SeleniumLibrary">
<msg time="2024-03-19T13:20:12.412027" level="INFO">Clicking element '//*[@data-testid="conversation"]'.</msg>
<arg>${CONVERSA}</arg>
<doc>Click the element identified by ``locator``.</doc>
<status status="PASS" start="2024-03-19T13:20:12.412027" elapsed="0.113162"/>
</kw>
<status status="PASS" start="2024-03-19T13:20:11.504969" elapsed="1.020220"/>
</kw>
<kw name="E adicione uma foto a ser mandada" owner="home_page">
<kw name="Sleep" owner="BuiltIn">
<msg time="2024-03-19T13:20:13.525834" level="INFO">Slept 1 second.</msg>
<arg>1s</arg>
<doc>Pauses the test executed for the given time.</doc>
<status status="PASS" start="2024-03-19T13:20:12.525189" elapsed="1.000645"/>
</kw>
<kw name="Choose File" owner="SeleniumLibrary">
<msg time="2024-03-19T13:20:13.525834" level="INFO">Sending C:\Users\v8\Desktop\projeto-teste-twitter\teste-case-tt\resources\Imagens\2150829065.jpg to browser.</msg>
<arg>${BOTAO-MIDIA}</arg>
<arg>C:\\Users\\v8\\Desktop\\projeto-teste-twitter\\teste-case-tt\\resources\\Imagens\\2150829065.jpg</arg>
<doc>Inputs the ``file_path`` into the file input field ``locator``.</doc>
<status status="PASS" start="2024-03-19T13:20:13.525834" elapsed="0.071599"/>
</kw>
<kw name="Click Element" owner="SeleniumLibrary">
<msg time="2024-03-19T13:20:13.597433" level="INFO">Clicking element '//*[@data-testid="dmComposerTextInput_label"]'.</msg>
<arg>${INPUT-NOVA-MENSAGEM}</arg>
<doc>Click the element identified by ``locator``.</doc>
<status status="PASS" start="2024-03-19T13:20:13.597433" elapsed="0.111118"/>
</kw>
<kw name="Execute Javascript" owner="SeleniumLibrary">
<msg time="2024-03-19T13:20:13.709945" level="INFO">Executing JavaScript:
return new Date().toLocaleString()
Without any arguments.</msg>
<msg time="2024-03-19T13:20:13.723880" level="INFO">${DATA-HORA} = 19/03/2024, 13:20:13</msg>
<var>${DATA-HORA}</var>
<arg>return new Date().toLocaleString()</arg>
<doc>Executes the given JavaScript code with possible arguments.</doc>
<status status="PASS" start="2024-03-19T13:20:13.709945" elapsed="0.013935"/>
</kw>
<kw name="Set Global Variable" owner="BuiltIn">
<msg time="2024-03-19T13:20:13.726322" level="INFO">${MENSAGEM-TESTE} = Teste de nova mensagem. Data e hora:19/03/2024, 13:20:13</msg>
<arg>${MENSAGEM-TESTE}</arg>
<arg>Teste de nova mensagem. Data e hora:${DATA-HORA}</arg>
<doc>Makes a variable available globally in all tests and suites.</doc>
<status status="PASS" start="2024-03-19T13:20:13.723880" elapsed="0.002442"/>
</kw>
<kw name="Set Global Variable" owner="BuiltIn">
<msg time="2024-03-19T13:20:13.726322" level="INFO">${ULTIMA-MENSAGEM} = //div[@data-testid="tweetText"]//*[text()="Teste de nova mensagem. Data e hora:19/03/2024, 13:20:13"]</msg>
<arg>${ULTIMA-MENSAGEM}</arg>
<arg>//div[@data-testid="tweetText"]//*[text()="${MENSAGEM-TESTE}"]</arg>
<doc>Makes a variable available globally in all tests and suites.</doc>
<status status="PASS" start="2024-03-19T13:20:13.726322" elapsed="0.000000"/>
</kw>
<kw name="Press Keys" owner="SeleniumLibrary">
<msg time="2024-03-19T13:20:13.726322" level="INFO">Sending key(s) ('Teste de nova mensagem. Data e hora:19/03/2024, 13:20:13',) to page.</msg>
<msg time="2024-03-19T13:20:13.726322" level="INFO">Sending keys Teste de nova mensagem. Data e hora:19/03/2024, 13:20:13</msg>
<arg>None</arg>
<arg>${MENSAGEM-TESTE}</arg>
<doc>Simulates the user pressing key(s) to an element or on the active browser.</doc>
<status status="PASS" start="2024-03-19T13:20:13.726322" elapsed="0.749201"/>
</kw>
<kw name="Press Keys" owner="SeleniumLibrary">
<msg time="2024-03-19T13:20:14.475523" level="INFO">Sending key(s) ('ENTER',) to page.</msg>
<msg time="2024-03-19T13:20:14.475523" level="INFO">Pressing special key ENTER to browser.</msg>
<msg time="2024-03-19T13:20:14.475523" level="INFO">Releasing special key ENTER.</msg>
<arg>None</arg>
<arg>ENTER</arg>
<doc>Simulates the user pressing key(s) to an element or on the active browser.</doc>
<status status="PASS" start="2024-03-19T13:20:14.475523" elapsed="0.044459"/>
</kw>
<kw name="Sleep" owner="BuiltIn">
<msg time="2024-03-19T13:20:16.524465" level="INFO">Slept 2 seconds.</msg>
<arg>2s</arg>
<doc>Pauses the test executed for the given time.</doc>
<status status="PASS" start="2024-03-19T13:20:14.519982" elapsed="2.004483"/>
</kw>
<status status="PASS" start="2024-03-19T13:20:12.525189" elapsed="3.999919"/>
</kw>
<kw name="Então a mensagem enviada deve constar na conversa" owner="home_page">
<kw name="Wait Until Element Is Visible" owner="SeleniumLibrary">
<arg>${ULTIMA-MENSAGEM}</arg>
<doc>Waits until the element ``locator`` is visible.</doc>
<status status="PASS" start="2024-03-19T13:20:16.525887" elapsed="0.033386"/>
</kw>
<status status="PASS" start="2024-03-19T13:20:16.525887" elapsed="0.033386"/>
</kw>
<kw name="Fechar navegador" owner="setupteardown" type="TEARDOWN">
<kw name="Close Browser" owner="SeleniumLibrary">
<doc>Closes the current browser.</doc>
<status status="PASS" start="2024-03-19T13:20:16.559273" elapsed="2.571289"/>
</kw>
<status status="PASS" start="2024-03-19T13:20:16.559273" elapsed="2.572265"/>
</kw>
<tag>Mensagem</tag>
<status status="PASS" start="2024-03-19T13:20:00.985958" elapsed="18.145580"/>
</test>
<status status="PASS" start="2024-03-19T13:18:29.126993" elapsed="110.004545"/>
</suite>
<suite id="s1-s2" name="Teste-Case-Tt" source="c:\Users\v8\Desktop\projeto-teste-twitter\teste-case-tt">
<suite id="s1-s2-s1" name="Testes" source="c:\Users\v8\Desktop\projeto-teste-twitter\teste-case-tt\testes">
<suite id="s1-s2-s1-s1" name="Home-Page" source="c:\Users\v8\Desktop\projeto-teste-twitter\teste-case-tt\testes\home-page.robot">
<test id="s1-s2-s1-s1-t1" name="Verificar se o usuário consegue enviar mensagens diretas a outros usuários" line="172">
<kw name="Dado que eu acesse o site do twitter" owner="setupteardown" type="SETUP">
<kw name="Open Browser" owner="SeleniumLibrary">
<msg time="2024-03-19T13:20:19.194784" level="INFO">Opening browser 'chrome' to base url 'https://twitter.com/'.</msg>
<arg>url=${URL}</arg>
<arg>browser=chrome</arg>
<doc>Opens a new browser instance to the optional ``url``.</doc>
<status status="PASS" start="2024-03-19T13:20:19.194784" elapsed="3.501332"/>
</kw>
<kw name="Maximize Browser Window" owner="SeleniumLibrary">
<doc>Maximizes current browser window.</doc>
<status status="PASS" start="2024-03-19T13:20:22.696116" elapsed="0.121421"/>
</kw>
<status status="PASS" start="2024-03-19T13:20:19.194784" elapsed="3.622753"/>
</kw>
<kw name="Quando o usuario tentar entrar com as credenciais corretas" owner="login_page">
<kw name="Wait Until Element Is Visible" owner="SeleniumLibrary">
<arg>${BOTAO-ENTRAR}</arg>
<doc>Waits until the element ``locator`` is visible.</doc>
<status status="PASS" start="2024-03-19T13:20:22.823528" elapsed="0.446596"/>
</kw>
<kw name="Scroll Element Into View" owner="SeleniumLibrary">
<arg>${BOTAO-ENTRAR}</arg>
<doc>Scrolls the element identified by ``locator`` into view.</doc>
<status status="PASS" start="2024-03-19T13:20:23.270124" elapsed="0.350786"/>
</kw>
<kw name="Click Element" owner="SeleniumLibrary">
<msg time="2024-03-19T13:20:23.620910" level="INFO">Clicking element '//*[@href="/login"]'.</msg>
<arg>${BOTAO-ENTRAR}</arg>
<doc>Click the element identified by ``locator``.</doc>
<status status="PASS" start="2024-03-19T13:20:23.620910" elapsed="0.144861"/>
</kw>
<kw name="Wait Until Element Is Enabled" owner="SeleniumLibrary">
<arg>${INPUT-USER}</arg>
<doc>Waits until the element ``locator`` is enabled.</doc>
<status status="PASS" start="2024-03-19T13:20:23.766764" elapsed="1.019128"/>
</kw>
<kw name="Input Text" owner="SeleniumLibrary">
<msg time="2024-03-19T13:20:24.785892" level="INFO">Typing text 'usuariomatteste' into text field '//*[@autocomplete="username"]'.</msg>
<arg>${INPUT-USER}</arg>
<arg>${USUARIO-CORRETO}</arg>
<doc>Types the given ``text`` into the text field identified by ``locator``.</doc>
<status status="PASS" start="2024-03-19T13:20:24.785892" elapsed="0.249651"/>
</kw>
<kw name="Click Element" owner="SeleniumLibrary">
<msg time="2024-03-19T13:20:25.035543" level="INFO">Clicking element '//*[text()="Avançar"]'.</msg>
<arg>${BOTAO-AVANCAR}</arg>
<doc>Click the element identified by ``locator``.</doc>
<status status="PASS" start="2024-03-19T13:20:25.035543" elapsed="0.079807"/>
</kw>
<kw name="Wait Until Element Is Visible" owner="SeleniumLibrary">
<arg>${INPUT-SENHA}</arg>
<doc>Waits until the element ``locator`` is visible.</doc>
<status status="PASS" start="2024-03-19T13:20:25.115350" elapsed="0.460003"/>
</kw>
<kw name="Input Text" owner="SeleniumLibrary">
<msg time="2024-03-19T13:20:25.575353" level="INFO">Typing text 'teste@1234' into text field '//*[@autocomplete="current-password"]'.</msg>
<arg>${INPUT-SENHA}</arg>
<arg>${SENHA-CORRETA}</arg>
<doc>Types the given ``text`` into the text field identified by ``locator``.</doc>
<status status="PASS" start="2024-03-19T13:20:25.575353" elapsed="0.132002"/>
</kw>
<kw name="Click Element" owner="SeleniumLibrary">
<msg time="2024-03-19T13:20:25.707355" level="INFO">Clicking element '//*[@data-testid="LoginForm_Login_Button"]'.</msg>
<arg>${BOTAO-LOGIN}</arg>
<doc>Click the element identified by ``locator``.</doc>
<status status="PASS" start="2024-03-19T13:20:25.707355" elapsed="0.058974"/>
</kw>
<kw name="Wait Until Element Is Visible" owner="SeleniumLibrary">
<arg>${ELEMENTO-NOTIFICACOES}</arg>
<doc>Waits until the element ``locator`` is visible.</doc>
<status status="PASS" start="2024-03-19T13:20:25.766329" elapsed="2.593832"/>
</kw>
<status status="PASS" start="2024-03-19T13:20:22.823528" elapsed="5.536633"/>
</kw>
<kw name="E clica no icone de mensagens" owner="home_page">
<kw name="Wait Until Element Is Visible" owner="SeleniumLibrary">
<arg>${BOTAO-MENSAGENS}</arg>
<doc>Waits until the element ``locator`` is visible.</doc>
<status status="PASS" start="2024-03-19T13:20:28.360161" elapsed="0.192484"/>
</kw>
<kw name="Click Element" owner="SeleniumLibrary">
<msg time="2024-03-19T13:20:28.552645" level="INFO">Clicking element '//*[@data-testid="AppTabBar_DirectMessage_Link"]'.</msg>
<arg>${BOTAO-MENSAGENS}</arg>
<doc>Click the element identified by ``locator``.</doc>
<status status="PASS" start="2024-03-19T13:20:28.552645" elapsed="0.209158"/>
</kw>
<status status="PASS" start="2024-03-19T13:20:28.360161" elapsed="0.401642"/>
</kw>
<kw name="E clica na conversa" owner="home_page">
<kw name="Wait Until Element Is Visible" owner="SeleniumLibrary">
<arg>${CONVERSA}</arg>
<doc>Waits until the element ``locator`` is visible.</doc>
<status status="PASS" start="2024-03-19T13:20:28.761803" elapsed="0.732068"/>
</kw>
<kw name="Click Element" owner="SeleniumLibrary">
<msg time="2024-03-19T13:20:29.493871" level="INFO">Clicking element '//*[@data-testid="conversation"]'.</msg>
<arg>${CONVERSA}</arg>
<doc>Click the element identified by ``locator``.</doc>
<status status="PASS" start="2024-03-19T13:20:29.493871" elapsed="0.194533"/>
</kw>
<status status="PASS" start="2024-03-19T13:20:28.761803" elapsed="0.926601"/>
</kw>
<kw name="E envia uma nova mensagem" owner="home_page">
<kw name="Wait Until Element Is Visible" owner="SeleniumLibrary">
<arg>${INPUT-NOVA-MENSAGEM}</arg>
<doc>Waits until the element ``locator`` is visible.</doc>
<status status="PASS" start="2024-03-19T13:20:29.690577" elapsed="0.294668"/>
</kw>
<kw name="Click Element" owner="SeleniumLibrary">
<msg time="2024-03-19T13:20:29.989044" level="INFO">Clicking element '//*[@data-testid="dmComposerTextInput_label"]'.</msg>
<arg>${INPUT-NOVA-MENSAGEM}</arg>
<doc>Click the element identified by ``locator``.</doc>
<status status="PASS" start="2024-03-19T13:20:29.988331" elapsed="0.148798"/>
</kw>
<kw name="Execute Javascript" owner="SeleniumLibrary">
<msg time="2024-03-19T13:20:30.137129" level="INFO">Executing JavaScript:
return new Date().toLocaleString()
Without any arguments.</msg>
<msg time="2024-03-19T13:20:30.183365" level="INFO">${DATA-HORA} = 19/03/2024, 13:20:30</msg>
<var>${DATA-HORA}</var>
<arg>return new Date().toLocaleString()</arg>
<doc>Executes the given JavaScript code with possible arguments.</doc>
<status status="PASS" start="2024-03-19T13:20:30.137129" elapsed="0.046236"/>
</kw>
<kw name="Set Global Variable" owner="BuiltIn">
<msg time="2024-03-19T13:20:30.183365" level="INFO">${MENSAGEM-TESTE} = Teste de nova mensagem. Data e hora:19/03/2024, 13:20:30</msg>
<arg>${MENSAGEM-TESTE}</arg>
<arg>Teste de nova mensagem. Data e hora:${DATA-HORA}</arg>
<doc>Makes a variable available globally in all tests and suites.</doc>
<status status="PASS" start="2024-03-19T13:20:30.183365" elapsed="0.000000"/>
</kw>
<kw name="Set Global Variable" owner="BuiltIn">
<msg time="2024-03-19T13:20:30.183365" level="INFO">${ULTIMA-MENSAGEM} = //div[@data-testid="tweetText"]//*[text()="Teste de nova mensagem. Data e hora:19/03/2024, 13:20:30"]</msg>
<arg>${ULTIMA-MENSAGEM}</arg>
<arg>//div[@data-testid="tweetText"]//*[text()="${MENSAGEM-TESTE}"]</arg>
<doc>Makes a variable available globally in all tests and suites.</doc>
<status status="PASS" start="2024-03-19T13:20:30.183365" elapsed="0.000000"/>
</kw>
<kw name="Press Keys" owner="SeleniumLibrary">
<msg time="2024-03-19T13:20:30.183365" level="INFO">Sending key(s) ('Teste de nova mensagem. Data e hora:19/03/2024, 13:20:30',) to page.</msg>
<msg time="2024-03-19T13:20:30.183365" level="INFO">Sending keys Teste de nova mensagem. Data e hora:19/03/2024, 13:20:30</msg>
<arg>None</arg>
<arg>${MENSAGEM-TESTE}</arg>
<doc>Simulates the user pressing key(s) to an element or on the active browser.</doc>
<status status="PASS" start="2024-03-19T13:20:30.183365" elapsed="0.558747"/>
</kw>
<kw name="Press Keys" owner="SeleniumLibrary">
<msg time="2024-03-19T13:20:30.742112" level="INFO">Sending key(s) ('ENTER',) to page.</msg>
<msg time="2024-03-19T13:20:30.742112" level="INFO">Pressing special key ENTER to browser.</msg>
<msg time="2024-03-19T13:20:30.742112" level="INFO">Releasing special key ENTER.</msg>
<arg>None</arg>
<arg>ENTER</arg>
<doc>Simulates the user pressing key(s) to an element or on the active browser.</doc>
<status status="PASS" start="2024-03-19T13:20:30.742112" elapsed="0.098106"/>
</kw>
<kw name="Sleep" owner="BuiltIn">
<msg time="2024-03-19T13:20:32.840772" level="INFO">Slept 2 seconds.</msg>
<arg>2s</arg>
<doc>Pauses the test executed for the given time.</doc>
<status status="PASS" start="2024-03-19T13:20:30.840218" elapsed="2.000554"/>
</kw>
<status status="PASS" start="2024-03-19T13:20:29.688404" elapsed="3.152368"/>
</kw>
<kw name="Então a mensagem enviada deve constar na conversa" owner="home_page">
<kw name="Wait Until Element Is Visible" owner="SeleniumLibrary">
<arg>${ULTIMA-MENSAGEM}</arg>
<doc>Waits until the element ``locator`` is visible.</doc>
<status status="PASS" start="2024-03-19T13:20:32.840772" elapsed="0.049214"/>
</kw>
<status status="PASS" start="2024-03-19T13:20:32.840772" elapsed="0.049214"/>
</kw>
<kw name="Fechar navegador" owner="setupteardown" type="TEARDOWN">
<kw name="Close Browser" owner="SeleniumLibrary">
<doc>Closes the current browser.</doc>
<status status="PASS" start="2024-03-19T13:20:32.892982" elapsed="2.506328"/>
</kw>
<status status="PASS" start="2024-03-19T13:20:32.892982" elapsed="2.506328"/>
</kw>
<tag>Mensagem</tag>
<status status="PASS" start="2024-03-19T13:20:19.194784" elapsed="16.204526"/>
</test>
<test id="s1-s2-s1-s1-t2" name="Verificar se o usuario consegue reagir a uma mensagem" line="180">
<kw name="Dado que eu acesse o site do twitter" owner="setupteardown" type="SETUP">
<kw name="Open Browser" owner="SeleniumLibrary">
<msg time="2024-03-19T13:20:35.399310" level="INFO">Opening browser 'chrome' to base url 'https://twitter.com/'.</msg>
<arg>url=${URL}</arg>
<arg>browser=chrome</arg>
<doc>Opens a new browser instance to the optional ``url``.</doc>
<status status="PASS" start="2024-03-19T13:20:35.399310" elapsed="3.478337"/>
</kw>
<kw name="Maximize Browser Window" owner="SeleniumLibrary">
<doc>Maximizes current browser window.</doc>
<status status="PASS" start="2024-03-19T13:20:38.880624" elapsed="0.243013"/>
</kw>
<status status="PASS" start="2024-03-19T13:20:35.399310" elapsed="3.725038"/>
</kw>
<kw name="Quando o usuario tentar entrar com as credenciais corretas" owner="login_page">
<kw name="Wait Until Element Is Visible" owner="SeleniumLibrary">
<arg>${BOTAO-ENTRAR}</arg>
<doc>Waits until the element ``locator`` is visible.</doc>
<status status="PASS" start="2024-03-19T13:20:39.126632" elapsed="0.347730"/>
</kw>
<kw name="Scroll Element Into View" owner="SeleniumLibrary">
<arg>${BOTAO-ENTRAR}</arg>
<doc>Scrolls the element identified by ``locator`` into view.</doc>
<status status="PASS" start="2024-03-19T13:20:39.488983" elapsed="0.301069"/>
</kw>
<kw name="Click Element" owner="SeleniumLibrary">
<msg time="2024-03-19T13:20:39.790052" level="INFO">Clicking element '//*[@href="/login"]'.</msg>
<arg>${BOTAO-ENTRAR}</arg>
<doc>Click the element identified by ``locator``.</doc>
<status status="PASS" start="2024-03-19T13:20:39.790052" elapsed="0.134020"/>
</kw>
<kw name="Wait Until Element Is Enabled" owner="SeleniumLibrary">
<arg>${INPUT-USER}</arg>
<doc>Waits until the element ``locator`` is enabled.</doc>
<status status="PASS" start="2024-03-19T13:20:39.924072" elapsed="1.431654"/>
</kw>
<kw name="Input Text" owner="SeleniumLibrary">
<msg time="2024-03-19T13:20:41.357447" level="INFO">Typing text 'usuariomatteste' into text field '//*[@autocomplete="username"]'.</msg>
<arg>${INPUT-USER}</arg>
<arg>${USUARIO-CORRETO}</arg>
<doc>Types the given ``text`` into the text field identified by ``locator``.</doc>
<status status="PASS" start="2024-03-19T13:20:41.356655" elapsed="0.256228"/>
</kw>
<kw name="Click Element" owner="SeleniumLibrary">
<msg time="2024-03-19T13:20:41.613790" level="INFO">Clicking element '//*[text()="Avançar"]'.</msg>
<arg>${BOTAO-AVANCAR}</arg>
<doc>Click the element identified by ``locator``.</doc>
<status status="PASS" start="2024-03-19T13:20:41.613790" elapsed="0.086136"/>
</kw>
<kw name="Wait Until Element Is Visible" owner="SeleniumLibrary">
<arg>${INPUT-SENHA}</arg>
<doc>Waits until the element ``locator`` is visible.</doc>
<status status="PASS" start="2024-03-19T13:20:41.699926" elapsed="0.453782"/>
</kw>
<kw name="Input Text" owner="SeleniumLibrary">
<msg time="2024-03-19T13:20:42.153708" level="INFO">Typing text 'teste@1234' into text field '//*[@autocomplete="current-password"]'.</msg>
<arg>${INPUT-SENHA}</arg>
<arg>${SENHA-CORRETA}</arg>
<doc>Types the given ``text`` into the text field identified by ``locator``.</doc>
<status status="PASS" start="2024-03-19T13:20:42.153708" elapsed="0.153013"/>
</kw>
<kw name="Click Element" owner="SeleniumLibrary">
<msg time="2024-03-19T13:20:42.306721" level="INFO">Clicking element '//*[@data-testid="LoginForm_Login_Button"]'.</msg>
<arg>${BOTAO-LOGIN}</arg>
<doc>Click the element identified by ``locator``.</doc>
<status status="PASS" start="2024-03-19T13:20:42.306721" elapsed="0.068884"/>
</kw>
<kw name="Wait Until Element Is Visible" owner="SeleniumLibrary">
<arg>${ELEMENTO-NOTIFICACOES}</arg>
<doc>Waits until the element ``locator`` is visible.</doc>
<status status="PASS" start="2024-03-19T13:20:42.375605" elapsed="2.973427"/>
</kw>
<status status="PASS" start="2024-03-19T13:20:39.125552" elapsed="6.223480"/>
</kw>
<kw name="E clica no icone de mensagens" owner="home_page">
<kw name="Wait Until Element Is Visible" owner="SeleniumLibrary">
<arg>${BOTAO-MENSAGENS}</arg>
<doc>Waits until the element ``locator`` is visible.</doc>
<status status="PASS" start="2024-03-19T13:20:45.353579" elapsed="0.059166"/>
</kw>
<kw name="Click Element" owner="SeleniumLibrary">
<msg time="2024-03-19T13:20:45.418183" level="INFO">Clicking element '//*[@data-testid="AppTabBar_DirectMessage_Link"]'.</msg>
<arg>${BOTAO-MENSAGENS}</arg>
<doc>Click the element identified by ``locator``.</doc>
<status status="PASS" start="2024-03-19T13:20:45.418183" elapsed="0.130825"/>
</kw>
<status status="PASS" start="2024-03-19T13:20:45.353579" elapsed="0.195429"/>
</kw>
<kw name="E clica na conversa" owner="home_page">
<kw name="Wait Until Element Is Visible" owner="SeleniumLibrary">
<arg>${CONVERSA}</arg>
<doc>Waits until the element ``locator`` is visible.</doc>
<status status="PASS" start="2024-03-19T13:20:45.550719" elapsed="0.908907"/>
</kw>
<kw name="Click Element" owner="SeleniumLibrary">
<msg time="2024-03-19T13:20:46.459626" level="INFO">Clicking element '//*[@data-testid="conversation"]'.</msg>
<arg>${CONVERSA}</arg>
<doc>Click the element identified by ``locator``.</doc>
<status status="PASS" start="2024-03-19T13:20:46.459626" elapsed="0.101768"/>
</kw>
<status status="PASS" start="2024-03-19T13:20:45.549008" elapsed="1.012386"/>
</kw>
<kw name="E envia uma nova mensagem" owner="home_page">
<kw name="Wait Until Element Is Visible" owner="SeleniumLibrary">
<arg>${INPUT-NOVA-MENSAGEM}</arg>
<doc>Waits until the element ``locator`` is visible.</doc>
<status status="PASS" start="2024-03-19T13:20:46.561394" elapsed="0.313665"/>
</kw>
<kw name="Click Element" owner="SeleniumLibrary">
<msg time="2024-03-19T13:20:46.876741" level="INFO">Clicking element '//*[@data-testid="dmComposerTextInput_label"]'.</msg>
<arg>${INPUT-NOVA-MENSAGEM}</arg>
<doc>Click the element identified by ``locator``.</doc>
<status status="PASS" start="2024-03-19T13:20:46.875059" elapsed="0.086533"/>
</kw>
<kw name="Execute Javascript" owner="SeleniumLibrary">
<msg time="2024-03-19T13:20:46.961592" level="INFO">Executing JavaScript:
return new Date().toLocaleString()
Without any arguments.</msg>
<msg time="2024-03-19T13:20:46.978908" level="INFO">${DATA-HORA} = 19/03/2024, 13:20:46</msg>
<var>${DATA-HORA}</var>
<arg>return new Date().toLocaleString()</arg>
<doc>Executes the given JavaScript code with possible arguments.</doc>
<status status="PASS" start="2024-03-19T13:20:46.961592" elapsed="0.017316"/>
</kw>
<kw name="Set Global Variable" owner="BuiltIn">
<msg time="2024-03-19T13:20:46.979613" level="INFO">${MENSAGEM-TESTE} = Teste de nova mensagem. Data e hora:19/03/2024, 13:20:46</msg>
<arg>${MENSAGEM-TESTE}</arg>
<arg>Teste de nova mensagem. Data e hora:${DATA-HORA}</arg>
<doc>Makes a variable available globally in all tests and suites.</doc>
<status status="PASS" start="2024-03-19T13:20:46.979613" elapsed="0.000000"/>
</kw>
<kw name="Set Global Variable" owner="BuiltIn">
<msg time="2024-03-19T13:20:46.979613" level="INFO">${ULTIMA-MENSAGEM} = //div[@data-testid="tweetText"]//*[text()="Teste de nova mensagem. Data e hora:19/03/2024, 13:20:46"]</msg>
<arg>${ULTIMA-MENSAGEM}</arg>
<arg>//div[@data-testid="tweetText"]//*[text()="${MENSAGEM-TESTE}"]</arg>
<doc>Makes a variable available globally in all tests and suites.</doc>
<status status="PASS" start="2024-03-19T13:20:46.979613" elapsed="0.000000"/>
</kw>
<kw name="Press Keys" owner="SeleniumLibrary">
<msg time="2024-03-19T13:20:46.981603" level="INFO">Sending key(s) ('Teste de nova mensagem. Data e hora:19/03/2024, 13:20:46',) to page.</msg>
<msg time="2024-03-19T13:20:46.981603" level="INFO">Sending keys Teste de nova mensagem. Data e hora:19/03/2024, 13:20:46</msg>
<arg>None</arg>
<arg>${MENSAGEM-TESTE}</arg>
<doc>Simulates the user pressing key(s) to an element or on the active browser.</doc>
<status status="PASS" start="2024-03-19T13:20:46.979613" elapsed="0.718793"/>
</kw>
<kw name="Press Keys" owner="SeleniumLibrary">
[...]
</kw>
<kw name="Scroll Element Into View" owner="SeleniumLibrary">
<arg>${BOTAO-ENTRAR}</arg>
<doc>Scrolls the element identified by ``locator`` into view.</doc>
<status status="PASS" start="2024-03-19T13:21:34.844923" elapsed="0.294285"/>
</kw>
<kw name="Click Element" owner="SeleniumLibrary">
<msg time="2024-03-19T13:21:35.139697" level="INFO">Clicking element '//*[@href="/login"]'.</msg>
<arg>${BOTAO-ENTRAR}</arg>
<doc>Click the element identified by ``locator``.</doc>
<status status="PASS" start="2024-03-19T13:21:35.139697" elapsed="0.123336"/>
</kw>
<kw name="Wait Until Element Is Enabled" owner="SeleniumLibrary">
<arg>${INPUT-USER}</arg>
<doc>Waits until the element ``locator`` is enabled.</doc>
<status status="PASS" start="2024-03-19T13:21:35.263260" elapsed="1.200694"/>
</kw>
<kw name="Input Text" owner="SeleniumLibrary">
<msg time="2024-03-19T13:21:36.463954" level="INFO">Typing text 'usuariomatteste' into text field '//*[@autocomplete="username"]'.</msg>
<arg>${INPUT-USER}</arg>
<arg>${USUARIO-CORRETO}</arg>
<doc>Types the given ``text`` into the text field identified by ``locator``.</doc>
<status status="PASS" start="2024-03-19T13:21:36.463954" elapsed="0.245202"/>
</kw>
<kw name="Click Element" owner="SeleniumLibrary">
<msg time="2024-03-19T13:21:36.709156" level="INFO">Clicking element '//*[text()="Avançar"]'.</msg>
<arg>${BOTAO-AVANCAR}</arg>
<doc>Click the element identified by ``locator``.</doc>
<status status="PASS" start="2024-03-19T13:21:36.709156" elapsed="0.073780"/>
</kw>
<kw name="Wait Until Element Is Visible" owner="SeleniumLibrary">
<arg>${INPUT-SENHA}</arg>
<doc>Waits until the element ``locator`` is visible.</doc>
<status status="PASS" start="2024-03-19T13:21:36.788997" elapsed="0.477955"/>
</kw>
<kw name="Input Text" owner="SeleniumLibrary">
<msg time="2024-03-19T13:21:37.267770" level="INFO">Typing text 'teste@1234' into text field '//*[@autocomplete="current-password"]'.</msg>
<arg>${INPUT-SENHA}</arg>
<arg>${SENHA-CORRETA}</arg>
<doc>Types the given ``text`` into the text field identified by ``locator``.</doc>
<status status="PASS" start="2024-03-19T13:21:37.267770" elapsed="0.163808"/>
</kw>
<kw name="Click Element" owner="SeleniumLibrary">
<msg time="2024-03-19T13:21:37.431578" level="INFO">Clicking element '//*[@data-testid="LoginForm_Login_Button"]'.</msg>
<arg>${BOTAO-LOGIN}</arg>
<doc>Click the element identified by ``locator``.</doc>
<status status="PASS" start="2024-03-19T13:21:37.431578" elapsed="0.076055"/>
</kw>
<kw name="Wait Until Element Is Visible" owner="SeleniumLibrary">
<arg>${ELEMENTO-NOTIFICACOES}</arg>
<doc>Waits until the element ``locator`` is visible.</doc>
<status status="PASS" start="2024-03-19T13:21:37.507633" elapsed="2.918280"/>
</kw>
<status status="PASS" start="2024-03-19T13:21:34.394716" elapsed="6.031197"/>
</kw>
<kw name="E clica no icone de mensagens" owner="home_page">
<kw name="Wait Until Element Is Visible" owner="SeleniumLibrary">
<arg>${BOTAO-MENSAGENS}</arg>
<doc>Waits until the element ``locator`` is visible.</doc>
<status status="PASS" start="2024-03-19T13:21:40.425913" elapsed="0.038882"/>
</kw>
<kw name="Click Element" owner="SeleniumLibrary">
<msg time="2024-03-19T13:21:40.464795" level="INFO">Clicking element '//*[@data-testid="AppTabBar_DirectMessage_Link"]'.</msg>
<arg>${BOTAO-MENSAGENS}</arg>
<doc>Click the element identified by ``locator``.</doc>
<status status="PASS" start="2024-03-19T13:21:40.464795" elapsed="0.125821"/>
</kw>
<status status="PASS" start="2024-03-19T13:21:40.425913" elapsed="0.164703"/>
</kw>
<kw name="E clica em mais opções da conversa" owner="home_page">
<kw name="Wait Until Element Is Visible" owner="SeleniumLibrary">
<arg>${CONVERSA}</arg>
<doc>Waits until the element ``locator`` is visible.</doc>
<status status="PASS" start="2024-03-19T13:21:40.590616" elapsed="0.748638"/>
</kw>
<kw name="Mouse Over" owner="SeleniumLibrary">
<msg time="2024-03-19T13:21:41.339254" level="INFO">Simulating Mouse Over on element '//*[@data-testid="conversation"]'.</msg>
<arg>${CONVERSA}</arg>
<doc>Simulates hovering the mouse over the element ``locator``.</doc>
<status status="PASS" start="2024-03-19T13:21:41.339254" elapsed="0.300722"/>
</kw>
<kw name="Sleep" owner="BuiltIn">
<msg time="2024-03-19T13:21:43.640206" level="INFO">Slept 2 seconds.</msg>
<arg>2s</arg>
<doc>Pauses the test executed for the given time.</doc>
<status status="PASS" start="2024-03-19T13:21:41.639976" elapsed="2.000230"/>
</kw>
<kw name="Click Element" owner="SeleniumLibrary">
<msg time="2024-03-19T13:21:43.640723" level="INFO">Clicking element '//*[@data-testid="conversation"]//*[@aria-label="More"]'.</msg>
<arg>${BOTAO-MAIS-CONVERSA}</arg>
<doc>Click the element identified by ``locator``.</doc>
<status status="PASS" start="2024-03-19T13:21:43.640723" elapsed="0.135264"/>
</kw>
<status status="PASS" start="2024-03-19T13:21:40.590616" elapsed="3.188403"/>
</kw>
<kw name="E clica em silenciar a conversa" owner="home_page">
<kw name="Wait Until Element Is Visible" owner="SeleniumLibrary">
<arg>${BOTAO-SILENCIAR-CONVERSA}</arg>
<doc>Waits until the element ``locator`` is visible.</doc>
<status status="PASS" start="2024-03-19T13:21:43.779019" elapsed="0.276298"/>
</kw>
<kw name="Click Element" owner="SeleniumLibrary">
<msg time="2024-03-19T13:21:44.055831" level="INFO">Clicking element '//*[text()="Snooze conversation"]'.</msg>
<arg>${BOTAO-SILENCIAR-CONVERSA}</arg>
<doc>Click the element identified by ``locator``.</doc>
<status status="PASS" start="2024-03-19T13:21:44.055831" elapsed="0.077222"/>
</kw>
<status status="PASS" start="2024-03-19T13:21:43.779019" elapsed="0.354034"/>
</kw>
<kw name="E clica em mais opções da conversa" owner="home_page">
<kw name="Wait Until Element Is Visible" owner="SeleniumLibrary">
<arg>${CONVERSA}</arg>
<doc>Waits until the element ``locator`` is visible.</doc>
<status status="PASS" start="2024-03-19T13:21:44.133053" elapsed="0.031258"/>
</kw>
<kw name="Mouse Over" owner="SeleniumLibrary">
<msg time="2024-03-19T13:21:44.164311" level="INFO">Simulating Mouse Over on element '//*[@data-testid="conversation"]'.</msg>
<arg>${CONVERSA}</arg>
<doc>Simulates hovering the mouse over the element ``locator``.</doc>
<status status="PASS" start="2024-03-19T13:21:44.164311" elapsed="0.295107"/>
</kw>
<kw name="Sleep" owner="BuiltIn">
<msg time="2024-03-19T13:21:46.460160" level="INFO">Slept 2 seconds.</msg>
<arg>2s</arg>
<doc>Pauses the test executed for the given time.</doc>
<status status="PASS" start="2024-03-19T13:21:44.459418" elapsed="2.000742"/>
</kw>
<kw name="Click Element" owner="SeleniumLibrary">
<msg time="2024-03-19T13:21:46.460160" level="INFO">Clicking element '//*[@data-testid="conversation"]//*[@aria-label="More"]'.</msg>
<arg>${BOTAO-MAIS-CONVERSA}</arg>
<doc>Click the element identified by ``locator``.</doc>
<status status="PASS" start="2024-03-19T13:21:46.460160" elapsed="0.087764"/>
</kw>
<status status="PASS" start="2024-03-19T13:21:44.133053" elapsed="2.414871"/>
</kw>
<kw name="Então a conversa deve estar silenciada" owner="home_page">
<kw name="Wait Until Element Is Visible" owner="SeleniumLibrary">
<arg>${BOTAO-TIRAR-SILENCIADA}</arg>
<doc>Waits until the element ``locator`` is visible.</doc>
<status status="PASS" start="2024-03-19T13:21:46.547924" elapsed="0.045488"/>
</kw>
<kw name="Element Should Be Visible" owner="SeleniumLibrary">
<msg time="2024-03-19T13:21:46.628653" level="INFO">Element '//*[text()="Take conversation off snooze"]' is displayed.</msg>
<arg>${BOTAO-TIRAR-SILENCIADA}</arg>
<doc>Verifies that the element identified by ``locator`` is visible.</doc>
<status status="PASS" start="2024-03-19T13:21:46.594013" elapsed="0.034640"/>
</kw>
<kw name="Click Element" owner="SeleniumLibrary">
<msg time="2024-03-19T13:21:46.628653" level="INFO">Clicking element '//*[text()="Take conversation off snooze"]'.</msg>
<arg>${BOTAO-TIRAR-SILENCIADA}</arg>
<doc>Click the element identified by ``locator``.</doc>
<status status="PASS" start="2024-03-19T13:21:46.628653" elapsed="0.080810"/>
</kw>
<status status="PASS" start="2024-03-19T13:21:46.547924" elapsed="0.161539"/>
</kw>
<kw name="Fechar navegador" owner="setupteardown" type="TEARDOWN">
<kw name="Close Browser" owner="SeleniumLibrary">
<doc>Closes the current browser.</doc>
<status status="PASS" start="2024-03-19T13:21:46.720976" elapsed="2.644506"/>
</kw>
<status status="PASS" start="2024-03-19T13:21:46.709463" elapsed="2.656019"/>
</kw>
<tag>Mensagem</tag>
<status status="PASS" start="2024-03-19T13:21:30.790897" elapsed="18.574585"/>
</test>
<test id="s1-s2-s1-s1-t6" name="Verificar se o usuario consegue receber novas mensagens" line="214">
<kw name="Dado que eu acesse o site do twitter" owner="setupteardown" type="SETUP">
<kw name="Open Browser" owner="SeleniumLibrary">
<msg time="2024-03-19T13:21:49.365482" level="INFO">Opening browser 'chrome' to base url 'https://twitter.com/'.</msg>
<arg>url=${URL}</arg>
<arg>browser=chrome</arg>
<doc>Opens a new browser instance to the optional ``url``.</doc>
<status status="PASS" start="2024-03-19T13:21:49.365482" elapsed="4.143479"/>
</kw>
<kw name="Maximize Browser Window" owner="SeleniumLibrary">
<doc>Maximizes current browser window.</doc>
<status status="PASS" start="2024-03-19T13:21:53.508961" elapsed="0.120092"/>
</kw>
<status status="PASS" start="2024-03-19T13:21:49.365482" elapsed="4.263571"/>
</kw>
<kw name="Quando o usuario tentar entrar com as credenciais corretas" owner="login_page">
<kw name="Wait Until Element Is Visible" owner="SeleniumLibrary">
<arg>${BOTAO-ENTRAR}</arg>
<doc>Waits until the element ``locator`` is visible.</doc>
<status status="PASS" start="2024-03-19T13:21:53.629053" elapsed="0.037514"/>
</kw>
<kw name="Scroll Element Into View" owner="SeleniumLibrary">
<arg>${BOTAO-ENTRAR}</arg>
<doc>Scrolls the element identified by ``locator`` into view.</doc>
<status status="PASS" start="2024-03-19T13:21:53.666567" elapsed="0.299446"/>
</kw>
<kw name="Click Element" owner="SeleniumLibrary">
<msg time="2024-03-19T13:21:53.966013" level="INFO">Clicking element '//*[@href="/login"]'.</msg>
<arg>${BOTAO-ENTRAR}</arg>
<doc>Click the element identified by ``locator``.</doc>
<status status="PASS" start="2024-03-19T13:21:53.966013" elapsed="0.113810"/>
</kw>
<kw name="Wait Until Element Is Enabled" owner="SeleniumLibrary">
<arg>${INPUT-USER}</arg>
<doc>Waits until the element ``locator`` is enabled.</doc>
<status status="PASS" start="2024-03-19T13:21:54.079823" elapsed="1.809465"/>
</kw>
<kw name="Input Text" owner="SeleniumLibrary">
<msg time="2024-03-19T13:21:55.889288" level="INFO">Typing text 'usuariomatteste' into text field '//*[@autocomplete="username"]'.</msg>
<arg>${INPUT-USER}</arg>
<arg>${USUARIO-CORRETO}</arg>
<doc>Types the given ``text`` into the text field identified by ``locator``.</doc>
<status status="PASS" start="2024-03-19T13:21:55.889288" elapsed="0.237734"/>
</kw>
<kw name="Click Element" owner="SeleniumLibrary">
<msg time="2024-03-19T13:21:56.127022" level="INFO">Clicking element '//*[text()="Avançar"]'.</msg>
<arg>${BOTAO-AVANCAR}</arg>
<doc>Click the element identified by ``locator``.</doc>
<status status="PASS" start="2024-03-19T13:21:56.127022" elapsed="0.095741"/>
</kw>
<kw name="Wait Until Element Is Visible" owner="SeleniumLibrary">
<arg>${INPUT-SENHA}</arg>
<doc>Waits until the element ``locator`` is visible.</doc>
<status status="PASS" start="2024-03-19T13:21:56.222763" elapsed="0.469100"/>
</kw>
<kw name="Input Text" owner="SeleniumLibrary">
<msg time="2024-03-19T13:21:56.691863" level="INFO">Typing text 'teste@1234' into text field '//*[@autocomplete="current-password"]'.</msg>
<arg>${INPUT-SENHA}</arg>
<arg>${SENHA-CORRETA}</arg>
<doc>Types the given ``text`` into the text field identified by ``locator``.</doc>
<status status="PASS" start="2024-03-19T13:21:56.691863" elapsed="0.148672"/>
</kw>
<kw name="Click Element" owner="SeleniumLibrary">
<msg time="2024-03-19T13:21:56.840535" level="INFO">Clicking element '//*[@data-testid="LoginForm_Login_Button"]'.</msg>
<arg>${BOTAO-LOGIN}</arg>
<doc>Click the element identified by ``locator``.</doc>
<status status="PASS" start="2024-03-19T13:21:56.840535" elapsed="0.075734"/>
</kw>
<kw name="Wait Until Element Is Visible" owner="SeleniumLibrary">
<arg>${ELEMENTO-NOTIFICACOES}</arg>
<doc>Waits until the element ``locator`` is visible.</doc>
<status status="PASS" start="2024-03-19T13:21:56.916269" elapsed="2.824260"/>
</kw>
<status status="PASS" start="2024-03-19T13:21:53.629053" elapsed="6.111476"/>
</kw>
<kw name="E clica no icone de mensagens" owner="home_page">
<kw name="Wait Until Element Is Visible" owner="SeleniumLibrary">
<arg>${BOTAO-MENSAGENS}</arg>
<doc>Waits until the element ``locator`` is visible.</doc>
<status status="PASS" start="2024-03-19T13:21:59.740529" elapsed="0.061273"/>
</kw>
<kw name="Click Element" owner="SeleniumLibrary">
<msg time="2024-03-19T13:21:59.801802" level="INFO">Clicking element '//*[@data-testid="AppTabBar_DirectMessage_Link"]'.</msg>
<arg>${BOTAO-MENSAGENS}</arg>
<doc>Click the element identified by ``locator``.</doc>
<status status="PASS" start="2024-03-19T13:21:59.801802" elapsed="0.102147"/>
</kw>
<status status="PASS" start="2024-03-19T13:21:59.740529" elapsed="0.163420"/>
</kw>
<kw name="E clica na conversa" owner="home_page">
<kw name="Wait Until Element Is Visible" owner="SeleniumLibrary">
<arg>${CONVERSA}</arg>
<doc>Waits until the element ``locator`` is visible.</doc>
<status status="PASS" start="2024-03-19T13:21:59.905036" elapsed="0.768384"/>
</kw>
<kw name="Click Element" owner="SeleniumLibrary">
<msg time="2024-03-19T13:22:00.674539" level="INFO">Clicking element '//*[@data-testid="conversation"]'.</msg>
<arg>${CONVERSA}</arg>
<doc>Click the element identified by ``locator``.</doc>
<status status="PASS" start="2024-03-19T13:22:00.673420" elapsed="0.128088"/>
</kw>
<status status="PASS" start="2024-03-19T13:21:59.905036" elapsed="0.896472"/>
</kw>
<kw name="E adicione uma foto a ser mandada" owner="home_page">
<kw name="Sleep" owner="BuiltIn">
<msg time="2024-03-19T13:22:01.801715" level="INFO">Slept 1 second.</msg>
<arg>1s</arg>
<doc>Pauses the test executed for the given time.</doc>
<status status="PASS" start="2024-03-19T13:22:00.801508" elapsed="1.000207"/>
</kw>
<kw name="Choose File" owner="SeleniumLibrary">
<msg time="2024-03-19T13:22:01.801715" level="INFO">Sending C:\Users\v8\Desktop\projeto-teste-twitter\teste-case-tt\resources\Imagens\2150829065.jpg to browser.</msg>
<arg>${BOTAO-MIDIA}</arg>
<arg>C:\\Users\\v8\\Desktop\\projeto-teste-twitter\\teste-case-tt\\resources\\Imagens\\2150829065.jpg</arg>
<doc>Inputs the ``file_path`` into the file input field ``locator``.</doc>
<status status="PASS" start="2024-03-19T13:22:01.801715" elapsed="0.058001"/>
</kw>
<kw name="Click Element" owner="SeleniumLibrary">
<msg time="2024-03-19T13:22:01.859716" level="INFO">Clicking element '//*[@data-testid="dmComposerTextInput_label"]'.</msg>
<arg>${INPUT-NOVA-MENSAGEM}</arg>
<doc>Click the element identified by ``locator``.</doc>
<status status="PASS" start="2024-03-19T13:22:01.859716" elapsed="0.123019"/>
</kw>
<kw name="Execute Javascript" owner="SeleniumLibrary">
<msg time="2024-03-19T13:22:01.982735" level="INFO">Executing JavaScript:
return new Date().toLocaleString()
Without any arguments.</msg>
<msg time="2024-03-19T13:22:01.996332" level="INFO">${DATA-HORA} = 19/03/2024, 13:22:01</msg>
<var>${DATA-HORA}</var>
<arg>return new Date().toLocaleString()</arg>
<doc>Executes the given JavaScript code with possible arguments.</doc>
<status status="PASS" start="2024-03-19T13:22:01.982735" elapsed="0.013597"/>
</kw>
<kw name="Set Global Variable" owner="BuiltIn">
<msg time="2024-03-19T13:22:01.996332" level="INFO">${MENSAGEM-TESTE} = Teste de nova mensagem. Data e hora:19/03/2024, 13:22:01</msg>
<arg>${MENSAGEM-TESTE}</arg>
<arg>Teste de nova mensagem. Data e hora:${DATA-HORA}</arg>
<doc>Makes a variable available globally in all tests and suites.</doc>
<status status="PASS" start="2024-03-19T13:22:01.996332" elapsed="0.000000"/>
</kw>
<kw name="Set Global Variable" owner="BuiltIn">
<msg time="2024-03-19T13:22:01.996332" level="INFO">${ULTIMA-MENSAGEM} = //div[@data-testid="tweetText"]//*[text()="Teste de nova mensagem. Data e hora:19/03/2024, 13:22:01"]</msg>
<arg>${ULTIMA-MENSAGEM}</arg>
<arg>//div[@data-testid="tweetText"]//*[text()="${MENSAGEM-TESTE}"]</arg>
<doc>Makes a variable available globally in all tests and suites.</doc>
<status status="PASS" start="2024-03-19T13:22:01.996332" elapsed="0.000000"/>
</kw>
<kw name="Press Keys" owner="SeleniumLibrary">
<msg time="2024-03-19T13:22:01.996332" level="INFO">Sending key(s) ('Teste de nova mensagem. Data e hora:19/03/2024, 13:22:01',) to page.</msg>
<msg time="2024-03-19T13:22:01.996332" level="INFO">Sending keys Teste de nova mensagem. Data e hora:19/03/2024, 13:22:01</msg>
<arg>None</arg>
<arg>${MENSAGEM-TESTE}</arg>
<doc>Simulates the user pressing key(s) to an element or on the active browser.</doc>
<status status="PASS" start="2024-03-19T13:22:01.996332" elapsed="0.677347"/>
</kw>
<kw name="Press Keys" owner="SeleniumLibrary">
<msg time="2024-03-19T13:22:02.673679" level="INFO">Sending key(s) ('ENTER',) to page.</msg>
<msg time="2024-03-19T13:22:02.673679" level="INFO">Pressing special key ENTER to browser.</msg>
<msg time="2024-03-19T13:22:02.673679" level="INFO">Releasing special key ENTER.</msg>
<arg>None</arg>
<arg>ENTER</arg>
<doc>Simulates the user pressing key(s) to an element or on the active browser.</doc>
<status status="PASS" start="2024-03-19T13:22:02.673679" elapsed="0.069827"/>
</kw>
<kw name="Sleep" owner="BuiltIn">
<msg time="2024-03-19T13:22:04.743767" level="INFO">Slept 2 seconds.</msg>
<arg>2s</arg>
<doc>Pauses the test executed for the given time.</doc>
<status status="PASS" start="2024-03-19T13:22:02.743506" elapsed="2.000261"/>
</kw>
<status status="PASS" start="2024-03-19T13:22:00.801508" elapsed="3.942259"/>
</kw>
<kw name="Então a mensagem enviada deve constar na conversa" owner="home_page">
<kw name="Wait Until Element Is Visible" owner="SeleniumLibrary">
<arg>${ULTIMA-MENSAGEM}</arg>
<doc>Waits until the element ``locator`` is visible.</doc>
<status status="PASS" start="2024-03-19T13:22:04.743767" elapsed="0.076462"/>
</kw>
<status status="PASS" start="2024-03-19T13:22:04.743767" elapsed="0.076462"/>
</kw>
<kw name="Fechar navegador" owner="setupteardown" type="TEARDOWN">
<kw name="Close Browser" owner="SeleniumLibrary">
<doc>Closes the current browser.</doc>
<status status="PASS" start="2024-03-19T13:22:04.822940" elapsed="3.598813"/>
</kw>
<status status="PASS" start="2024-03-19T13:22:04.822940" elapsed="3.598813"/>
</kw>
<tag>Mensagem</tag>
<status status="PASS" start="2024-03-19T13:21:49.365482" elapsed="19.056271"/>
</test>
<status status="PASS" start="2024-03-19T13:20:19.146276" elapsed="109.280138"/>
</suite>
<status status="PASS" start="2024-03-19T13:20:19.131538" elapsed="109.294876"/>
</suite>
<status status="PASS" start="2024-03-19T13:20:19.131538" elapsed="109.302848"/>
</suite>
<status status="PASS" start="2024-03-19T13:18:29.074727" elapsed="219.362747"/>
</suite>
<statistics>
<total>
<stat pass="12" fail="0" skip="0">All Tests</stat>
</total>
<tag>
<stat pass="12" fail="0" skip="0">Mensagem</stat>
</tag>
<suite>
<stat pass="12" fail="0" skip="0" id="s1" name="Home-Page &amp; Teste-Case-Tt">Home-Page &amp; Teste-Case-Tt</stat>
<stat pass="6" fail="0" skip="0" id="s1-s1" name="Home-Page">Home-Page &amp; Teste-Case-Tt.Home-Page</stat>
<stat pass="6" fail="0" skip="0" id="s1-s2" name="Teste-Case-Tt">Home-Page &amp; Teste-Case-Tt.Teste-Case-Tt</stat>
<stat pass="6" fail="0" skip="0" id="s1-s2-s1" name="Testes">Home-Page &amp; Teste-Case-Tt.Teste-Case-Tt.Testes</stat>
<stat pass="6" fail="0" skip="0" id="s1-s2-s1-s1" name="Home-Page">Home-Page &amp; Teste-Case-Tt.Teste-Case-Tt.Testes.Home-Page</stat>
</suite>
</statistics>
<errors>
</errors>
</robot>
